2022-04-16 11:22:02,509 WARN [restartedMain] o.s.b.w.s.c.AnnotationConfigServletWebServerApplicationContext [AbstractApplicationContext.java:591] Exception encountered during context initialization - cancelling refresh attempt: org.springframework.beans.factory.UnsatisfiedDependencyException: Error creating bean with name 'webMvcConfig': Unsatisfied dependency expressed through field 'loginTicketInterceptor'; nested exception is org.springframework.beans.factory.BeanCreationException: Error creating bean with name 'loginTicketInterceptor': Injection of resource dependencies failed; nested exception is org.springframework.beans.factory.NoSuchBeanDefinitionException: No qualifying bean of type 'com.zhouyin.comunity.util.HostHolder' available: expected at least 1 bean which qualifies as autowire candidate. Dependency annotations: {@javax.annotation.Resource(shareable=true, lookup="", name="", description="", authenticationType=CONTAINER, type=java.lang.Object.class, mappedName="")}
2022-04-16 11:33:54,165 WARN [http-nio-8080-exec-10] o.a.c.u.SessionIdGeneratorBase [DirectJDKLog.java:173] Creation of SecureRandom instance for session ID generation using [SHA1PRNG] took [188] milliseconds.
2022-04-16 11:55:56,506 WARN [http-nio-8080-exec-1] o.a.c.u.SessionIdGeneratorBase [DirectJDKLog.java:173] Creation of SecureRandom instance for session ID generation using [SHA1PRNG] took [180] milliseconds.
2022-04-16 15:55:00,304 WARN [HikariPool-1 housekeeper] c.z.h.p.HikariPool [HikariPool.java:788] HikariPool-1 - Thread starvation or clock leap detected (housekeeper delta=1m20s646ms147µs100ns).
2022-04-16 15:58:34,336 WARN [HikariPool-1 housekeeper] c.z.h.p.HikariPool [HikariPool.java:788] HikariPool-1 - Thread starvation or clock leap detected (housekeeper delta=3m38s75ms215µs700ns).
2022-04-16 16:12:03,093 WARN [http-nio-8080-exec-10] o.s.w.s.m.s.DefaultHandlerExceptionResolver [AbstractHandlerExceptionResolver.java:208] Resolved [org.springframework.web.bind.MissingPathVariableException: Required URI template variable 'filename' for method parameter type String is not present]
2022-04-16 16:12:57,899 WARN [http-nio-8080-exec-1] o.s.w.s.m.s.DefaultHandlerExceptionResolver [AbstractHandlerExceptionResolver.java:208] Resolved [org.springframework.web.bind.MissingPathVariableException: Required URI template variable 'filename' for method parameter type String is not present]
2022-04-16 16:16:11,624 WARN [http-nio-8080-exec-4] o.s.w.s.m.s.DefaultHandlerExceptionResolver [AbstractHandlerExceptionResolver.java:208] Resolved [org.springframework.web.bind.MissingPathVariableException: Required URI template variable 'filename' for method parameter type String is not present]
2022-04-16 16:17:56,318 WARN [http-nio-8080-exec-7] o.s.w.s.m.s.DefaultHandlerExceptionResolver [AbstractHandlerExceptionResolver.java:208] Resolved [org.springframework.web.bind.MissingPathVariableException: Required URI template variable 'filename' for method parameter type String is not present]
2022-04-16 16:24:44,361 WARN [http-nio-8080-exec-2] o.s.w.s.m.s.DefaultHandlerExceptionResolver [AbstractHandlerExceptionResolver.java:208] Resolved [org.springframework.web.bind.MissingPathVariableException: Required URI template variable 'filename' for method parameter type String is not present]
2022-04-16 16:26:36,752 WARN [http-nio-8080-exec-7] o.s.w.s.m.s.DefaultHandlerExceptionResolver [AbstractHandlerExceptionResolver.java:208] Resolved [org.springframework.web.bind.MissingPathVariableException: Required URI template variable 'filename' for method parameter type String is not present]
2022-04-16 16:32:03,705 WARN [http-nio-8080-exec-10] o.s.w.s.m.s.DefaultHandlerExceptionResolver [AbstractHandlerExceptionResolver.java:208] Resolved [org.springframework.web.bind.MissingPathVariableException: Required URI template variable 'filename' for method parameter type String is not present]
2022-04-16 16:32:05,105 WARN [http-nio-8080-exec-1] o.s.w.s.m.s.DefaultHandlerExceptionResolver [AbstractHandlerExceptionResolver.java:208] Resolved [org.springframework.web.bind.MissingPathVariableException: Required URI template variable 'filename' for method parameter type String is not present]
2022-04-16 16:32:05,862 WARN [http-nio-8080-exec-6] o.s.w.s.m.s.DefaultHandlerExceptionResolver [AbstractHandlerExceptionResolver.java:208] Resolved [org.springframework.web.bind.MissingPathVariableException: Required URI template variable 'filename' for method parameter type String is not present]
2022-04-16 16:32:06,047 WARN [http-nio-8080-exec-8] o.s.w.s.m.s.DefaultHandlerExceptionResolver [AbstractHandlerExceptionResolver.java:208] Resolved [org.springframework.web.bind.MissingPathVariableException: Required URI template variable 'filename' for method parameter type String is not present]
2022-04-16 16:32:06,215 WARN [http-nio-8080-exec-2] o.s.w.s.m.s.DefaultHandlerExceptionResolver [AbstractHandlerExceptionResolver.java:208] Resolved [org.springframework.web.bind.MissingPathVariableException: Required URI template variable 'filename' for method parameter type String is not present]
2022-04-16 16:32:06,375 WARN [http-nio-8080-exec-5] o.s.w.s.m.s.DefaultHandlerExceptionResolver [AbstractHandlerExceptionResolver.java:208] Resolved [org.springframework.web.bind.MissingPathVariableException: Required URI template variable 'filename' for method parameter type String is not present]
2022-04-16 16:32:06,505 WARN [http-nio-8080-exec-3] o.s.w.s.m.s.DefaultHandlerExceptionResolver [AbstractHandlerExceptionResolver.java:208] Resolved [org.springframework.web.bind.MissingPathVariableException: Required URI template variable 'filename' for method parameter type String is not present]
2022-04-16 16:32:06,786 WARN [http-nio-8080-exec-7] o.s.w.s.m.s.DefaultHandlerExceptionResolver [AbstractHandlerExceptionResolver.java:208] Resolved [org.springframework.web.bind.MissingPathVariableException: Required URI template variable 'filename' for method parameter type String is not present]
2022-04-16 16:32:06,951 WARN [http-nio-8080-exec-4] o.s.w.s.m.s.DefaultHandlerExceptionResolver [AbstractHandlerExceptionResolver.java:208] Resolved [org.springframework.web.bind.MissingPathVariableException: Required URI template variable 'filename' for method parameter type String is not present]
2022-04-16 16:32:07,094 WARN [http-nio-8080-exec-9] o.s.w.s.m.s.DefaultHandlerExceptionResolver [AbstractHandlerExceptionResolver.java:208] Resolved [org.springframework.web.bind.MissingPathVariableException: Required URI template variable 'filename' for method parameter type String is not present]
2022-04-16 16:32:07,255 WARN [http-nio-8080-exec-10] o.s.w.s.m.s.DefaultHandlerExceptionResolver [AbstractHandlerExceptionResolver.java:208] Resolved [org.springframework.web.bind.MissingPathVariableException: Required URI template variable 'filename' for method parameter type String is not present]
2022-04-16 18:05:51,596 WARN [restartedMain] o.s.b.w.s.c.AnnotationConfigServletWebServerApplicationContext [AbstractApplicationContext.java:591] Exception encountered during context initialization - cancelling refresh attempt: org.springframework.beans.factory.BeanCreationException: Error creating bean with name 'requestMappingHandlerMapping' defined in class path resource [org/springframework/boot/autoconfigure/web/servlet/WebMvcAutoConfiguration$EnableWebMvcConfiguration.class]: Invocation of init method failed; nested exception is java.lang.IllegalStateException: Ambiguous mapping. Cannot map 'userController' method 
com.zhouyin.comunity.controller.UserController#getHeader1(String, HttpServletResponse)
to {GET [/user/header/{fileName}]}: There is already 'userController' bean method
com.zhouyin.comunity.controller.UserController#getHeader(String, HttpServletResponse) mapped.
2022-04-16 18:08:19,604 WARN [restartedMain] o.s.b.w.s.c.AnnotationConfigServletWebServerApplicationContext [AbstractApplicationContext.java:591] Exception encountered during context initialization - cancelling refresh attempt: org.springframework.beans.factory.BeanCreationException: Error creating bean with name 'requestMappingHandlerMapping' defined in class path resource [org/springframework/boot/autoconfigure/web/servlet/WebMvcAutoConfiguration$EnableWebMvcConfiguration.class]: Invocation of init method failed; nested exception is java.lang.IllegalStateException: Ambiguous mapping. Cannot map 'userController' method 
com.zhouyin.comunity.controller.UserController#getHeader1(String, HttpServletResponse)
to {GET [/user/header/{fileName}]}: There is already 'userController' bean method
com.zhouyin.comunity.controller.UserController#getHeader(String, HttpServletResponse) mapped.
2022-04-16 18:11:58,100 WARN [http-nio-8080-exec-9] o.s.w.s.m.s.DefaultHandlerExceptionResolver [AbstractHandlerExceptionResolver.java:208] Resolved [org.springframework.web.HttpRequestMethodNotSupportedException: Request method 'POST' not supported]
2022-04-16 22:14:35,415 WARN [http-nio-8080-exec-10] o.a.c.u.SessionIdGeneratorBase [DirectJDKLog.java:173] Creation of SecureRandom instance for session ID generation using [SHA1PRNG] took [170] milliseconds.
2022-04-16 22:23:05,847 WARN [http-nio-8080-exec-1] o.a.c.u.SessionIdGeneratorBase [DirectJDKLog.java:173] Creation of SecureRandom instance for session ID generation using [SHA1PRNG] took [191] milliseconds.
