2022-04-19 17:14:04,552 INFO [restartedMain] c.z.c.ComunityApplication [StartupInfoLogger.java:55] Starting ComunityApplication using Java 11.0.13 on SK-20220116LREU with PID 5280 (C:\work\workspace\comunity\target\classes started by Administrator in C:\work\workspace\comunity)
2022-04-19 17:14:04,575 INFO [restartedMain] c.z.c.ComunityApplication [SpringApplication.java:640] No active profile set, falling back to 1 default profile: "default"
2022-04-19 17:14:04,699 INFO [restartedMain] o.s.b.d.e.DevToolsPropertyDefaultsPostProcessor [DeferredLog.java:255] Devtools property defaults active! Set 'spring.devtools.add-properties' to 'false' to disable
2022-04-19 17:14:04,699 INFO [restartedMain] o.s.b.d.e.DevToolsPropertyDefaultsPostProcessor [DeferredLog.java:255] For additional web related logging consider setting the 'logging.level.web' property to 'DEBUG'
2022-04-19 17:14:07,063 INFO [restartedMain] o.s.b.w.e.t.TomcatWebServer [TomcatWebServer.java:108] Tomcat initialized with port(s): 8080 (http)
2022-04-19 17:14:07,082 INFO [restartedMain] o.a.c.h.Http11NioProtocol [DirectJDKLog.java:173] Initializing ProtocolHandler ["http-nio-8080"]
2022-04-19 17:14:07,083 INFO [restartedMain] o.a.c.c.StandardService [DirectJDKLog.java:173] Starting service [Tomcat]
2022-04-19 17:14:07,084 INFO [restartedMain] o.a.c.c.StandardEngine [DirectJDKLog.java:173] Starting Servlet engine: [Apache Tomcat/9.0.60]
2022-04-19 17:14:07,221 INFO [restartedMain] o.a.c.c.C.[.[.[/comunity] [DirectJDKLog.java:173] Initializing Spring embedded WebApplicationContext
2022-04-19 17:14:07,223 INFO [restartedMain] o.s.b.w.s.c.ServletWebServerApplicationContext [ServletWebServerApplicationContext.java:290] Root WebApplicationContext: initialization completed in 2522 ms
2022-04-19 17:14:08,040 INFO [restartedMain] o.a.c.c.StandardService [DirectJDKLog.java:173] Stopping service [Tomcat]
2022-04-19 17:14:08,074 INFO [restartedMain] o.s.b.a.l.ConditionEvaluationReportLoggingListener [ConditionEvaluationReportLoggingListener.java:136] 

Error starting ApplicationContext. To display the conditions report re-run your application with 'debug' enabled.
2022-04-19 17:15:31,912 INFO [restartedMain] c.z.c.ComunityApplication [StartupInfoLogger.java:55] Starting ComunityApplication using Java 11.0.13 on SK-20220116LREU with PID 6276 (C:\work\workspace\comunity\target\classes started by Administrator in C:\work\workspace\comunity)
2022-04-19 17:15:31,912 INFO [restartedMain] c.z.c.ComunityApplication [SpringApplication.java:640] No active profile set, falling back to 1 default profile: "default"
2022-04-19 17:15:31,980 INFO [restartedMain] o.s.b.d.e.DevToolsPropertyDefaultsPostProcessor [DeferredLog.java:255] Devtools property defaults active! Set 'spring.devtools.add-properties' to 'false' to disable
2022-04-19 17:15:31,980 INFO [restartedMain] o.s.b.d.e.DevToolsPropertyDefaultsPostProcessor [DeferredLog.java:255] For additional web related logging consider setting the 'logging.level.web' property to 'DEBUG'
2022-04-19 17:15:32,999 INFO [restartedMain] o.s.b.w.e.t.TomcatWebServer [TomcatWebServer.java:108] Tomcat initialized with port(s): 8080 (http)
2022-04-19 17:15:33,001 INFO [restartedMain] o.a.c.h.Http11NioProtocol [DirectJDKLog.java:173] Initializing ProtocolHandler ["http-nio-8080"]
2022-04-19 17:15:33,001 INFO [restartedMain] o.a.c.c.StandardService [DirectJDKLog.java:173] Starting service [Tomcat]
2022-04-19 17:15:33,001 INFO [restartedMain] o.a.c.c.StandardEngine [DirectJDKLog.java:173] Starting Servlet engine: [Apache Tomcat/9.0.60]
2022-04-19 17:15:33,054 INFO [restartedMain] o.a.c.c.C.[.[.[/comunity] [DirectJDKLog.java:173] Initializing Spring embedded WebApplicationContext
2022-04-19 17:15:33,054 INFO [restartedMain] o.s.b.w.s.c.ServletWebServerApplicationContext [ServletWebServerApplicationContext.java:290] Root WebApplicationContext: initialization completed in 1074 ms
2022-04-19 17:15:33,324 INFO [restartedMain] o.a.c.c.StandardService [DirectJDKLog.java:173] Stopping service [Tomcat]
2022-04-19 17:15:33,334 INFO [restartedMain] o.s.b.a.l.ConditionEvaluationReportLoggingListener [ConditionEvaluationReportLoggingListener.java:136] 

Error starting ApplicationContext. To display the conditions report re-run your application with 'debug' enabled.
2022-04-19 17:18:09,080 INFO [restartedMain] c.z.c.ComunityApplication [StartupInfoLogger.java:55] Starting ComunityApplication using Java 11.0.13 on SK-20220116LREU with PID 5712 (C:\work\workspace\comunity\target\classes started by Administrator in C:\work\workspace\comunity)
2022-04-19 17:18:09,096 INFO [restartedMain] c.z.c.ComunityApplication [SpringApplication.java:640] No active profile set, falling back to 1 default profile: "default"
2022-04-19 17:18:09,142 INFO [restartedMain] o.s.b.d.e.DevToolsPropertyDefaultsPostProcessor [DeferredLog.java:255] Devtools property defaults active! Set 'spring.devtools.add-properties' to 'false' to disable
2022-04-19 17:18:09,142 INFO [restartedMain] o.s.b.d.e.DevToolsPropertyDefaultsPostProcessor [DeferredLog.java:255] For additional web related logging consider setting the 'logging.level.web' property to 'DEBUG'
2022-04-19 17:18:10,086 INFO [restartedMain] o.s.b.w.e.t.TomcatWebServer [TomcatWebServer.java:108] Tomcat initialized with port(s): 8080 (http)
2022-04-19 17:18:10,102 INFO [restartedMain] o.a.c.h.Http11NioProtocol [DirectJDKLog.java:173] Initializing ProtocolHandler ["http-nio-8080"]
2022-04-19 17:18:10,102 INFO [restartedMain] o.a.c.c.StandardService [DirectJDKLog.java:173] Starting service [Tomcat]
2022-04-19 17:18:10,102 INFO [restartedMain] o.a.c.c.StandardEngine [DirectJDKLog.java:173] Starting Servlet engine: [Apache Tomcat/9.0.60]
2022-04-19 17:18:10,148 INFO [restartedMain] o.a.c.c.C.[.[.[/comunity] [DirectJDKLog.java:173] Initializing Spring embedded WebApplicationContext
2022-04-19 17:18:10,148 INFO [restartedMain] o.s.b.w.s.c.ServletWebServerApplicationContext [ServletWebServerApplicationContext.java:290] Root WebApplicationContext: initialization completed in 1006 ms
2022-04-19 17:18:10,399 INFO [restartedMain] o.a.c.c.StandardService [DirectJDKLog.java:173] Stopping service [Tomcat]
2022-04-19 17:18:10,406 INFO [restartedMain] o.s.b.a.l.ConditionEvaluationReportLoggingListener [ConditionEvaluationReportLoggingListener.java:136] 

Error starting ApplicationContext. To display the conditions report re-run your application with 'debug' enabled.
2022-04-19 17:18:42,199 INFO [restartedMain] c.z.c.ComunityApplication [StartupInfoLogger.java:55] Starting ComunityApplication using Java 11.0.13 on SK-20220116LREU with PID 9060 (C:\work\workspace\comunity\target\classes started by Administrator in C:\work\workspace\comunity)
2022-04-19 17:18:42,199 INFO [restartedMain] c.z.c.ComunityApplication [SpringApplication.java:640] No active profile set, falling back to 1 default profile: "default"
2022-04-19 17:18:42,262 INFO [restartedMain] o.s.b.d.e.DevToolsPropertyDefaultsPostProcessor [DeferredLog.java:255] Devtools property defaults active! Set 'spring.devtools.add-properties' to 'false' to disable
2022-04-19 17:18:42,262 INFO [restartedMain] o.s.b.d.e.DevToolsPropertyDefaultsPostProcessor [DeferredLog.java:255] For additional web related logging consider setting the 'logging.level.web' property to 'DEBUG'
2022-04-19 17:18:43,185 INFO [restartedMain] o.s.b.w.e.t.TomcatWebServer [TomcatWebServer.java:108] Tomcat initialized with port(s): 8080 (http)
2022-04-19 17:18:43,185 INFO [restartedMain] o.a.c.h.Http11NioProtocol [DirectJDKLog.java:173] Initializing ProtocolHandler ["http-nio-8080"]
2022-04-19 17:18:43,185 INFO [restartedMain] o.a.c.c.StandardService [DirectJDKLog.java:173] Starting service [Tomcat]
2022-04-19 17:18:43,185 INFO [restartedMain] o.a.c.c.StandardEngine [DirectJDKLog.java:173] Starting Servlet engine: [Apache Tomcat/9.0.60]
2022-04-19 17:18:43,232 INFO [restartedMain] o.a.c.c.C.[.[.[/comunity] [DirectJDKLog.java:173] Initializing Spring embedded WebApplicationContext
2022-04-19 17:18:43,232 INFO [restartedMain] o.s.b.w.s.c.ServletWebServerApplicationContext [ServletWebServerApplicationContext.java:290] Root WebApplicationContext: initialization completed in 970 ms
2022-04-19 17:18:43,624 INFO [restartedMain] o.s.b.a.w.s.WelcomePageHandlerMapping [WelcomePageHandlerMapping.java:57] Adding welcome page template: index
2022-04-19 17:18:43,718 INFO [restartedMain] o.s.b.d.a.OptionalLiveReloadServer [OptionalLiveReloadServer.java:58] LiveReload server is running on port 35729
2022-04-19 17:18:43,733 INFO [restartedMain] o.a.c.h.Http11NioProtocol [DirectJDKLog.java:173] Starting ProtocolHandler ["http-nio-8080"]
2022-04-19 17:18:43,749 INFO [restartedMain] o.s.b.w.e.t.TomcatWebServer [TomcatWebServer.java:220] Tomcat started on port(s): 8080 (http) with context path '/comunity'
2022-04-19 17:18:43,765 INFO [restartedMain] c.z.c.ComunityApplication [StartupInfoLogger.java:61] Started ComunityApplication in 2.113 seconds (JVM running for 3.044)
2022-04-19 17:18:52,052 INFO [http-nio-8080-exec-1] o.a.c.c.C.[.[.[/comunity] [DirectJDKLog.java:173] Initializing Spring DispatcherServlet 'dispatcherServlet'
2022-04-19 17:18:52,054 INFO [http-nio-8080-exec-1] o.s.w.s.DispatcherServlet [FrameworkServlet.java:525] Initializing Servlet 'dispatcherServlet'
2022-04-19 17:18:52,056 INFO [http-nio-8080-exec-1] o.s.w.s.DispatcherServlet [FrameworkServlet.java:547] Completed initialization in 2 ms
2022-04-19 17:18:52,086 INFO [http-nio-8080-exec-1] c.z.h.HikariDataSource [HikariDataSource.java:110] HikariPool-1 - Starting...
2022-04-19 17:18:52,209 INFO [http-nio-8080-exec-1] c.z.h.HikariDataSource [HikariDataSource.java:123] HikariPool-1 - Start completed.
2022-04-19 17:20:32,642 INFO [restartedMain] c.z.c.ComunityApplication [StartupInfoLogger.java:55] Starting ComunityApplication using Java 11.0.13 on SK-20220116LREU with PID 9636 (C:\work\workspace\comunity\target\classes started by Administrator in C:\work\workspace\comunity)
2022-04-19 17:20:32,642 INFO [restartedMain] c.z.c.ComunityApplication [SpringApplication.java:640] No active profile set, falling back to 1 default profile: "default"
2022-04-19 17:20:32,689 INFO [restartedMain] o.s.b.d.e.DevToolsPropertyDefaultsPostProcessor [DeferredLog.java:255] Devtools property defaults active! Set 'spring.devtools.add-properties' to 'false' to disable
2022-04-19 17:20:32,705 INFO [restartedMain] o.s.b.d.e.DevToolsPropertyDefaultsPostProcessor [DeferredLog.java:255] For additional web related logging consider setting the 'logging.level.web' property to 'DEBUG'
2022-04-19 17:20:33,612 INFO [restartedMain] o.s.b.w.e.t.TomcatWebServer [TomcatWebServer.java:108] Tomcat initialized with port(s): 8080 (http)
2022-04-19 17:20:33,612 INFO [restartedMain] o.a.c.h.Http11NioProtocol [DirectJDKLog.java:173] Initializing ProtocolHandler ["http-nio-8080"]
2022-04-19 17:20:33,612 INFO [restartedMain] o.a.c.c.StandardService [DirectJDKLog.java:173] Starting service [Tomcat]
2022-04-19 17:20:33,612 INFO [restartedMain] o.a.c.c.StandardEngine [DirectJDKLog.java:173] Starting Servlet engine: [Apache Tomcat/9.0.60]
2022-04-19 17:20:33,674 INFO [restartedMain] o.a.c.c.C.[.[.[/comunity] [DirectJDKLog.java:173] Initializing Spring embedded WebApplicationContext
2022-04-19 17:20:33,674 INFO [restartedMain] o.s.b.w.s.c.ServletWebServerApplicationContext [ServletWebServerApplicationContext.java:290] Root WebApplicationContext: initialization completed in 969 ms
2022-04-19 17:20:34,059 INFO [restartedMain] o.s.b.a.w.s.WelcomePageHandlerMapping [WelcomePageHandlerMapping.java:57] Adding welcome page template: index
2022-04-19 17:20:34,153 INFO [restartedMain] o.s.b.d.a.OptionalLiveReloadServer [OptionalLiveReloadServer.java:58] LiveReload server is running on port 35729
2022-04-19 17:20:34,168 INFO [restartedMain] o.a.c.h.Http11NioProtocol [DirectJDKLog.java:173] Starting ProtocolHandler ["http-nio-8080"]
2022-04-19 17:20:34,168 INFO [restartedMain] o.s.b.w.e.t.TomcatWebServer [TomcatWebServer.java:220] Tomcat started on port(s): 8080 (http) with context path '/comunity'
2022-04-19 17:20:34,184 INFO [restartedMain] c.z.c.ComunityApplication [StartupInfoLogger.java:61] Started ComunityApplication in 2.075 seconds (JVM running for 3.491)
2022-04-19 17:20:37,357 INFO [http-nio-8080-exec-1] o.a.c.c.C.[.[.[/comunity] [DirectJDKLog.java:173] Initializing Spring DispatcherServlet 'dispatcherServlet'
2022-04-19 17:20:37,359 INFO [http-nio-8080-exec-1] o.s.w.s.DispatcherServlet [FrameworkServlet.java:525] Initializing Servlet 'dispatcherServlet'
2022-04-19 17:20:37,359 INFO [http-nio-8080-exec-1] o.s.w.s.DispatcherServlet [FrameworkServlet.java:547] Completed initialization in 0 ms
2022-04-19 17:20:37,379 INFO [http-nio-8080-exec-1] c.z.h.HikariDataSource [HikariDataSource.java:110] HikariPool-1 - Starting...
2022-04-19 17:20:37,468 INFO [http-nio-8080-exec-1] c.z.h.HikariDataSource [HikariDataSource.java:123] HikariPool-1 - Start completed.
2022-04-19 17:28:17,249 INFO [restartedMain] c.z.c.ComunityApplication [StartupInfoLogger.java:55] Starting ComunityApplication using Java 11.0.13 on SK-20220116LREU with PID 10520 (C:\work\workspace\comunity\target\classes started by Administrator in C:\work\workspace\comunity)
2022-04-19 17:28:17,249 INFO [restartedMain] c.z.c.ComunityApplication [SpringApplication.java:640] No active profile set, falling back to 1 default profile: "default"
2022-04-19 17:28:17,311 INFO [restartedMain] o.s.b.d.e.DevToolsPropertyDefaultsPostProcessor [DeferredLog.java:255] Devtools property defaults active! Set 'spring.devtools.add-properties' to 'false' to disable
2022-04-19 17:28:17,311 INFO [restartedMain] o.s.b.d.e.DevToolsPropertyDefaultsPostProcessor [DeferredLog.java:255] For additional web related logging consider setting the 'logging.level.web' property to 'DEBUG'
2022-04-19 17:28:18,225 INFO [restartedMain] o.s.b.w.e.t.TomcatWebServer [TomcatWebServer.java:108] Tomcat initialized with port(s): 8080 (http)
2022-04-19 17:28:18,240 INFO [restartedMain] o.a.c.h.Http11NioProtocol [DirectJDKLog.java:173] Initializing ProtocolHandler ["http-nio-8080"]
2022-04-19 17:28:18,240 INFO [restartedMain] o.a.c.c.StandardService [DirectJDKLog.java:173] Starting service [Tomcat]
2022-04-19 17:28:18,240 INFO [restartedMain] o.a.c.c.StandardEngine [DirectJDKLog.java:173] Starting Servlet engine: [Apache Tomcat/9.0.60]
2022-04-19 17:28:18,287 INFO [restartedMain] o.a.c.c.C.[.[.[/comunity] [DirectJDKLog.java:173] Initializing Spring embedded WebApplicationContext
2022-04-19 17:28:18,287 INFO [restartedMain] o.s.b.w.s.c.ServletWebServerApplicationContext [ServletWebServerApplicationContext.java:290] Root WebApplicationContext: initialization completed in 960 ms
2022-04-19 17:28:18,679 INFO [restartedMain] o.s.b.a.w.s.WelcomePageHandlerMapping [WelcomePageHandlerMapping.java:57] Adding welcome page template: index
2022-04-19 17:28:18,758 INFO [restartedMain] o.s.b.d.a.OptionalLiveReloadServer [OptionalLiveReloadServer.java:58] LiveReload server is running on port 35729
2022-04-19 17:28:18,773 INFO [restartedMain] o.a.c.h.Http11NioProtocol [DirectJDKLog.java:173] Starting ProtocolHandler ["http-nio-8080"]
2022-04-19 17:28:18,789 INFO [restartedMain] o.s.b.w.e.t.TomcatWebServer [TomcatWebServer.java:220] Tomcat started on port(s): 8080 (http) with context path '/comunity'
2022-04-19 17:28:18,805 INFO [restartedMain] c.z.c.ComunityApplication [StartupInfoLogger.java:61] Started ComunityApplication in 2.084 seconds (JVM running for 3.524)
2022-04-19 17:28:27,262 INFO [http-nio-8080-exec-1] o.a.c.c.C.[.[.[/comunity] [DirectJDKLog.java:173] Initializing Spring DispatcherServlet 'dispatcherServlet'
2022-04-19 17:28:27,263 INFO [http-nio-8080-exec-1] o.s.w.s.DispatcherServlet [FrameworkServlet.java:525] Initializing Servlet 'dispatcherServlet'
2022-04-19 17:28:27,264 INFO [http-nio-8080-exec-1] o.s.w.s.DispatcherServlet [FrameworkServlet.java:547] Completed initialization in 0 ms
2022-04-19 17:28:27,287 INFO [http-nio-8080-exec-1] c.z.h.HikariDataSource [HikariDataSource.java:110] HikariPool-1 - Starting...
2022-04-19 17:28:27,383 INFO [http-nio-8080-exec-1] c.z.h.HikariDataSource [HikariDataSource.java:123] HikariPool-1 - Start completed.
2022-04-19 17:38:47,483 INFO [restartedMain] c.z.c.ComunityApplication [StartupInfoLogger.java:55] Starting ComunityApplication using Java 11.0.13 on SK-20220116LREU with PID 1964 (C:\work\workspace\comunity\target\classes started by Administrator in C:\work\workspace\comunity)
2022-04-19 17:38:47,483 INFO [restartedMain] c.z.c.ComunityApplication [SpringApplication.java:640] No active profile set, falling back to 1 default profile: "default"
2022-04-19 17:38:47,555 INFO [restartedMain] o.s.b.d.e.DevToolsPropertyDefaultsPostProcessor [DeferredLog.java:255] Devtools property defaults active! Set 'spring.devtools.add-properties' to 'false' to disable
2022-04-19 17:38:47,555 INFO [restartedMain] o.s.b.d.e.DevToolsPropertyDefaultsPostProcessor [DeferredLog.java:255] For additional web related logging consider setting the 'logging.level.web' property to 'DEBUG'
2022-04-19 17:38:48,547 INFO [restartedMain] o.s.b.w.e.t.TomcatWebServer [TomcatWebServer.java:108] Tomcat initialized with port(s): 8080 (http)
2022-04-19 17:38:48,563 INFO [restartedMain] o.a.c.h.Http11NioProtocol [DirectJDKLog.java:173] Initializing ProtocolHandler ["http-nio-8080"]
2022-04-19 17:38:48,563 INFO [restartedMain] o.a.c.c.StandardService [DirectJDKLog.java:173] Starting service [Tomcat]
2022-04-19 17:38:48,563 INFO [restartedMain] o.a.c.c.StandardEngine [DirectJDKLog.java:173] Starting Servlet engine: [Apache Tomcat/9.0.60]
2022-04-19 17:38:48,610 INFO [restartedMain] o.a.c.c.C.[.[.[/comunity] [DirectJDKLog.java:173] Initializing Spring embedded WebApplicationContext
2022-04-19 17:38:48,610 INFO [restartedMain] o.s.b.w.s.c.ServletWebServerApplicationContext [ServletWebServerApplicationContext.java:290] Root WebApplicationContext: initialization completed in 1055 ms
2022-04-19 17:38:49,005 INFO [restartedMain] o.s.b.a.w.s.WelcomePageHandlerMapping [WelcomePageHandlerMapping.java:57] Adding welcome page template: index
2022-04-19 17:38:49,099 INFO [restartedMain] o.s.b.d.a.OptionalLiveReloadServer [OptionalLiveReloadServer.java:58] LiveReload server is running on port 35729
2022-04-19 17:38:49,099 INFO [restartedMain] o.a.c.h.Http11NioProtocol [DirectJDKLog.java:173] Starting ProtocolHandler ["http-nio-8080"]
2022-04-19 17:38:49,114 INFO [restartedMain] o.s.b.w.e.t.TomcatWebServer [TomcatWebServer.java:220] Tomcat started on port(s): 8080 (http) with context path '/comunity'
2022-04-19 17:38:49,130 INFO [restartedMain] c.z.c.ComunityApplication [StartupInfoLogger.java:61] Started ComunityApplication in 2.261 seconds (JVM running for 3.212)
2022-04-19 17:38:52,451 INFO [http-nio-8080-exec-1] o.a.c.c.C.[.[.[/comunity] [DirectJDKLog.java:173] Initializing Spring DispatcherServlet 'dispatcherServlet'
2022-04-19 17:38:52,452 INFO [http-nio-8080-exec-1] o.s.w.s.DispatcherServlet [FrameworkServlet.java:525] Initializing Servlet 'dispatcherServlet'
2022-04-19 17:38:52,453 INFO [http-nio-8080-exec-1] o.s.w.s.DispatcherServlet [FrameworkServlet.java:547] Completed initialization in 1 ms
2022-04-19 17:38:53,454 INFO [http-nio-8080-exec-3] c.z.h.HikariDataSource [HikariDataSource.java:110] HikariPool-1 - Starting...
2022-04-19 17:38:53,539 INFO [http-nio-8080-exec-3] c.z.h.HikariDataSource [HikariDataSource.java:123] HikariPool-1 - Start completed.
2022-04-19 17:43:34,946 INFO [restartedMain] c.z.c.ComunityApplication [StartupInfoLogger.java:55] Starting ComunityApplication using Java 11.0.13 on SK-20220116LREU with PID 1452 (C:\work\workspace\comunity\target\classes started by Administrator in C:\work\workspace\comunity)
2022-04-19 17:43:34,962 INFO [restartedMain] c.z.c.ComunityApplication [SpringApplication.java:640] No active profile set, falling back to 1 default profile: "default"
2022-04-19 17:43:35,024 INFO [restartedMain] o.s.b.d.e.DevToolsPropertyDefaultsPostProcessor [DeferredLog.java:255] Devtools property defaults active! Set 'spring.devtools.add-properties' to 'false' to disable
2022-04-19 17:43:35,024 INFO [restartedMain] o.s.b.d.e.DevToolsPropertyDefaultsPostProcessor [DeferredLog.java:255] For additional web related logging consider setting the 'logging.level.web' property to 'DEBUG'
2022-04-19 17:43:35,915 INFO [restartedMain] o.s.b.w.e.t.TomcatWebServer [TomcatWebServer.java:108] Tomcat initialized with port(s): 8080 (http)
2022-04-19 17:43:35,915 INFO [restartedMain] o.a.c.h.Http11NioProtocol [DirectJDKLog.java:173] Initializing ProtocolHandler ["http-nio-8080"]
2022-04-19 17:43:35,915 INFO [restartedMain] o.a.c.c.StandardService [DirectJDKLog.java:173] Starting service [Tomcat]
2022-04-19 17:43:35,915 INFO [restartedMain] o.a.c.c.StandardEngine [DirectJDKLog.java:173] Starting Servlet engine: [Apache Tomcat/9.0.60]
2022-04-19 17:43:35,962 INFO [restartedMain] o.a.c.c.C.[.[.[/comunity] [DirectJDKLog.java:173] Initializing Spring embedded WebApplicationContext
2022-04-19 17:43:35,962 INFO [restartedMain] o.s.b.w.s.c.ServletWebServerApplicationContext [ServletWebServerApplicationContext.java:290] Root WebApplicationContext: initialization completed in 938 ms
2022-04-19 17:43:36,352 INFO [restartedMain] o.s.b.a.w.s.WelcomePageHandlerMapping [WelcomePageHandlerMapping.java:57] Adding welcome page template: index
2022-04-19 17:43:36,446 INFO [restartedMain] o.s.b.d.a.OptionalLiveReloadServer [OptionalLiveReloadServer.java:58] LiveReload server is running on port 35729
2022-04-19 17:43:36,462 INFO [restartedMain] o.a.c.h.Http11NioProtocol [DirectJDKLog.java:173] Starting ProtocolHandler ["http-nio-8080"]
2022-04-19 17:43:36,462 INFO [restartedMain] o.s.b.w.e.t.TomcatWebServer [TomcatWebServer.java:220] Tomcat started on port(s): 8080 (http) with context path '/comunity'
2022-04-19 17:43:36,477 INFO [restartedMain] c.z.c.ComunityApplication [StartupInfoLogger.java:61] Started ComunityApplication in 2.104 seconds (JVM running for 3.072)
2022-04-19 17:43:44,083 INFO [http-nio-8080-exec-2] o.a.c.c.C.[.[.[/comunity] [DirectJDKLog.java:173] Initializing Spring DispatcherServlet 'dispatcherServlet'
2022-04-19 17:43:44,085 INFO [http-nio-8080-exec-2] o.s.w.s.DispatcherServlet [FrameworkServlet.java:525] Initializing Servlet 'dispatcherServlet'
2022-04-19 17:43:44,086 INFO [http-nio-8080-exec-2] o.s.w.s.DispatcherServlet [FrameworkServlet.java:547] Completed initialization in 1 ms
2022-04-19 17:43:44,836 INFO [http-nio-8080-exec-3] c.z.h.HikariDataSource [HikariDataSource.java:110] HikariPool-1 - Starting...
2022-04-19 17:43:44,927 INFO [http-nio-8080-exec-3] c.z.h.HikariDataSource [HikariDataSource.java:123] HikariPool-1 - Start completed.
2022-04-19 17:44:33,630 INFO [restartedMain] c.z.c.ComunityApplication [StartupInfoLogger.java:55] Starting ComunityApplication using Java 11.0.13 on SK-20220116LREU with PID 4696 (C:\work\workspace\comunity\target\classes started by Administrator in C:\work\workspace\comunity)
2022-04-19 17:44:33,646 INFO [restartedMain] c.z.c.ComunityApplication [SpringApplication.java:640] No active profile set, falling back to 1 default profile: "default"
2022-04-19 17:44:33,693 INFO [restartedMain] o.s.b.d.e.DevToolsPropertyDefaultsPostProcessor [DeferredLog.java:255] Devtools property defaults active! Set 'spring.devtools.add-properties' to 'false' to disable
2022-04-19 17:44:33,693 INFO [restartedMain] o.s.b.d.e.DevToolsPropertyDefaultsPostProcessor [DeferredLog.java:255] For additional web related logging consider setting the 'logging.level.web' property to 'DEBUG'
2022-04-19 17:44:34,639 INFO [restartedMain] o.s.b.w.e.t.TomcatWebServer [TomcatWebServer.java:108] Tomcat initialized with port(s): 8080 (http)
2022-04-19 17:44:34,639 INFO [restartedMain] o.a.c.h.Http11NioProtocol [DirectJDKLog.java:173] Initializing ProtocolHandler ["http-nio-8080"]
2022-04-19 17:44:34,639 INFO [restartedMain] o.a.c.c.StandardService [DirectJDKLog.java:173] Starting service [Tomcat]
2022-04-19 17:44:34,639 INFO [restartedMain] o.a.c.c.StandardEngine [DirectJDKLog.java:173] Starting Servlet engine: [Apache Tomcat/9.0.60]
2022-04-19 17:44:34,686 INFO [restartedMain] o.a.c.c.C.[.[.[/comunity] [DirectJDKLog.java:173] Initializing Spring embedded WebApplicationContext
2022-04-19 17:44:34,686 INFO [restartedMain] o.s.b.w.s.c.ServletWebServerApplicationContext [ServletWebServerApplicationContext.java:290] Root WebApplicationContext: initialization completed in 993 ms
2022-04-19 17:44:35,097 INFO [restartedMain] o.s.b.a.w.s.WelcomePageHandlerMapping [WelcomePageHandlerMapping.java:57] Adding welcome page template: index
2022-04-19 17:44:35,205 INFO [restartedMain] o.s.b.d.a.OptionalLiveReloadServer [OptionalLiveReloadServer.java:58] LiveReload server is running on port 35729
2022-04-19 17:44:35,205 INFO [restartedMain] o.a.c.h.Http11NioProtocol [DirectJDKLog.java:173] Starting ProtocolHandler ["http-nio-8080"]
2022-04-19 17:44:35,231 INFO [restartedMain] o.s.b.w.e.t.TomcatWebServer [TomcatWebServer.java:220] Tomcat started on port(s): 8080 (http) with context path '/comunity'
2022-04-19 17:44:35,241 INFO [restartedMain] c.z.c.ComunityApplication [StartupInfoLogger.java:61] Started ComunityApplication in 2.18 seconds (JVM running for 3.208)
2022-04-19 17:44:43,205 INFO [restartedMain] c.z.c.ComunityApplication [StartupInfoLogger.java:55] Starting ComunityApplication using Java 11.0.13 on SK-20220116LREU with PID 9828 (C:\work\workspace\comunity\target\classes started by Administrator in C:\work\workspace\comunity)
2022-04-19 17:44:43,205 INFO [restartedMain] c.z.c.ComunityApplication [SpringApplication.java:640] No active profile set, falling back to 1 default profile: "default"
2022-04-19 17:44:43,268 INFO [restartedMain] o.s.b.d.e.DevToolsPropertyDefaultsPostProcessor [DeferredLog.java:255] Devtools property defaults active! Set 'spring.devtools.add-properties' to 'false' to disable
2022-04-19 17:44:43,268 INFO [restartedMain] o.s.b.d.e.DevToolsPropertyDefaultsPostProcessor [DeferredLog.java:255] For additional web related logging consider setting the 'logging.level.web' property to 'DEBUG'
2022-04-19 17:44:44,212 INFO [restartedMain] o.s.b.w.e.t.TomcatWebServer [TomcatWebServer.java:108] Tomcat initialized with port(s): 8080 (http)
2022-04-19 17:44:44,216 INFO [restartedMain] o.a.c.h.Http11NioProtocol [DirectJDKLog.java:173] Initializing ProtocolHandler ["http-nio-8080"]
2022-04-19 17:44:44,216 INFO [restartedMain] o.a.c.c.StandardService [DirectJDKLog.java:173] Starting service [Tomcat]
2022-04-19 17:44:44,216 INFO [restartedMain] o.a.c.c.StandardEngine [DirectJDKLog.java:173] Starting Servlet engine: [Apache Tomcat/9.0.60]
2022-04-19 17:44:44,263 INFO [restartedMain] o.a.c.c.C.[.[.[/comunity] [DirectJDKLog.java:173] Initializing Spring embedded WebApplicationContext
2022-04-19 17:44:44,263 INFO [restartedMain] o.s.b.w.s.c.ServletWebServerApplicationContext [ServletWebServerApplicationContext.java:290] Root WebApplicationContext: initialization completed in 995 ms
2022-04-19 17:44:44,672 INFO [restartedMain] o.s.b.a.w.s.WelcomePageHandlerMapping [WelcomePageHandlerMapping.java:57] Adding welcome page template: index
2022-04-19 17:44:44,766 INFO [restartedMain] o.s.b.d.a.OptionalLiveReloadServer [OptionalLiveReloadServer.java:58] LiveReload server is running on port 35729
2022-04-19 17:44:44,781 INFO [restartedMain] o.a.c.h.Http11NioProtocol [DirectJDKLog.java:173] Starting ProtocolHandler ["http-nio-8080"]
2022-04-19 17:44:44,797 INFO [restartedMain] o.s.b.w.e.t.TomcatWebServer [TomcatWebServer.java:220] Tomcat started on port(s): 8080 (http) with context path '/comunity'
2022-04-19 17:44:44,797 INFO [restartedMain] c.z.c.ComunityApplication [StartupInfoLogger.java:61] Started ComunityApplication in 2.111 seconds (JVM running for 3.586)
2022-04-19 17:44:54,209 INFO [http-nio-8080-exec-1] o.a.c.c.C.[.[.[/comunity] [DirectJDKLog.java:173] Initializing Spring DispatcherServlet 'dispatcherServlet'
2022-04-19 17:44:54,211 INFO [http-nio-8080-exec-1] o.s.w.s.DispatcherServlet [FrameworkServlet.java:525] Initializing Servlet 'dispatcherServlet'
2022-04-19 17:44:54,212 INFO [http-nio-8080-exec-1] o.s.w.s.DispatcherServlet [FrameworkServlet.java:547] Completed initialization in 1 ms
2022-04-19 17:44:54,234 INFO [http-nio-8080-exec-1] c.z.h.HikariDataSource [HikariDataSource.java:110] HikariPool-1 - Starting...
2022-04-19 17:44:54,326 INFO [http-nio-8080-exec-1] c.z.h.HikariDataSource [HikariDataSource.java:123] HikariPool-1 - Start completed.
2022-04-19 17:45:38,294 INFO [restartedMain] c.z.c.ComunityApplication [StartupInfoLogger.java:55] Starting ComunityApplication using Java 11.0.13 on SK-20220116LREU with PID 7072 (C:\work\workspace\comunity\target\classes started by Administrator in C:\work\workspace\comunity)
2022-04-19 17:45:38,311 INFO [restartedMain] c.z.c.ComunityApplication [SpringApplication.java:640] No active profile set, falling back to 1 default profile: "default"
2022-04-19 17:45:38,373 INFO [restartedMain] o.s.b.d.e.DevToolsPropertyDefaultsPostProcessor [DeferredLog.java:255] Devtools property defaults active! Set 'spring.devtools.add-properties' to 'false' to disable
2022-04-19 17:45:38,373 INFO [restartedMain] o.s.b.d.e.DevToolsPropertyDefaultsPostProcessor [DeferredLog.java:255] For additional web related logging consider setting the 'logging.level.web' property to 'DEBUG'
2022-04-19 17:45:39,249 INFO [restartedMain] o.s.b.w.e.t.TomcatWebServer [TomcatWebServer.java:108] Tomcat initialized with port(s): 8080 (http)
2022-04-19 17:45:39,249 INFO [restartedMain] o.a.c.h.Http11NioProtocol [DirectJDKLog.java:173] Initializing ProtocolHandler ["http-nio-8080"]
2022-04-19 17:45:39,249 INFO [restartedMain] o.a.c.c.StandardService [DirectJDKLog.java:173] Starting service [Tomcat]
2022-04-19 17:45:39,249 INFO [restartedMain] o.a.c.c.StandardEngine [DirectJDKLog.java:173] Starting Servlet engine: [Apache Tomcat/9.0.60]
2022-04-19 17:45:39,296 INFO [restartedMain] o.a.c.c.C.[.[.[/comunity] [DirectJDKLog.java:173] Initializing Spring embedded WebApplicationContext
2022-04-19 17:45:39,296 INFO [restartedMain] o.s.b.w.s.c.ServletWebServerApplicationContext [ServletWebServerApplicationContext.java:290] Root WebApplicationContext: initialization completed in 923 ms
2022-04-19 17:45:39,695 INFO [restartedMain] o.s.b.a.w.s.WelcomePageHandlerMapping [WelcomePageHandlerMapping.java:57] Adding welcome page template: index
2022-04-19 17:45:39,773 INFO [restartedMain] o.s.b.d.a.OptionalLiveReloadServer [OptionalLiveReloadServer.java:58] LiveReload server is running on port 35729
2022-04-19 17:45:39,789 INFO [restartedMain] o.a.c.h.Http11NioProtocol [DirectJDKLog.java:173] Starting ProtocolHandler ["http-nio-8080"]
2022-04-19 17:45:39,805 INFO [restartedMain] o.s.b.w.e.t.TomcatWebServer [TomcatWebServer.java:220] Tomcat started on port(s): 8080 (http) with context path '/comunity'
2022-04-19 17:45:39,805 INFO [restartedMain] c.z.c.ComunityApplication [StartupInfoLogger.java:61] Started ComunityApplication in 2.075 seconds (JVM running for 3.302)
2022-04-19 17:45:43,633 INFO [http-nio-8080-exec-1] o.a.c.c.C.[.[.[/comunity] [DirectJDKLog.java:173] Initializing Spring DispatcherServlet 'dispatcherServlet'
2022-04-19 17:45:43,634 INFO [http-nio-8080-exec-1] o.s.w.s.DispatcherServlet [FrameworkServlet.java:525] Initializing Servlet 'dispatcherServlet'
2022-04-19 17:45:43,634 INFO [http-nio-8080-exec-1] o.s.w.s.DispatcherServlet [FrameworkServlet.java:547] Completed initialization in 0 ms
2022-04-19 17:45:43,656 INFO [http-nio-8080-exec-1] c.z.h.HikariDataSource [HikariDataSource.java:110] HikariPool-1 - Starting...
2022-04-19 17:45:43,741 INFO [http-nio-8080-exec-1] c.z.h.HikariDataSource [HikariDataSource.java:123] HikariPool-1 - Start completed.
2022-04-19 21:25:12,922 INFO [restartedMain] c.z.c.ComunityApplication [StartupInfoLogger.java:55] Starting ComunityApplication using Java 11.0.13 on SK-20220116LREU with PID 10528 (C:\work\workspace\comunity\target\classes started by Administrator in C:\work\workspace\comunity)
2022-04-19 21:25:12,925 INFO [restartedMain] c.z.c.ComunityApplication [SpringApplication.java:640] No active profile set, falling back to 1 default profile: "default"
2022-04-19 21:25:12,988 INFO [restartedMain] o.s.b.d.e.DevToolsPropertyDefaultsPostProcessor [DeferredLog.java:255] Devtools property defaults active! Set 'spring.devtools.add-properties' to 'false' to disable
2022-04-19 21:25:12,989 INFO [restartedMain] o.s.b.d.e.DevToolsPropertyDefaultsPostProcessor [DeferredLog.java:255] For additional web related logging consider setting the 'logging.level.web' property to 'DEBUG'
2022-04-19 21:25:13,765 INFO [restartedMain] o.s.b.w.e.t.TomcatWebServer [TomcatWebServer.java:108] Tomcat initialized with port(s): 8080 (http)
2022-04-19 21:25:13,772 INFO [restartedMain] o.a.c.h.Http11NioProtocol [DirectJDKLog.java:173] Initializing ProtocolHandler ["http-nio-8080"]
2022-04-19 21:25:13,772 INFO [restartedMain] o.a.c.c.StandardService [DirectJDKLog.java:173] Starting service [Tomcat]
2022-04-19 21:25:13,772 INFO [restartedMain] o.a.c.c.StandardEngine [DirectJDKLog.java:173] Starting Servlet engine: [Apache Tomcat/9.0.60]
2022-04-19 21:25:13,817 INFO [restartedMain] o.a.c.c.C.[.[.[/comunity] [DirectJDKLog.java:173] Initializing Spring embedded WebApplicationContext
2022-04-19 21:25:13,817 INFO [restartedMain] o.s.b.w.s.c.ServletWebServerApplicationContext [ServletWebServerApplicationContext.java:290] Root WebApplicationContext: initialization completed in 827 ms
2022-04-19 21:25:14,197 INFO [restartedMain] o.s.b.a.w.s.WelcomePageHandlerMapping [WelcomePageHandlerMapping.java:57] Adding welcome page template: index
2022-04-19 21:25:14,286 INFO [restartedMain] o.s.b.d.a.OptionalLiveReloadServer [OptionalLiveReloadServer.java:58] LiveReload server is running on port 35729
2022-04-19 21:25:14,297 INFO [restartedMain] o.a.c.h.Http11NioProtocol [DirectJDKLog.java:173] Starting ProtocolHandler ["http-nio-8080"]
2022-04-19 21:25:14,310 INFO [restartedMain] o.s.b.w.e.t.TomcatWebServer [TomcatWebServer.java:220] Tomcat started on port(s): 8080 (http) with context path '/comunity'
2022-04-19 21:25:14,318 INFO [restartedMain] c.z.c.ComunityApplication [StartupInfoLogger.java:61] Started ComunityApplication in 1.83 seconds (JVM running for 2.459)
2022-04-19 21:25:19,752 INFO [http-nio-8080-exec-1] o.a.c.c.C.[.[.[/comunity] [DirectJDKLog.java:173] Initializing Spring DispatcherServlet 'dispatcherServlet'
2022-04-19 21:25:19,754 INFO [http-nio-8080-exec-1] o.s.w.s.DispatcherServlet [FrameworkServlet.java:525] Initializing Servlet 'dispatcherServlet'
2022-04-19 21:25:19,755 INFO [http-nio-8080-exec-1] o.s.w.s.DispatcherServlet [FrameworkServlet.java:547] Completed initialization in 1 ms
2022-04-19 21:25:19,775 INFO [http-nio-8080-exec-1] c.z.h.HikariDataSource [HikariDataSource.java:110] HikariPool-1 - Starting...
2022-04-19 21:25:19,852 INFO [http-nio-8080-exec-1] c.z.h.HikariDataSource [HikariDataSource.java:123] HikariPool-1 - Start completed.
2022-04-19 21:28:00,151 INFO [restartedMain] c.z.c.ComunityApplication [StartupInfoLogger.java:55] Starting ComunityApplication using Java 11.0.13 on SK-20220116LREU with PID 10596 (C:\work\workspace\comunity\target\classes started by Administrator in C:\work\workspace\comunity)
2022-04-19 21:28:00,153 INFO [restartedMain] c.z.c.ComunityApplication [SpringApplication.java:640] No active profile set, falling back to 1 default profile: "default"
2022-04-19 21:28:00,194 INFO [restartedMain] o.s.b.d.e.DevToolsPropertyDefaultsPostProcessor [DeferredLog.java:255] Devtools property defaults active! Set 'spring.devtools.add-properties' to 'false' to disable
2022-04-19 21:28:00,194 INFO [restartedMain] o.s.b.d.e.DevToolsPropertyDefaultsPostProcessor [DeferredLog.java:255] For additional web related logging consider setting the 'logging.level.web' property to 'DEBUG'
2022-04-19 21:28:00,914 INFO [restartedMain] o.s.b.w.e.t.TomcatWebServer [TomcatWebServer.java:108] Tomcat initialized with port(s): 8080 (http)
2022-04-19 21:28:00,920 INFO [restartedMain] o.a.c.h.Http11NioProtocol [DirectJDKLog.java:173] Initializing ProtocolHandler ["http-nio-8080"]
2022-04-19 21:28:00,920 INFO [restartedMain] o.a.c.c.StandardService [DirectJDKLog.java:173] Starting service [Tomcat]
2022-04-19 21:28:00,920 INFO [restartedMain] o.a.c.c.StandardEngine [DirectJDKLog.java:173] Starting Servlet engine: [Apache Tomcat/9.0.60]
2022-04-19 21:28:00,967 INFO [restartedMain] o.a.c.c.C.[.[.[/comunity] [DirectJDKLog.java:173] Initializing Spring embedded WebApplicationContext
2022-04-19 21:28:00,968 INFO [restartedMain] o.s.b.w.s.c.ServletWebServerApplicationContext [ServletWebServerApplicationContext.java:290] Root WebApplicationContext: initialization completed in 773 ms
2022-04-19 21:28:01,318 INFO [restartedMain] o.s.b.a.w.s.WelcomePageHandlerMapping [WelcomePageHandlerMapping.java:57] Adding welcome page template: index
2022-04-19 21:28:01,400 INFO [restartedMain] o.s.b.d.a.OptionalLiveReloadServer [OptionalLiveReloadServer.java:58] LiveReload server is running on port 35729
2022-04-19 21:28:01,411 INFO [restartedMain] o.a.c.h.Http11NioProtocol [DirectJDKLog.java:173] Starting ProtocolHandler ["http-nio-8080"]
2022-04-19 21:28:01,423 INFO [restartedMain] o.s.b.w.e.t.TomcatWebServer [TomcatWebServer.java:220] Tomcat started on port(s): 8080 (http) with context path '/comunity'
2022-04-19 21:28:01,431 INFO [restartedMain] c.z.c.ComunityApplication [StartupInfoLogger.java:61] Started ComunityApplication in 1.665 seconds (JVM running for 2.765)
2022-04-19 21:28:04,494 INFO [http-nio-8080-exec-1] o.a.c.c.C.[.[.[/comunity] [DirectJDKLog.java:173] Initializing Spring DispatcherServlet 'dispatcherServlet'
2022-04-19 21:28:04,495 INFO [http-nio-8080-exec-1] o.s.w.s.DispatcherServlet [FrameworkServlet.java:525] Initializing Servlet 'dispatcherServlet'
2022-04-19 21:28:04,496 INFO [http-nio-8080-exec-1] o.s.w.s.DispatcherServlet [FrameworkServlet.java:547] Completed initialization in 1 ms
2022-04-19 21:28:04,518 INFO [http-nio-8080-exec-1] c.z.h.HikariDataSource [HikariDataSource.java:110] HikariPool-1 - Starting...
2022-04-19 21:28:04,596 INFO [http-nio-8080-exec-1] c.z.h.HikariDataSource [HikariDataSource.java:123] HikariPool-1 - Start completed.
2022-04-19 21:30:26,755 INFO [restartedMain] c.z.c.ComunityApplication [StartupInfoLogger.java:55] Starting ComunityApplication using Java 11.0.13 on SK-20220116LREU with PID 7076 (C:\work\workspace\comunity\target\classes started by Administrator in C:\work\workspace\comunity)
2022-04-19 21:30:26,757 INFO [restartedMain] c.z.c.ComunityApplication [SpringApplication.java:640] No active profile set, falling back to 1 default profile: "default"
2022-04-19 21:30:26,794 INFO [restartedMain] o.s.b.d.e.DevToolsPropertyDefaultsPostProcessor [DeferredLog.java:255] Devtools property defaults active! Set 'spring.devtools.add-properties' to 'false' to disable
2022-04-19 21:30:26,794 INFO [restartedMain] o.s.b.d.e.DevToolsPropertyDefaultsPostProcessor [DeferredLog.java:255] For additional web related logging consider setting the 'logging.level.web' property to 'DEBUG'
2022-04-19 21:30:27,581 INFO [restartedMain] o.s.b.w.e.t.TomcatWebServer [TomcatWebServer.java:108] Tomcat initialized with port(s): 8080 (http)
2022-04-19 21:30:27,587 INFO [restartedMain] o.a.c.h.Http11NioProtocol [DirectJDKLog.java:173] Initializing ProtocolHandler ["http-nio-8080"]
2022-04-19 21:30:27,587 INFO [restartedMain] o.a.c.c.StandardService [DirectJDKLog.java:173] Starting service [Tomcat]
2022-04-19 21:30:27,587 INFO [restartedMain] o.a.c.c.StandardEngine [DirectJDKLog.java:173] Starting Servlet engine: [Apache Tomcat/9.0.60]
2022-04-19 21:30:27,632 INFO [restartedMain] o.a.c.c.C.[.[.[/comunity] [DirectJDKLog.java:173] Initializing Spring embedded WebApplicationContext
2022-04-19 21:30:27,632 INFO [restartedMain] o.s.b.w.s.c.ServletWebServerApplicationContext [ServletWebServerApplicationContext.java:290] Root WebApplicationContext: initialization completed in 837 ms
2022-04-19 21:30:27,975 INFO [restartedMain] o.s.b.a.w.s.WelcomePageHandlerMapping [WelcomePageHandlerMapping.java:57] Adding welcome page template: index
2022-04-19 21:30:28,068 INFO [restartedMain] o.s.b.d.a.OptionalLiveReloadServer [OptionalLiveReloadServer.java:58] LiveReload server is running on port 35729
2022-04-19 21:30:28,080 INFO [restartedMain] o.a.c.h.Http11NioProtocol [DirectJDKLog.java:173] Starting ProtocolHandler ["http-nio-8080"]
2022-04-19 21:30:28,092 INFO [restartedMain] o.s.b.w.e.t.TomcatWebServer [TomcatWebServer.java:220] Tomcat started on port(s): 8080 (http) with context path '/comunity'
2022-04-19 21:30:28,101 INFO [restartedMain] c.z.c.ComunityApplication [StartupInfoLogger.java:61] Started ComunityApplication in 1.695 seconds (JVM running for 2.33)
2022-04-19 21:30:39,888 INFO [http-nio-8080-exec-4] o.a.c.c.C.[.[.[/comunity] [DirectJDKLog.java:173] Initializing Spring DispatcherServlet 'dispatcherServlet'
2022-04-19 21:30:39,889 INFO [http-nio-8080-exec-4] o.s.w.s.DispatcherServlet [FrameworkServlet.java:525] Initializing Servlet 'dispatcherServlet'
2022-04-19 21:30:39,889 INFO [http-nio-8080-exec-4] o.s.w.s.DispatcherServlet [FrameworkServlet.java:547] Completed initialization in 0 ms
2022-04-19 21:30:42,940 INFO [http-nio-8080-exec-3] c.z.h.HikariDataSource [HikariDataSource.java:110] HikariPool-1 - Starting...
2022-04-19 21:30:43,029 INFO [http-nio-8080-exec-3] c.z.h.HikariDataSource [HikariDataSource.java:123] HikariPool-1 - Start completed.
2022-04-19 21:37:31,798 INFO [restartedMain] c.z.c.ComunityApplication [StartupInfoLogger.java:55] Starting ComunityApplication using Java 11.0.13 on SK-20220116LREU with PID 5256 (C:\work\workspace\comunity\target\classes started by Administrator in C:\work\workspace\comunity)
2022-04-19 21:37:31,800 INFO [restartedMain] c.z.c.ComunityApplication [SpringApplication.java:640] No active profile set, falling back to 1 default profile: "default"
2022-04-19 21:37:31,833 INFO [restartedMain] o.s.b.d.e.DevToolsPropertyDefaultsPostProcessor [DeferredLog.java:255] Devtools property defaults active! Set 'spring.devtools.add-properties' to 'false' to disable
2022-04-19 21:37:31,834 INFO [restartedMain] o.s.b.d.e.DevToolsPropertyDefaultsPostProcessor [DeferredLog.java:255] For additional web related logging consider setting the 'logging.level.web' property to 'DEBUG'
2022-04-19 21:37:32,539 INFO [restartedMain] o.s.b.w.e.t.TomcatWebServer [TomcatWebServer.java:108] Tomcat initialized with port(s): 8080 (http)
2022-04-19 21:37:32,545 INFO [restartedMain] o.a.c.h.Http11NioProtocol [DirectJDKLog.java:173] Initializing ProtocolHandler ["http-nio-8080"]
2022-04-19 21:37:32,545 INFO [restartedMain] o.a.c.c.StandardService [DirectJDKLog.java:173] Starting service [Tomcat]
2022-04-19 21:37:32,545 INFO [restartedMain] o.a.c.c.StandardEngine [DirectJDKLog.java:173] Starting Servlet engine: [Apache Tomcat/9.0.60]
2022-04-19 21:37:32,590 INFO [restartedMain] o.a.c.c.C.[.[.[/comunity] [DirectJDKLog.java:173] Initializing Spring embedded WebApplicationContext
2022-04-19 21:37:32,590 INFO [restartedMain] o.s.b.w.s.c.ServletWebServerApplicationContext [ServletWebServerApplicationContext.java:290] Root WebApplicationContext: initialization completed in 755 ms
2022-04-19 21:37:32,941 INFO [restartedMain] o.s.b.a.w.s.WelcomePageHandlerMapping [WelcomePageHandlerMapping.java:57] Adding welcome page template: index
2022-04-19 21:37:33,022 INFO [restartedMain] o.s.b.d.a.OptionalLiveReloadServer [OptionalLiveReloadServer.java:58] LiveReload server is running on port 35729
2022-04-19 21:37:33,034 INFO [restartedMain] o.a.c.h.Http11NioProtocol [DirectJDKLog.java:173] Starting ProtocolHandler ["http-nio-8080"]
2022-04-19 21:37:33,046 INFO [restartedMain] o.s.b.w.e.t.TomcatWebServer [TomcatWebServer.java:220] Tomcat started on port(s): 8080 (http) with context path '/comunity'
2022-04-19 21:37:33,054 INFO [restartedMain] c.z.c.ComunityApplication [StartupInfoLogger.java:61] Started ComunityApplication in 1.646 seconds (JVM running for 2.91)
2022-04-19 21:39:45,330 INFO [http-nio-8080-exec-1] o.a.c.c.C.[.[.[/comunity] [DirectJDKLog.java:173] Initializing Spring DispatcherServlet 'dispatcherServlet'
2022-04-19 21:39:45,331 INFO [http-nio-8080-exec-1] o.s.w.s.DispatcherServlet [FrameworkServlet.java:525] Initializing Servlet 'dispatcherServlet'
2022-04-19 21:39:45,332 INFO [http-nio-8080-exec-1] o.s.w.s.DispatcherServlet [FrameworkServlet.java:547] Completed initialization in 1 ms
2022-04-19 21:39:45,352 INFO [http-nio-8080-exec-1] c.z.h.HikariDataSource [HikariDataSource.java:110] HikariPool-1 - Starting...
2022-04-19 21:39:45,432 INFO [http-nio-8080-exec-1] c.z.h.HikariDataSource [HikariDataSource.java:123] HikariPool-1 - Start completed.
2022-04-19 21:43:16,931 INFO [restartedMain] c.z.c.ComunityApplication [StartupInfoLogger.java:55] Starting ComunityApplication using Java 11.0.13 on SK-20220116LREU with PID 9152 (C:\work\workspace\comunity\target\classes started by Administrator in C:\work\workspace\comunity)
2022-04-19 21:43:16,933 INFO [restartedMain] c.z.c.ComunityApplication [SpringApplication.java:640] No active profile set, falling back to 1 default profile: "default"
2022-04-19 21:43:16,975 INFO [restartedMain] o.s.b.d.e.DevToolsPropertyDefaultsPostProcessor [DeferredLog.java:255] Devtools property defaults active! Set 'spring.devtools.add-properties' to 'false' to disable
2022-04-19 21:43:16,975 INFO [restartedMain] o.s.b.d.e.DevToolsPropertyDefaultsPostProcessor [DeferredLog.java:255] For additional web related logging consider setting the 'logging.level.web' property to 'DEBUG'
2022-04-19 21:43:17,726 INFO [restartedMain] o.s.b.w.e.t.TomcatWebServer [TomcatWebServer.java:108] Tomcat initialized with port(s): 8080 (http)
2022-04-19 21:43:17,737 INFO [restartedMain] o.a.c.h.Http11NioProtocol [DirectJDKLog.java:173] Initializing ProtocolHandler ["http-nio-8080"]
2022-04-19 21:43:17,738 INFO [restartedMain] o.a.c.c.StandardService [DirectJDKLog.java:173] Starting service [Tomcat]
2022-04-19 21:43:17,738 INFO [restartedMain] o.a.c.c.StandardEngine [DirectJDKLog.java:173] Starting Servlet engine: [Apache Tomcat/9.0.60]
2022-04-19 21:43:17,779 INFO [restartedMain] o.a.c.c.C.[.[.[/comunity] [DirectJDKLog.java:173] Initializing Spring embedded WebApplicationContext
2022-04-19 21:43:17,779 INFO [restartedMain] o.s.b.w.s.c.ServletWebServerApplicationContext [ServletWebServerApplicationContext.java:290] Root WebApplicationContext: initialization completed in 803 ms
2022-04-19 21:43:18,135 INFO [restartedMain] o.s.b.a.w.s.WelcomePageHandlerMapping [WelcomePageHandlerMapping.java:57] Adding welcome page template: index
2022-04-19 21:43:18,218 INFO [restartedMain] o.s.b.d.a.OptionalLiveReloadServer [OptionalLiveReloadServer.java:58] LiveReload server is running on port 35729
2022-04-19 21:43:18,229 INFO [restartedMain] o.a.c.h.Http11NioProtocol [DirectJDKLog.java:173] Starting ProtocolHandler ["http-nio-8080"]
2022-04-19 21:43:18,241 INFO [restartedMain] o.s.b.w.e.t.TomcatWebServer [TomcatWebServer.java:220] Tomcat started on port(s): 8080 (http) with context path '/comunity'
2022-04-19 21:43:18,249 INFO [restartedMain] c.z.c.ComunityApplication [StartupInfoLogger.java:61] Started ComunityApplication in 1.671 seconds (JVM running for 2.294)
2022-04-19 21:43:30,899 INFO [restartedMain] c.z.c.ComunityApplication [StartupInfoLogger.java:55] Starting ComunityApplication using Java 11.0.13 on SK-20220116LREU with PID 4960 (C:\work\workspace\comunity\target\classes started by Administrator in C:\work\workspace\comunity)
2022-04-19 21:43:30,900 INFO [restartedMain] c.z.c.ComunityApplication [SpringApplication.java:640] No active profile set, falling back to 1 default profile: "default"
2022-04-19 21:43:30,942 INFO [restartedMain] o.s.b.d.e.DevToolsPropertyDefaultsPostProcessor [DeferredLog.java:255] Devtools property defaults active! Set 'spring.devtools.add-properties' to 'false' to disable
2022-04-19 21:43:30,943 INFO [restartedMain] o.s.b.d.e.DevToolsPropertyDefaultsPostProcessor [DeferredLog.java:255] For additional web related logging consider setting the 'logging.level.web' property to 'DEBUG'
2022-04-19 21:43:31,706 INFO [restartedMain] o.s.b.w.e.t.TomcatWebServer [TomcatWebServer.java:108] Tomcat initialized with port(s): 8080 (http)
2022-04-19 21:43:31,712 INFO [restartedMain] o.a.c.h.Http11NioProtocol [DirectJDKLog.java:173] Initializing ProtocolHandler ["http-nio-8080"]
2022-04-19 21:43:31,712 INFO [restartedMain] o.a.c.c.StandardService [DirectJDKLog.java:173] Starting service [Tomcat]
2022-04-19 21:43:31,712 INFO [restartedMain] o.a.c.c.StandardEngine [DirectJDKLog.java:173] Starting Servlet engine: [Apache Tomcat/9.0.60]
2022-04-19 21:43:31,756 INFO [restartedMain] o.a.c.c.C.[.[.[/comunity] [DirectJDKLog.java:173] Initializing Spring embedded WebApplicationContext
2022-04-19 21:43:31,756 INFO [restartedMain] o.s.b.w.s.c.ServletWebServerApplicationContext [ServletWebServerApplicationContext.java:290] Root WebApplicationContext: initialization completed in 812 ms
2022-04-19 21:43:32,115 INFO [restartedMain] o.s.b.a.w.s.WelcomePageHandlerMapping [WelcomePageHandlerMapping.java:57] Adding welcome page template: index
2022-04-19 21:43:32,204 INFO [restartedMain] o.s.b.d.a.OptionalLiveReloadServer [OptionalLiveReloadServer.java:58] LiveReload server is running on port 35729
2022-04-19 21:43:32,215 INFO [restartedMain] o.a.c.h.Http11NioProtocol [DirectJDKLog.java:173] Starting ProtocolHandler ["http-nio-8080"]
2022-04-19 21:43:32,227 INFO [restartedMain] o.s.b.w.e.t.TomcatWebServer [TomcatWebServer.java:220] Tomcat started on port(s): 8080 (http) with context path '/comunity'
2022-04-19 21:43:32,236 INFO [restartedMain] c.z.c.ComunityApplication [StartupInfoLogger.java:61] Started ComunityApplication in 1.694 seconds (JVM running for 2.314)
2022-04-19 21:43:37,107 INFO [http-nio-8080-exec-3] o.a.c.c.C.[.[.[/comunity] [DirectJDKLog.java:173] Initializing Spring DispatcherServlet 'dispatcherServlet'
2022-04-19 21:43:37,108 INFO [http-nio-8080-exec-3] o.s.w.s.DispatcherServlet [FrameworkServlet.java:525] Initializing Servlet 'dispatcherServlet'
2022-04-19 21:43:37,109 INFO [http-nio-8080-exec-3] o.s.w.s.DispatcherServlet [FrameworkServlet.java:547] Completed initialization in 1 ms
2022-04-19 21:43:38,610 INFO [http-nio-8080-exec-6] c.z.h.HikariDataSource [HikariDataSource.java:110] HikariPool-1 - Starting...
2022-04-19 21:43:38,685 INFO [http-nio-8080-exec-6] c.z.h.HikariDataSource [HikariDataSource.java:123] HikariPool-1 - Start completed.
2022-04-19 21:49:09,685 INFO [restartedMain] c.z.c.ComunityApplication [StartupInfoLogger.java:55] Starting ComunityApplication using Java 11.0.13 on SK-20220116LREU with PID 2124 (C:\work\workspace\comunity\target\classes started by Administrator in C:\work\workspace\comunity)
2022-04-19 21:49:09,686 INFO [restartedMain] c.z.c.ComunityApplication [SpringApplication.java:640] No active profile set, falling back to 1 default profile: "default"
2022-04-19 21:49:09,734 INFO [restartedMain] o.s.b.d.e.DevToolsPropertyDefaultsPostProcessor [DeferredLog.java:255] Devtools property defaults active! Set 'spring.devtools.add-properties' to 'false' to disable
2022-04-19 21:49:09,734 INFO [restartedMain] o.s.b.d.e.DevToolsPropertyDefaultsPostProcessor [DeferredLog.java:255] For additional web related logging consider setting the 'logging.level.web' property to 'DEBUG'
2022-04-19 21:49:10,486 INFO [restartedMain] o.s.b.w.e.t.TomcatWebServer [TomcatWebServer.java:108] Tomcat initialized with port(s): 8080 (http)
2022-04-19 21:49:10,492 INFO [restartedMain] o.a.c.h.Http11NioProtocol [DirectJDKLog.java:173] Initializing ProtocolHandler ["http-nio-8080"]
2022-04-19 21:49:10,492 INFO [restartedMain] o.a.c.c.StandardService [DirectJDKLog.java:173] Starting service [Tomcat]
2022-04-19 21:49:10,492 INFO [restartedMain] o.a.c.c.StandardEngine [DirectJDKLog.java:173] Starting Servlet engine: [Apache Tomcat/9.0.60]
2022-04-19 21:49:10,534 INFO [restartedMain] o.a.c.c.C.[.[.[/comunity] [DirectJDKLog.java:173] Initializing Spring embedded WebApplicationContext
2022-04-19 21:49:10,534 INFO [restartedMain] o.s.b.w.s.c.ServletWebServerApplicationContext [ServletWebServerApplicationContext.java:290] Root WebApplicationContext: initialization completed in 799 ms
2022-04-19 21:49:10,874 INFO [restartedMain] o.s.b.a.w.s.WelcomePageHandlerMapping [WelcomePageHandlerMapping.java:57] Adding welcome page template: index
2022-04-19 21:49:10,955 INFO [restartedMain] o.s.b.d.a.OptionalLiveReloadServer [OptionalLiveReloadServer.java:58] LiveReload server is running on port 35729
2022-04-19 21:49:10,966 INFO [restartedMain] o.a.c.h.Http11NioProtocol [DirectJDKLog.java:173] Starting ProtocolHandler ["http-nio-8080"]
2022-04-19 21:49:10,978 INFO [restartedMain] o.s.b.w.e.t.TomcatWebServer [TomcatWebServer.java:220] Tomcat started on port(s): 8080 (http) with context path '/comunity'
2022-04-19 21:49:10,986 INFO [restartedMain] c.z.c.ComunityApplication [StartupInfoLogger.java:61] Started ComunityApplication in 1.672 seconds (JVM running for 2.33)
2022-04-19 21:49:19,364 INFO [http-nio-8080-exec-1] o.a.c.c.C.[.[.[/comunity] [DirectJDKLog.java:173] Initializing Spring DispatcherServlet 'dispatcherServlet'
2022-04-19 21:49:19,365 INFO [http-nio-8080-exec-1] o.s.w.s.DispatcherServlet [FrameworkServlet.java:525] Initializing Servlet 'dispatcherServlet'
2022-04-19 21:49:19,366 INFO [http-nio-8080-exec-1] o.s.w.s.DispatcherServlet [FrameworkServlet.java:547] Completed initialization in 1 ms
2022-04-19 21:49:19,392 INFO [http-nio-8080-exec-1] c.z.h.HikariDataSource [HikariDataSource.java:110] HikariPool-1 - Starting...
2022-04-19 21:49:19,475 INFO [http-nio-8080-exec-1] c.z.h.HikariDataSource [HikariDataSource.java:123] HikariPool-1 - Start completed.
2022-04-19 21:52:07,909 INFO [restartedMain] c.z.c.ComunityApplication [StartupInfoLogger.java:55] Starting ComunityApplication using Java 11.0.13 on SK-20220116LREU with PID 5076 (C:\work\workspace\comunity\target\classes started by Administrator in C:\work\workspace\comunity)
2022-04-19 21:52:07,911 INFO [restartedMain] c.z.c.ComunityApplication [SpringApplication.java:640] No active profile set, falling back to 1 default profile: "default"
2022-04-19 21:52:07,951 INFO [restartedMain] o.s.b.d.e.DevToolsPropertyDefaultsPostProcessor [DeferredLog.java:255] Devtools property defaults active! Set 'spring.devtools.add-properties' to 'false' to disable
2022-04-19 21:52:07,951 INFO [restartedMain] o.s.b.d.e.DevToolsPropertyDefaultsPostProcessor [DeferredLog.java:255] For additional web related logging consider setting the 'logging.level.web' property to 'DEBUG'
2022-04-19 21:52:08,720 INFO [restartedMain] o.s.b.w.e.t.TomcatWebServer [TomcatWebServer.java:108] Tomcat initialized with port(s): 8080 (http)
2022-04-19 21:52:08,726 INFO [restartedMain] o.a.c.h.Http11NioProtocol [DirectJDKLog.java:173] Initializing ProtocolHandler ["http-nio-8080"]
2022-04-19 21:52:08,727 INFO [restartedMain] o.a.c.c.StandardService [DirectJDKLog.java:173] Starting service [Tomcat]
2022-04-19 21:52:08,727 INFO [restartedMain] o.a.c.c.StandardEngine [DirectJDKLog.java:173] Starting Servlet engine: [Apache Tomcat/9.0.60]
2022-04-19 21:52:08,771 INFO [restartedMain] o.a.c.c.C.[.[.[/comunity] [DirectJDKLog.java:173] Initializing Spring embedded WebApplicationContext
2022-04-19 21:52:08,771 INFO [restartedMain] o.s.b.w.s.c.ServletWebServerApplicationContext [ServletWebServerApplicationContext.java:290] Root WebApplicationContext: initialization completed in 819 ms
2022-04-19 21:52:09,125 INFO [restartedMain] o.s.b.a.w.s.WelcomePageHandlerMapping [WelcomePageHandlerMapping.java:57] Adding welcome page template: index
2022-04-19 21:52:09,210 INFO [restartedMain] o.s.b.d.a.OptionalLiveReloadServer [OptionalLiveReloadServer.java:58] LiveReload server is running on port 35729
2022-04-19 21:52:09,221 INFO [restartedMain] o.a.c.h.Http11NioProtocol [DirectJDKLog.java:173] Starting ProtocolHandler ["http-nio-8080"]
2022-04-19 21:52:09,234 INFO [restartedMain] o.s.b.w.e.t.TomcatWebServer [TomcatWebServer.java:220] Tomcat started on port(s): 8080 (http) with context path '/comunity'
2022-04-19 21:52:09,242 INFO [restartedMain] c.z.c.ComunityApplication [StartupInfoLogger.java:61] Started ComunityApplication in 1.691 seconds (JVM running for 2.332)
2022-04-19 21:52:16,472 INFO [http-nio-8080-exec-1] o.a.c.c.C.[.[.[/comunity] [DirectJDKLog.java:173] Initializing Spring DispatcherServlet 'dispatcherServlet'
2022-04-19 21:52:16,473 INFO [http-nio-8080-exec-1] o.s.w.s.DispatcherServlet [FrameworkServlet.java:525] Initializing Servlet 'dispatcherServlet'
2022-04-19 21:52:16,474 INFO [http-nio-8080-exec-1] o.s.w.s.DispatcherServlet [FrameworkServlet.java:547] Completed initialization in 1 ms
2022-04-19 21:52:16,496 INFO [http-nio-8080-exec-1] c.z.h.HikariDataSource [HikariDataSource.java:110] HikariPool-1 - Starting...
2022-04-19 21:52:16,579 INFO [http-nio-8080-exec-1] c.z.h.HikariDataSource [HikariDataSource.java:123] HikariPool-1 - Start completed.
2022-04-19 21:52:34,961 INFO [restartedMain] c.z.c.ComunityApplication [StartupInfoLogger.java:55] Starting ComunityApplication using Java 11.0.13 on SK-20220116LREU with PID 8556 (C:\work\workspace\comunity\target\classes started by Administrator in C:\work\workspace\comunity)
2022-04-19 21:52:34,963 INFO [restartedMain] c.z.c.ComunityApplication [SpringApplication.java:640] No active profile set, falling back to 1 default profile: "default"
2022-04-19 21:52:35,007 INFO [restartedMain] o.s.b.d.e.DevToolsPropertyDefaultsPostProcessor [DeferredLog.java:255] Devtools property defaults active! Set 'spring.devtools.add-properties' to 'false' to disable
2022-04-19 21:52:35,008 INFO [restartedMain] o.s.b.d.e.DevToolsPropertyDefaultsPostProcessor [DeferredLog.java:255] For additional web related logging consider setting the 'logging.level.web' property to 'DEBUG'
2022-04-19 21:52:35,770 INFO [restartedMain] o.s.b.w.e.t.TomcatWebServer [TomcatWebServer.java:108] Tomcat initialized with port(s): 8080 (http)
2022-04-19 21:52:35,776 INFO [restartedMain] o.a.c.h.Http11NioProtocol [DirectJDKLog.java:173] Initializing ProtocolHandler ["http-nio-8080"]
2022-04-19 21:52:35,777 INFO [restartedMain] o.a.c.c.StandardService [DirectJDKLog.java:173] Starting service [Tomcat]
2022-04-19 21:52:35,777 INFO [restartedMain] o.a.c.c.StandardEngine [DirectJDKLog.java:173] Starting Servlet engine: [Apache Tomcat/9.0.60]
2022-04-19 21:52:35,822 INFO [restartedMain] o.a.c.c.C.[.[.[/comunity] [DirectJDKLog.java:173] Initializing Spring embedded WebApplicationContext
2022-04-19 21:52:35,822 INFO [restartedMain] o.s.b.w.s.c.ServletWebServerApplicationContext [ServletWebServerApplicationContext.java:290] Root WebApplicationContext: initialization completed in 814 ms
2022-04-19 21:52:36,171 INFO [restartedMain] o.s.b.a.w.s.WelcomePageHandlerMapping [WelcomePageHandlerMapping.java:57] Adding welcome page template: index
2022-04-19 21:52:36,252 INFO [restartedMain] o.s.b.d.a.OptionalLiveReloadServer [OptionalLiveReloadServer.java:58] LiveReload server is running on port 35729
2022-04-19 21:52:36,262 INFO [restartedMain] o.a.c.h.Http11NioProtocol [DirectJDKLog.java:173] Starting ProtocolHandler ["http-nio-8080"]
2022-04-19 21:52:36,276 INFO [restartedMain] o.s.b.w.e.t.TomcatWebServer [TomcatWebServer.java:220] Tomcat started on port(s): 8080 (http) with context path '/comunity'
2022-04-19 21:52:36,284 INFO [restartedMain] c.z.c.ComunityApplication [StartupInfoLogger.java:61] Started ComunityApplication in 1.671 seconds (JVM running for 2.294)
2022-04-19 21:52:41,335 INFO [http-nio-8080-exec-1] o.a.c.c.C.[.[.[/comunity] [DirectJDKLog.java:173] Initializing Spring DispatcherServlet 'dispatcherServlet'
2022-04-19 21:52:41,336 INFO [http-nio-8080-exec-1] o.s.w.s.DispatcherServlet [FrameworkServlet.java:525] Initializing Servlet 'dispatcherServlet'
2022-04-19 21:52:41,337 INFO [http-nio-8080-exec-1] o.s.w.s.DispatcherServlet [FrameworkServlet.java:547] Completed initialization in 0 ms
2022-04-19 21:52:41,359 INFO [http-nio-8080-exec-1] c.z.h.HikariDataSource [HikariDataSource.java:110] HikariPool-1 - Starting...
2022-04-19 21:52:41,440 INFO [http-nio-8080-exec-1] c.z.h.HikariDataSource [HikariDataSource.java:123] HikariPool-1 - Start completed.
2022-04-19 21:58:24,231 INFO [restartedMain] c.z.c.ComunityApplication [StartupInfoLogger.java:55] Starting ComunityApplication using Java 11.0.13 on SK-20220116LREU with PID 5384 (C:\work\workspace\comunity\target\classes started by Administrator in C:\work\workspace\comunity)
2022-04-19 21:58:24,233 INFO [restartedMain] c.z.c.ComunityApplication [SpringApplication.java:640] No active profile set, falling back to 1 default profile: "default"
2022-04-19 21:58:24,277 INFO [restartedMain] o.s.b.d.e.DevToolsPropertyDefaultsPostProcessor [DeferredLog.java:255] Devtools property defaults active! Set 'spring.devtools.add-properties' to 'false' to disable
2022-04-19 21:58:24,277 INFO [restartedMain] o.s.b.d.e.DevToolsPropertyDefaultsPostProcessor [DeferredLog.java:255] For additional web related logging consider setting the 'logging.level.web' property to 'DEBUG'
2022-04-19 21:58:25,041 INFO [restartedMain] o.s.b.w.e.t.TomcatWebServer [TomcatWebServer.java:108] Tomcat initialized with port(s): 8080 (http)
2022-04-19 21:58:25,047 INFO [restartedMain] o.a.c.h.Http11NioProtocol [DirectJDKLog.java:173] Initializing ProtocolHandler ["http-nio-8080"]
2022-04-19 21:58:25,047 INFO [restartedMain] o.a.c.c.StandardService [DirectJDKLog.java:173] Starting service [Tomcat]
2022-04-19 21:58:25,047 INFO [restartedMain] o.a.c.c.StandardEngine [DirectJDKLog.java:173] Starting Servlet engine: [Apache Tomcat/9.0.60]
2022-04-19 21:58:25,090 INFO [restartedMain] o.a.c.c.C.[.[.[/comunity] [DirectJDKLog.java:173] Initializing Spring embedded WebApplicationContext
2022-04-19 21:58:25,090 INFO [restartedMain] o.s.b.w.s.c.ServletWebServerApplicationContext [ServletWebServerApplicationContext.java:290] Root WebApplicationContext: initialization completed in 812 ms
2022-04-19 21:58:25,438 INFO [restartedMain] o.s.b.a.w.s.WelcomePageHandlerMapping [WelcomePageHandlerMapping.java:57] Adding welcome page template: index
2022-04-19 21:58:25,521 INFO [restartedMain] o.s.b.d.a.OptionalLiveReloadServer [OptionalLiveReloadServer.java:58] LiveReload server is running on port 35729
2022-04-19 21:58:25,532 INFO [restartedMain] o.a.c.h.Http11NioProtocol [DirectJDKLog.java:173] Starting ProtocolHandler ["http-nio-8080"]
2022-04-19 21:58:25,544 INFO [restartedMain] o.s.b.w.e.t.TomcatWebServer [TomcatWebServer.java:220] Tomcat started on port(s): 8080 (http) with context path '/comunity'
2022-04-19 21:58:25,551 INFO [restartedMain] c.z.c.ComunityApplication [StartupInfoLogger.java:61] Started ComunityApplication in 1.7 seconds (JVM running for 2.337)
2022-04-19 21:58:30,911 INFO [http-nio-8080-exec-1] o.a.c.c.C.[.[.[/comunity] [DirectJDKLog.java:173] Initializing Spring DispatcherServlet 'dispatcherServlet'
2022-04-19 21:58:30,912 INFO [http-nio-8080-exec-1] o.s.w.s.DispatcherServlet [FrameworkServlet.java:525] Initializing Servlet 'dispatcherServlet'
2022-04-19 21:58:30,914 INFO [http-nio-8080-exec-1] o.s.w.s.DispatcherServlet [FrameworkServlet.java:547] Completed initialization in 2 ms
2022-04-19 21:58:30,939 INFO [http-nio-8080-exec-1] c.z.h.HikariDataSource [HikariDataSource.java:110] HikariPool-1 - Starting...
2022-04-19 21:58:31,016 INFO [http-nio-8080-exec-1] c.z.h.HikariDataSource [HikariDataSource.java:123] HikariPool-1 - Start completed.
2022-04-19 21:58:55,134 INFO [restartedMain] c.z.c.ComunityApplication [StartupInfoLogger.java:55] Starting ComunityApplication using Java 11.0.13 on SK-20220116LREU with PID 1316 (C:\work\workspace\comunity\target\classes started by Administrator in C:\work\workspace\comunity)
2022-04-19 21:58:55,136 INFO [restartedMain] c.z.c.ComunityApplication [SpringApplication.java:640] No active profile set, falling back to 1 default profile: "default"
2022-04-19 21:58:55,168 INFO [restartedMain] o.s.b.d.e.DevToolsPropertyDefaultsPostProcessor [DeferredLog.java:255] Devtools property defaults active! Set 'spring.devtools.add-properties' to 'false' to disable
2022-04-19 21:58:55,169 INFO [restartedMain] o.s.b.d.e.DevToolsPropertyDefaultsPostProcessor [DeferredLog.java:255] For additional web related logging consider setting the 'logging.level.web' property to 'DEBUG'
2022-04-19 21:58:55,953 INFO [restartedMain] o.s.b.w.e.t.TomcatWebServer [TomcatWebServer.java:108] Tomcat initialized with port(s): 8080 (http)
2022-04-19 21:58:55,959 INFO [restartedMain] o.a.c.h.Http11NioProtocol [DirectJDKLog.java:173] Initializing ProtocolHandler ["http-nio-8080"]
2022-04-19 21:58:55,960 INFO [restartedMain] o.a.c.c.StandardService [DirectJDKLog.java:173] Starting service [Tomcat]
2022-04-19 21:58:55,960 INFO [restartedMain] o.a.c.c.StandardEngine [DirectJDKLog.java:173] Starting Servlet engine: [Apache Tomcat/9.0.60]
2022-04-19 21:58:56,007 INFO [restartedMain] o.a.c.c.C.[.[.[/comunity] [DirectJDKLog.java:173] Initializing Spring embedded WebApplicationContext
2022-04-19 21:58:56,007 INFO [restartedMain] o.s.b.w.s.c.ServletWebServerApplicationContext [ServletWebServerApplicationContext.java:290] Root WebApplicationContext: initialization completed in 838 ms
2022-04-19 21:58:56,423 INFO [restartedMain] o.s.b.a.w.s.WelcomePageHandlerMapping [WelcomePageHandlerMapping.java:57] Adding welcome page template: index
2022-04-19 21:58:56,516 INFO [restartedMain] o.s.b.d.a.OptionalLiveReloadServer [OptionalLiveReloadServer.java:58] LiveReload server is running on port 35729
2022-04-19 21:58:56,528 INFO [restartedMain] o.a.c.h.Http11NioProtocol [DirectJDKLog.java:173] Starting ProtocolHandler ["http-nio-8080"]
2022-04-19 21:58:56,542 INFO [restartedMain] o.s.b.w.e.t.TomcatWebServer [TomcatWebServer.java:220] Tomcat started on port(s): 8080 (http) with context path '/comunity'
2022-04-19 21:58:56,551 INFO [restartedMain] c.z.c.ComunityApplication [StartupInfoLogger.java:61] Started ComunityApplication in 1.78 seconds (JVM running for 3.036)
2022-04-19 21:59:01,084 INFO [http-nio-8080-exec-1] o.a.c.c.C.[.[.[/comunity] [DirectJDKLog.java:173] Initializing Spring DispatcherServlet 'dispatcherServlet'
2022-04-19 21:59:01,085 INFO [http-nio-8080-exec-1] o.s.w.s.DispatcherServlet [FrameworkServlet.java:525] Initializing Servlet 'dispatcherServlet'
2022-04-19 21:59:01,086 INFO [http-nio-8080-exec-1] o.s.w.s.DispatcherServlet [FrameworkServlet.java:547] Completed initialization in 1 ms
2022-04-19 21:59:01,110 INFO [http-nio-8080-exec-1] c.z.h.HikariDataSource [HikariDataSource.java:110] HikariPool-1 - Starting...
2022-04-19 21:59:01,200 INFO [http-nio-8080-exec-1] c.z.h.HikariDataSource [HikariDataSource.java:123] HikariPool-1 - Start completed.
2022-04-19 22:01:14,787 INFO [SpringApplicationShutdownHook] c.z.h.HikariDataSource [HikariDataSource.java:350] HikariPool-1 - Shutdown initiated...
2022-04-19 22:01:14,793 INFO [SpringApplicationShutdownHook] c.z.h.HikariDataSource [HikariDataSource.java:352] HikariPool-1 - Shutdown completed.
2022-04-19 22:01:17,838 INFO [restartedMain] c.z.c.ComunityApplication [StartupInfoLogger.java:55] Starting ComunityApplication using Java 11.0.13 on SK-20220116LREU with PID 9084 (C:\work\workspace\comunity\target\classes started by Administrator in C:\work\workspace\comunity)
2022-04-19 22:01:17,840 INFO [restartedMain] c.z.c.ComunityApplication [SpringApplication.java:640] No active profile set, falling back to 1 default profile: "default"
2022-04-19 22:01:17,884 INFO [restartedMain] o.s.b.d.e.DevToolsPropertyDefaultsPostProcessor [DeferredLog.java:255] Devtools property defaults active! Set 'spring.devtools.add-properties' to 'false' to disable
2022-04-19 22:01:17,885 INFO [restartedMain] o.s.b.d.e.DevToolsPropertyDefaultsPostProcessor [DeferredLog.java:255] For additional web related logging consider setting the 'logging.level.web' property to 'DEBUG'
2022-04-19 22:01:18,670 INFO [restartedMain] o.s.b.w.e.t.TomcatWebServer [TomcatWebServer.java:108] Tomcat initialized with port(s): 8080 (http)
2022-04-19 22:01:18,676 INFO [restartedMain] o.a.c.h.Http11NioProtocol [DirectJDKLog.java:173] Initializing ProtocolHandler ["http-nio-8080"]
2022-04-19 22:01:18,676 INFO [restartedMain] o.a.c.c.StandardService [DirectJDKLog.java:173] Starting service [Tomcat]
2022-04-19 22:01:18,677 INFO [restartedMain] o.a.c.c.StandardEngine [DirectJDKLog.java:173] Starting Servlet engine: [Apache Tomcat/9.0.60]
2022-04-19 22:01:18,720 INFO [restartedMain] o.a.c.c.C.[.[.[/comunity] [DirectJDKLog.java:173] Initializing Spring embedded WebApplicationContext
2022-04-19 22:01:18,720 INFO [restartedMain] o.s.b.w.s.c.ServletWebServerApplicationContext [ServletWebServerApplicationContext.java:290] Root WebApplicationContext: initialization completed in 834 ms
2022-04-19 22:01:19,077 INFO [restartedMain] o.s.b.a.w.s.WelcomePageHandlerMapping [WelcomePageHandlerMapping.java:57] Adding welcome page template: index
2022-04-19 22:01:19,166 INFO [restartedMain] o.s.b.d.a.OptionalLiveReloadServer [OptionalLiveReloadServer.java:58] LiveReload server is running on port 35729
2022-04-19 22:01:19,180 INFO [restartedMain] o.a.c.h.Http11NioProtocol [DirectJDKLog.java:173] Starting ProtocolHandler ["http-nio-8080"]
2022-04-19 22:01:19,192 INFO [restartedMain] o.s.b.w.e.t.TomcatWebServer [TomcatWebServer.java:220] Tomcat started on port(s): 8080 (http) with context path '/comunity'
2022-04-19 22:01:19,200 INFO [restartedMain] c.z.c.ComunityApplication [StartupInfoLogger.java:61] Started ComunityApplication in 1.728 seconds (JVM running for 3.029)
2022-04-19 22:01:23,872 INFO [http-nio-8080-exec-1] o.a.c.c.C.[.[.[/comunity] [DirectJDKLog.java:173] Initializing Spring DispatcherServlet 'dispatcherServlet'
2022-04-19 22:01:23,873 INFO [http-nio-8080-exec-1] o.s.w.s.DispatcherServlet [FrameworkServlet.java:525] Initializing Servlet 'dispatcherServlet'
2022-04-19 22:01:23,874 INFO [http-nio-8080-exec-1] o.s.w.s.DispatcherServlet [FrameworkServlet.java:547] Completed initialization in 1 ms
2022-04-19 22:01:23,895 INFO [http-nio-8080-exec-1] c.z.h.HikariDataSource [HikariDataSource.java:110] HikariPool-1 - Starting...
2022-04-19 22:01:23,970 INFO [http-nio-8080-exec-1] c.z.h.HikariDataSource [HikariDataSource.java:123] HikariPool-1 - Start completed.
2022-04-19 22:09:21,025 INFO [restartedMain] c.z.c.ComunityApplication [StartupInfoLogger.java:55] Starting ComunityApplication using Java 11.0.13 on SK-20220116LREU with PID 10756 (C:\work\workspace\comunity\target\classes started by Administrator in C:\work\workspace\comunity)
2022-04-19 22:09:21,027 INFO [restartedMain] c.z.c.ComunityApplication [SpringApplication.java:640] No active profile set, falling back to 1 default profile: "default"
2022-04-19 22:09:21,077 INFO [restartedMain] o.s.b.d.e.DevToolsPropertyDefaultsPostProcessor [DeferredLog.java:255] Devtools property defaults active! Set 'spring.devtools.add-properties' to 'false' to disable
2022-04-19 22:09:21,079 INFO [restartedMain] o.s.b.d.e.DevToolsPropertyDefaultsPostProcessor [DeferredLog.java:255] For additional web related logging consider setting the 'logging.level.web' property to 'DEBUG'
2022-04-19 22:09:21,854 INFO [restartedMain] o.s.b.w.e.t.TomcatWebServer [TomcatWebServer.java:108] Tomcat initialized with port(s): 8080 (http)
2022-04-19 22:09:21,860 INFO [restartedMain] o.a.c.h.Http11NioProtocol [DirectJDKLog.java:173] Initializing ProtocolHandler ["http-nio-8080"]
2022-04-19 22:09:21,860 INFO [restartedMain] o.a.c.c.StandardService [DirectJDKLog.java:173] Starting service [Tomcat]
2022-04-19 22:09:21,861 INFO [restartedMain] o.a.c.c.StandardEngine [DirectJDKLog.java:173] Starting Servlet engine: [Apache Tomcat/9.0.60]
2022-04-19 22:09:21,902 INFO [restartedMain] o.a.c.c.C.[.[.[/comunity] [DirectJDKLog.java:173] Initializing Spring embedded WebApplicationContext
2022-04-19 22:09:21,902 INFO [restartedMain] o.s.b.w.s.c.ServletWebServerApplicationContext [ServletWebServerApplicationContext.java:290] Root WebApplicationContext: initialization completed in 822 ms
2022-04-19 22:09:22,268 INFO [restartedMain] o.s.b.a.w.s.WelcomePageHandlerMapping [WelcomePageHandlerMapping.java:57] Adding welcome page template: index
2022-04-19 22:09:22,354 INFO [restartedMain] o.s.b.d.a.OptionalLiveReloadServer [OptionalLiveReloadServer.java:58] LiveReload server is running on port 35729
2022-04-19 22:09:22,366 INFO [restartedMain] o.a.c.h.Http11NioProtocol [DirectJDKLog.java:173] Starting ProtocolHandler ["http-nio-8080"]
2022-04-19 22:09:22,377 INFO [restartedMain] o.s.b.w.e.t.TomcatWebServer [TomcatWebServer.java:220] Tomcat started on port(s): 8080 (http) with context path '/comunity'
2022-04-19 22:09:22,386 INFO [restartedMain] c.z.c.ComunityApplication [StartupInfoLogger.java:61] Started ComunityApplication in 1.751 seconds (JVM running for 2.391)
2022-04-19 22:09:36,730 INFO [http-nio-8080-exec-1] o.a.c.c.C.[.[.[/comunity] [DirectJDKLog.java:173] Initializing Spring DispatcherServlet 'dispatcherServlet'
2022-04-19 22:09:36,731 INFO [http-nio-8080-exec-1] o.s.w.s.DispatcherServlet [FrameworkServlet.java:525] Initializing Servlet 'dispatcherServlet'
2022-04-19 22:09:36,731 INFO [http-nio-8080-exec-1] o.s.w.s.DispatcherServlet [FrameworkServlet.java:547] Completed initialization in 0 ms
2022-04-19 22:09:39,119 INFO [http-nio-8080-exec-4] c.z.h.HikariDataSource [HikariDataSource.java:110] HikariPool-1 - Starting...
2022-04-19 22:09:39,195 INFO [http-nio-8080-exec-4] c.z.h.HikariDataSource [HikariDataSource.java:123] HikariPool-1 - Start completed.
2022-04-19 22:20:25,625 INFO [restartedMain] c.z.c.ComunityApplication [StartupInfoLogger.java:55] Starting ComunityApplication using Java 11.0.13 on SK-20220116LREU with PID 1520 (C:\work\workspace\comunity\target\classes started by Administrator in C:\work\workspace\comunity)
2022-04-19 22:20:25,627 INFO [restartedMain] c.z.c.ComunityApplication [SpringApplication.java:640] No active profile set, falling back to 1 default profile: "default"
2022-04-19 22:20:25,686 INFO [restartedMain] o.s.b.d.e.DevToolsPropertyDefaultsPostProcessor [DeferredLog.java:255] Devtools property defaults active! Set 'spring.devtools.add-properties' to 'false' to disable
2022-04-19 22:20:25,687 INFO [restartedMain] o.s.b.d.e.DevToolsPropertyDefaultsPostProcessor [DeferredLog.java:255] For additional web related logging consider setting the 'logging.level.web' property to 'DEBUG'
2022-04-19 22:20:26,598 INFO [restartedMain] o.s.b.w.e.t.TomcatWebServer [TomcatWebServer.java:108] Tomcat initialized with port(s): 8080 (http)
2022-04-19 22:20:26,604 INFO [restartedMain] o.a.c.h.Http11NioProtocol [DirectJDKLog.java:173] Initializing ProtocolHandler ["http-nio-8080"]
2022-04-19 22:20:26,604 INFO [restartedMain] o.a.c.c.StandardService [DirectJDKLog.java:173] Starting service [Tomcat]
2022-04-19 22:20:26,604 INFO [restartedMain] o.a.c.c.StandardEngine [DirectJDKLog.java:173] Starting Servlet engine: [Apache Tomcat/9.0.60]
2022-04-19 22:20:26,654 INFO [restartedMain] o.a.c.c.C.[.[.[/comunity] [DirectJDKLog.java:173] Initializing Spring embedded WebApplicationContext
2022-04-19 22:20:26,654 INFO [restartedMain] o.s.b.w.s.c.ServletWebServerApplicationContext [ServletWebServerApplicationContext.java:290] Root WebApplicationContext: initialization completed in 966 ms
2022-04-19 22:20:27,050 INFO [restartedMain] o.s.b.a.w.s.WelcomePageHandlerMapping [WelcomePageHandlerMapping.java:57] Adding welcome page template: index
2022-04-19 22:20:27,141 INFO [restartedMain] o.s.b.d.a.OptionalLiveReloadServer [OptionalLiveReloadServer.java:58] LiveReload server is running on port 35729
2022-04-19 22:20:27,154 INFO [restartedMain] o.a.c.h.Http11NioProtocol [DirectJDKLog.java:173] Starting ProtocolHandler ["http-nio-8080"]
2022-04-19 22:20:27,166 INFO [restartedMain] o.s.b.w.e.t.TomcatWebServer [TomcatWebServer.java:220] Tomcat started on port(s): 8080 (http) with context path '/comunity'
2022-04-19 22:20:27,175 INFO [restartedMain] c.z.c.ComunityApplication [StartupInfoLogger.java:61] Started ComunityApplication in 2.154 seconds (JVM running for 3.067)
2022-04-19 22:20:39,951 INFO [http-nio-8080-exec-1] o.a.c.c.C.[.[.[/comunity] [DirectJDKLog.java:173] Initializing Spring DispatcherServlet 'dispatcherServlet'
2022-04-19 22:20:39,952 INFO [http-nio-8080-exec-1] o.s.w.s.DispatcherServlet [FrameworkServlet.java:525] Initializing Servlet 'dispatcherServlet'
2022-04-19 22:20:39,953 INFO [http-nio-8080-exec-1] o.s.w.s.DispatcherServlet [FrameworkServlet.java:547] Completed initialization in 1 ms
2022-04-19 22:20:39,975 INFO [http-nio-8080-exec-1] c.z.h.HikariDataSource [HikariDataSource.java:110] HikariPool-1 - Starting...
2022-04-19 22:20:40,065 INFO [http-nio-8080-exec-1] c.z.h.HikariDataSource [HikariDataSource.java:123] HikariPool-1 - Start completed.
2022-04-19 22:37:31,257 INFO [restartedMain] c.z.c.ComunityApplication [StartupInfoLogger.java:55] Starting ComunityApplication using Java 11.0.13 on SK-20220116LREU with PID 9000 (C:\work\workspace\comunity\target\classes started by Administrator in C:\work\workspace\comunity)
2022-04-19 22:37:31,257 INFO [restartedMain] c.z.c.ComunityApplication [SpringApplication.java:640] No active profile set, falling back to 1 default profile: "default"
2022-04-19 22:37:31,335 INFO [restartedMain] o.s.b.d.e.DevToolsPropertyDefaultsPostProcessor [DeferredLog.java:255] Devtools property defaults active! Set 'spring.devtools.add-properties' to 'false' to disable
2022-04-19 22:37:31,335 INFO [restartedMain] o.s.b.d.e.DevToolsPropertyDefaultsPostProcessor [DeferredLog.java:255] For additional web related logging consider setting the 'logging.level.web' property to 'DEBUG'
2022-04-19 22:37:32,413 INFO [restartedMain] o.s.b.w.e.t.TomcatWebServer [TomcatWebServer.java:108] Tomcat initialized with port(s): 8080 (http)
2022-04-19 22:37:32,429 INFO [restartedMain] o.a.c.h.Http11NioProtocol [DirectJDKLog.java:173] Initializing ProtocolHandler ["http-nio-8080"]
2022-04-19 22:37:32,429 INFO [restartedMain] o.a.c.c.StandardService [DirectJDKLog.java:173] Starting service [Tomcat]
2022-04-19 22:37:32,429 INFO [restartedMain] o.a.c.c.StandardEngine [DirectJDKLog.java:173] Starting Servlet engine: [Apache Tomcat/9.0.60]
2022-04-19 22:37:32,523 INFO [restartedMain] o.a.c.c.C.[.[.[/comunity] [DirectJDKLog.java:173] Initializing Spring embedded WebApplicationContext
2022-04-19 22:37:32,523 INFO [restartedMain] o.s.b.w.s.c.ServletWebServerApplicationContext [ServletWebServerApplicationContext.java:290] Root WebApplicationContext: initialization completed in 1188 ms
2022-04-19 22:37:33,179 INFO [restartedMain] o.s.b.a.w.s.WelcomePageHandlerMapping [WelcomePageHandlerMapping.java:57] Adding welcome page template: index
2022-04-19 22:37:33,351 INFO [restartedMain] o.s.b.d.a.OptionalLiveReloadServer [OptionalLiveReloadServer.java:58] LiveReload server is running on port 35729
2022-04-19 22:37:33,366 INFO [restartedMain] o.a.c.h.Http11NioProtocol [DirectJDKLog.java:173] Starting ProtocolHandler ["http-nio-8080"]
2022-04-19 22:37:33,382 INFO [restartedMain] o.s.b.w.e.t.TomcatWebServer [TomcatWebServer.java:220] Tomcat started on port(s): 8080 (http) with context path '/comunity'
2022-04-19 22:37:33,397 INFO [restartedMain] c.z.c.ComunityApplication [StartupInfoLogger.java:61] Started ComunityApplication in 2.871 seconds (JVM running for 4.047)
2022-04-19 22:37:49,965 INFO [http-nio-8080-exec-1] o.a.c.c.C.[.[.[/comunity] [DirectJDKLog.java:173] Initializing Spring DispatcherServlet 'dispatcherServlet'
2022-04-19 22:37:49,965 INFO [http-nio-8080-exec-1] o.s.w.s.DispatcherServlet [FrameworkServlet.java:525] Initializing Servlet 'dispatcherServlet'
2022-04-19 22:37:49,965 INFO [http-nio-8080-exec-1] o.s.w.s.DispatcherServlet [FrameworkServlet.java:547] Completed initialization in 0 ms
2022-04-19 22:37:49,993 INFO [http-nio-8080-exec-1] c.z.h.HikariDataSource [HikariDataSource.java:110] HikariPool-1 - Starting...
2022-04-19 22:37:50,121 INFO [http-nio-8080-exec-1] c.z.h.HikariDataSource [HikariDataSource.java:123] HikariPool-1 - Start completed.
2022-04-19 22:39:51,165 INFO [restartedMain] c.z.c.ComunityApplication [StartupInfoLogger.java:55] Starting ComunityApplication using Java 11.0.13 on SK-20220116LREU with PID 5236 (C:\work\workspace\comunity\target\classes started by Administrator in C:\work\workspace\comunity)
2022-04-19 22:39:51,165 INFO [restartedMain] c.z.c.ComunityApplication [SpringApplication.java:640] No active profile set, falling back to 1 default profile: "default"
2022-04-19 22:39:51,228 INFO [restartedMain] o.s.b.d.e.DevToolsPropertyDefaultsPostProcessor [DeferredLog.java:255] Devtools property defaults active! Set 'spring.devtools.add-properties' to 'false' to disable
2022-04-19 22:39:51,228 INFO [restartedMain] o.s.b.d.e.DevToolsPropertyDefaultsPostProcessor [DeferredLog.java:255] For additional web related logging consider setting the 'logging.level.web' property to 'DEBUG'
2022-04-19 22:39:52,212 INFO [restartedMain] o.s.b.w.e.t.TomcatWebServer [TomcatWebServer.java:108] Tomcat initialized with port(s): 8080 (http)
2022-04-19 22:39:52,220 INFO [restartedMain] o.a.c.h.Http11NioProtocol [DirectJDKLog.java:173] Initializing ProtocolHandler ["http-nio-8080"]
2022-04-19 22:39:52,220 INFO [restartedMain] o.a.c.c.StandardService [DirectJDKLog.java:173] Starting service [Tomcat]
2022-04-19 22:39:52,220 INFO [restartedMain] o.a.c.c.StandardEngine [DirectJDKLog.java:173] Starting Servlet engine: [Apache Tomcat/9.0.60]
2022-04-19 22:39:52,276 INFO [restartedMain] o.a.c.c.C.[.[.[/comunity] [DirectJDKLog.java:173] Initializing Spring embedded WebApplicationContext
2022-04-19 22:39:52,276 INFO [restartedMain] o.s.b.w.s.c.ServletWebServerApplicationContext [ServletWebServerApplicationContext.java:290] Root WebApplicationContext: initialization completed in 1048 ms
2022-04-19 22:39:52,734 INFO [restartedMain] o.s.b.a.w.s.WelcomePageHandlerMapping [WelcomePageHandlerMapping.java:57] Adding welcome page template: index
2022-04-19 22:39:52,945 INFO [restartedMain] o.s.b.d.a.OptionalLiveReloadServer [OptionalLiveReloadServer.java:58] LiveReload server is running on port 35729
2022-04-19 22:39:52,959 INFO [restartedMain] o.a.c.h.Http11NioProtocol [DirectJDKLog.java:173] Starting ProtocolHandler ["http-nio-8080"]
2022-04-19 22:39:52,973 INFO [restartedMain] o.s.b.w.e.t.TomcatWebServer [TomcatWebServer.java:220] Tomcat started on port(s): 8080 (http) with context path '/comunity'
2022-04-19 22:39:52,980 INFO [restartedMain] c.z.c.ComunityApplication [StartupInfoLogger.java:61] Started ComunityApplication in 2.43 seconds (JVM running for 3.492)
2022-04-19 22:40:14,111 INFO [http-nio-8080-exec-1] o.a.c.c.C.[.[.[/comunity] [DirectJDKLog.java:173] Initializing Spring DispatcherServlet 'dispatcherServlet'
2022-04-19 22:40:14,113 INFO [http-nio-8080-exec-1] o.s.w.s.DispatcherServlet [FrameworkServlet.java:525] Initializing Servlet 'dispatcherServlet'
2022-04-19 22:40:14,113 INFO [http-nio-8080-exec-1] o.s.w.s.DispatcherServlet [FrameworkServlet.java:547] Completed initialization in 0 ms
2022-04-19 22:40:14,131 INFO [http-nio-8080-exec-1] c.z.h.HikariDataSource [HikariDataSource.java:110] HikariPool-1 - Starting...
2022-04-19 22:40:14,220 INFO [http-nio-8080-exec-1] c.z.h.HikariDataSource [HikariDataSource.java:123] HikariPool-1 - Start completed.
