2022-04-14 10:22:39,004 INFO [restartedMain] c.z.c.ComunityApplication [StartupInfoLogger.java:55] Starting ComunityApplication using Java 11.0.13 on SK-20220116LREU with PID 5600 (C:\work\workspace\comunity\target\classes started by Administrator in C:\work\workspace\comunity)
2022-04-14 10:22:39,015 INFO [restartedMain] c.z.c.ComunityApplication [SpringApplication.java:640] No active profile set, falling back to 1 default profile: "default"
2022-04-14 10:22:39,095 INFO [restartedMain] o.s.b.d.e.DevToolsPropertyDefaultsPostProcessor [DeferredLog.java:255] Devtools property defaults active! Set 'spring.devtools.add-properties' to 'false' to disable
2022-04-14 10:22:39,096 INFO [restartedMain] o.s.b.d.e.DevToolsPropertyDefaultsPostProcessor [DeferredLog.java:255] For additional web related logging consider setting the 'logging.level.web' property to 'DEBUG'
2022-04-14 10:22:40,113 INFO [restartedMain] o.s.b.w.e.t.TomcatWebServer [TomcatWebServer.java:108] Tomcat initialized with port(s): 8080 (http)
2022-04-14 10:22:40,114 INFO [restartedMain] o.a.c.h.Http11NioProtocol [DirectJDKLog.java:173] Initializing ProtocolHandler ["http-nio-8080"]
2022-04-14 10:22:40,114 INFO [restartedMain] o.a.c.c.StandardService [DirectJDKLog.java:173] Starting service [Tomcat]
2022-04-14 10:22:40,114 INFO [restartedMain] o.a.c.c.StandardEngine [DirectJDKLog.java:173] Starting Servlet engine: [Apache Tomcat/9.0.60]
2022-04-14 10:22:40,174 INFO [restartedMain] o.a.c.c.C.[.[.[/comunity] [DirectJDKLog.java:173] Initializing Spring embedded WebApplicationContext
2022-04-14 10:22:40,174 INFO [restartedMain] o.s.b.w.s.c.ServletWebServerApplicationContext [ServletWebServerApplicationContext.java:290] Root WebApplicationContext: initialization completed in 1077 ms
2022-04-14 10:22:40,614 INFO [restartedMain] o.s.b.a.w.s.WelcomePageHandlerMapping [WelcomePageHandlerMapping.java:57] Adding welcome page template: index
2022-04-14 10:22:40,723 INFO [restartedMain] o.s.b.d.a.OptionalLiveReloadServer [OptionalLiveReloadServer.java:58] LiveReload server is running on port 35729
2022-04-14 10:22:40,735 INFO [restartedMain] o.a.c.h.Http11NioProtocol [DirectJDKLog.java:173] Starting ProtocolHandler ["http-nio-8080"]
2022-04-14 10:22:40,744 INFO [restartedMain] o.s.b.w.e.t.TomcatWebServer [TomcatWebServer.java:220] Tomcat started on port(s): 8080 (http) with context path '/comunity'
2022-04-14 10:22:40,755 INFO [restartedMain] c.z.c.ComunityApplication [StartupInfoLogger.java:61] Started ComunityApplication in 2.666 seconds (JVM running for 4.135)
2022-04-14 10:25:37,824 INFO [http-nio-8080-exec-1] o.a.c.c.C.[.[.[/comunity] [DirectJDKLog.java:173] Initializing Spring DispatcherServlet 'dispatcherServlet'
2022-04-14 10:25:37,825 INFO [http-nio-8080-exec-1] o.s.w.s.DispatcherServlet [FrameworkServlet.java:525] Initializing Servlet 'dispatcherServlet'
2022-04-14 10:25:37,827 INFO [http-nio-8080-exec-1] o.s.w.s.DispatcherServlet [FrameworkServlet.java:547] Completed initialization in 1 ms
2022-04-14 10:25:37,877 INFO [http-nio-8080-exec-1] c.z.h.HikariDataSource [HikariDataSource.java:110] HikariPool-1 - Starting...
2022-04-14 10:25:37,989 INFO [http-nio-8080-exec-1] c.z.h.HikariDataSource [HikariDataSource.java:123] HikariPool-1 - Start completed.
2022-04-14 10:29:43,959 INFO [restartedMain] c.z.c.ComunityApplication [StartupInfoLogger.java:55] Starting ComunityApplication using Java 11.0.13 on SK-20220116LREU with PID 6048 (C:\work\workspace\comunity\target\classes started by Administrator in C:\work\workspace\comunity)
2022-04-14 10:29:43,959 INFO [restartedMain] c.z.c.ComunityApplication [SpringApplication.java:640] No active profile set, falling back to 1 default profile: "default"
2022-04-14 10:29:44,022 INFO [restartedMain] o.s.b.d.e.DevToolsPropertyDefaultsPostProcessor [DeferredLog.java:255] Devtools property defaults active! Set 'spring.devtools.add-properties' to 'false' to disable
2022-04-14 10:29:44,022 INFO [restartedMain] o.s.b.d.e.DevToolsPropertyDefaultsPostProcessor [DeferredLog.java:255] For additional web related logging consider setting the 'logging.level.web' property to 'DEBUG'
2022-04-14 10:29:44,871 INFO [restartedMain] o.s.b.w.e.t.TomcatWebServer [TomcatWebServer.java:108] Tomcat initialized with port(s): 8080 (http)
2022-04-14 10:29:44,871 INFO [restartedMain] o.a.c.h.Http11NioProtocol [DirectJDKLog.java:173] Initializing ProtocolHandler ["http-nio-8080"]
2022-04-14 10:29:44,871 INFO [restartedMain] o.a.c.c.StandardService [DirectJDKLog.java:173] Starting service [Tomcat]
2022-04-14 10:29:44,871 INFO [restartedMain] o.a.c.c.StandardEngine [DirectJDKLog.java:173] Starting Servlet engine: [Apache Tomcat/9.0.60]
2022-04-14 10:29:44,918 INFO [restartedMain] o.a.c.c.C.[.[.[/comunity] [DirectJDKLog.java:173] Initializing Spring embedded WebApplicationContext
2022-04-14 10:29:44,918 INFO [restartedMain] o.s.b.w.s.c.ServletWebServerApplicationContext [ServletWebServerApplicationContext.java:290] Root WebApplicationContext: initialization completed in 896 ms
2022-04-14 10:29:45,294 INFO [restartedMain] o.s.b.a.w.s.WelcomePageHandlerMapping [WelcomePageHandlerMapping.java:57] Adding welcome page template: index
2022-04-14 10:29:45,372 INFO [restartedMain] o.s.b.d.a.OptionalLiveReloadServer [OptionalLiveReloadServer.java:58] LiveReload server is running on port 35729
2022-04-14 10:29:45,388 INFO [restartedMain] o.a.c.h.Http11NioProtocol [DirectJDKLog.java:173] Starting ProtocolHandler ["http-nio-8080"]
2022-04-14 10:29:45,404 INFO [restartedMain] o.s.b.w.e.t.TomcatWebServer [TomcatWebServer.java:220] Tomcat started on port(s): 8080 (http) with context path '/comunity'
2022-04-14 10:29:45,419 INFO [restartedMain] c.z.c.ComunityApplication [StartupInfoLogger.java:61] Started ComunityApplication in 2.058 seconds (JVM running for 3.106)
2022-04-14 10:29:53,807 INFO [http-nio-8080-exec-1] o.a.c.c.C.[.[.[/comunity] [DirectJDKLog.java:173] Initializing Spring DispatcherServlet 'dispatcherServlet'
2022-04-14 10:29:53,809 INFO [http-nio-8080-exec-1] o.s.w.s.DispatcherServlet [FrameworkServlet.java:525] Initializing Servlet 'dispatcherServlet'
2022-04-14 10:29:53,810 INFO [http-nio-8080-exec-1] o.s.w.s.DispatcherServlet [FrameworkServlet.java:547] Completed initialization in 0 ms
2022-04-14 10:32:38,708 INFO [restartedMain] c.z.c.ComunityApplication [StartupInfoLogger.java:55] Starting ComunityApplication using Java 11.0.13 on SK-20220116LREU with PID 3932 (C:\work\workspace\comunity\target\classes started by Administrator in C:\work\workspace\comunity)
2022-04-14 10:32:38,708 INFO [restartedMain] c.z.c.ComunityApplication [SpringApplication.java:640] No active profile set, falling back to 1 default profile: "default"
2022-04-14 10:32:38,755 INFO [restartedMain] o.s.b.d.e.DevToolsPropertyDefaultsPostProcessor [DeferredLog.java:255] Devtools property defaults active! Set 'spring.devtools.add-properties' to 'false' to disable
2022-04-14 10:32:38,755 INFO [restartedMain] o.s.b.d.e.DevToolsPropertyDefaultsPostProcessor [DeferredLog.java:255] For additional web related logging consider setting the 'logging.level.web' property to 'DEBUG'
2022-04-14 10:32:39,662 INFO [restartedMain] o.s.b.w.e.t.TomcatWebServer [TomcatWebServer.java:108] Tomcat initialized with port(s): 8080 (http)
2022-04-14 10:32:39,678 INFO [restartedMain] o.a.c.h.Http11NioProtocol [DirectJDKLog.java:173] Initializing ProtocolHandler ["http-nio-8080"]
2022-04-14 10:32:39,678 INFO [restartedMain] o.a.c.c.StandardService [DirectJDKLog.java:173] Starting service [Tomcat]
2022-04-14 10:32:39,678 INFO [restartedMain] o.a.c.c.StandardEngine [DirectJDKLog.java:173] Starting Servlet engine: [Apache Tomcat/9.0.60]
2022-04-14 10:32:39,725 INFO [restartedMain] o.a.c.c.C.[.[.[/comunity] [DirectJDKLog.java:173] Initializing Spring embedded WebApplicationContext
2022-04-14 10:32:39,725 INFO [restartedMain] o.s.b.w.s.c.ServletWebServerApplicationContext [ServletWebServerApplicationContext.java:290] Root WebApplicationContext: initialization completed in 970 ms
2022-04-14 10:32:40,194 INFO [restartedMain] o.s.b.a.w.s.WelcomePageHandlerMapping [WelcomePageHandlerMapping.java:57] Adding welcome page template: index
2022-04-14 10:32:40,288 INFO [restartedMain] o.s.b.d.a.OptionalLiveReloadServer [OptionalLiveReloadServer.java:58] LiveReload server is running on port 35729
2022-04-14 10:32:40,310 INFO [restartedMain] o.a.c.h.Http11NioProtocol [DirectJDKLog.java:173] Starting ProtocolHandler ["http-nio-8080"]
2022-04-14 10:32:40,326 INFO [restartedMain] o.s.b.w.e.t.TomcatWebServer [TomcatWebServer.java:220] Tomcat started on port(s): 8080 (http) with context path '/comunity'
2022-04-14 10:32:40,342 INFO [restartedMain] c.z.c.ComunityApplication [StartupInfoLogger.java:61] Started ComunityApplication in 2.119 seconds (JVM running for 3.897)
2022-04-14 10:33:01,333 INFO [http-nio-8080-exec-1] o.a.c.c.C.[.[.[/comunity] [DirectJDKLog.java:173] Initializing Spring DispatcherServlet 'dispatcherServlet'
2022-04-14 10:33:01,334 INFO [http-nio-8080-exec-1] o.s.w.s.DispatcherServlet [FrameworkServlet.java:525] Initializing Servlet 'dispatcherServlet'
2022-04-14 10:33:01,335 INFO [http-nio-8080-exec-1] o.s.w.s.DispatcherServlet [FrameworkServlet.java:547] Completed initialization in 1 ms
2022-04-14 10:33:01,390 INFO [http-nio-8080-exec-1] c.z.h.HikariDataSource [HikariDataSource.java:110] HikariPool-1 - Starting...
2022-04-14 10:33:01,501 INFO [http-nio-8080-exec-1] c.z.h.HikariDataSource [HikariDataSource.java:123] HikariPool-1 - Start completed.
2022-04-14 10:33:34,578 INFO [SpringApplicationShutdownHook] c.z.h.HikariDataSource [HikariDataSource.java:350] HikariPool-1 - Shutdown initiated...
2022-04-14 10:33:34,578 INFO [SpringApplicationShutdownHook] c.z.h.HikariDataSource [HikariDataSource.java:352] HikariPool-1 - Shutdown completed.
2022-04-14 10:33:38,587 INFO [restartedMain] c.z.c.ComunityApplication [StartupInfoLogger.java:55] Starting ComunityApplication using Java 11.0.13 on SK-20220116LREU with PID 8092 (C:\work\workspace\comunity\target\classes started by Administrator in C:\work\workspace\comunity)
2022-04-14 10:33:38,587 INFO [restartedMain] c.z.c.ComunityApplication [SpringApplication.java:640] No active profile set, falling back to 1 default profile: "default"
2022-04-14 10:33:38,653 INFO [restartedMain] o.s.b.d.e.DevToolsPropertyDefaultsPostProcessor [DeferredLog.java:255] Devtools property defaults active! Set 'spring.devtools.add-properties' to 'false' to disable
2022-04-14 10:33:38,653 INFO [restartedMain] o.s.b.d.e.DevToolsPropertyDefaultsPostProcessor [DeferredLog.java:255] For additional web related logging consider setting the 'logging.level.web' property to 'DEBUG'
2022-04-14 10:33:39,623 INFO [restartedMain] o.s.b.w.e.t.TomcatWebServer [TomcatWebServer.java:108] Tomcat initialized with port(s): 8080 (http)
2022-04-14 10:33:39,638 INFO [restartedMain] o.a.c.h.Http11NioProtocol [DirectJDKLog.java:173] Initializing ProtocolHandler ["http-nio-8080"]
2022-04-14 10:33:39,638 INFO [restartedMain] o.a.c.c.StandardService [DirectJDKLog.java:173] Starting service [Tomcat]
2022-04-14 10:33:39,638 INFO [restartedMain] o.a.c.c.StandardEngine [DirectJDKLog.java:173] Starting Servlet engine: [Apache Tomcat/9.0.60]
2022-04-14 10:33:39,702 INFO [restartedMain] o.a.c.c.C.[.[.[/comunity] [DirectJDKLog.java:173] Initializing Spring embedded WebApplicationContext
2022-04-14 10:33:39,702 INFO [restartedMain] o.s.b.w.s.c.ServletWebServerApplicationContext [ServletWebServerApplicationContext.java:290] Root WebApplicationContext: initialization completed in 1049 ms
2022-04-14 10:33:41,003 INFO [restartedMain] o.s.b.a.w.s.WelcomePageHandlerMapping [WelcomePageHandlerMapping.java:57] Adding welcome page template: index
2022-04-14 10:33:41,238 INFO [restartedMain] o.s.b.d.a.OptionalLiveReloadServer [OptionalLiveReloadServer.java:58] LiveReload server is running on port 35729
2022-04-14 10:33:41,269 INFO [restartedMain] o.a.c.h.Http11NioProtocol [DirectJDKLog.java:173] Starting ProtocolHandler ["http-nio-8080"]
2022-04-14 10:33:41,312 INFO [restartedMain] o.s.b.w.e.t.TomcatWebServer [TomcatWebServer.java:220] Tomcat started on port(s): 8080 (http) with context path '/comunity'
2022-04-14 10:33:41,328 INFO [restartedMain] c.z.c.ComunityApplication [StartupInfoLogger.java:61] Started ComunityApplication in 3.555 seconds (JVM running for 4.911)
2022-04-14 10:33:56,526 INFO [http-nio-8080-exec-1] o.a.c.c.C.[.[.[/comunity] [DirectJDKLog.java:173] Initializing Spring DispatcherServlet 'dispatcherServlet'
2022-04-14 10:33:56,527 INFO [http-nio-8080-exec-1] o.s.w.s.DispatcherServlet [FrameworkServlet.java:525] Initializing Servlet 'dispatcherServlet'
2022-04-14 10:33:56,527 INFO [http-nio-8080-exec-1] o.s.w.s.DispatcherServlet [FrameworkServlet.java:547] Completed initialization in 0 ms
2022-04-14 10:34:34,760 INFO [restartedMain] c.z.c.ComunityApplication [StartupInfoLogger.java:55] Starting ComunityApplication using Java 11.0.13 on SK-20220116LREU with PID 6732 (C:\work\workspace\comunity\target\classes started by Administrator in C:\work\workspace\comunity)
2022-04-14 10:34:34,776 INFO [restartedMain] c.z.c.ComunityApplication [SpringApplication.java:640] No active profile set, falling back to 1 default profile: "default"
2022-04-14 10:34:34,839 INFO [restartedMain] o.s.b.d.e.DevToolsPropertyDefaultsPostProcessor [DeferredLog.java:255] Devtools property defaults active! Set 'spring.devtools.add-properties' to 'false' to disable
2022-04-14 10:34:34,839 INFO [restartedMain] o.s.b.d.e.DevToolsPropertyDefaultsPostProcessor [DeferredLog.java:255] For additional web related logging consider setting the 'logging.level.web' property to 'DEBUG'
2022-04-14 10:34:35,765 INFO [restartedMain] o.s.b.w.e.t.TomcatWebServer [TomcatWebServer.java:108] Tomcat initialized with port(s): 8080 (http)
2022-04-14 10:34:35,765 INFO [restartedMain] o.a.c.h.Http11NioProtocol [DirectJDKLog.java:173] Initializing ProtocolHandler ["http-nio-8080"]
2022-04-14 10:34:35,765 INFO [restartedMain] o.a.c.c.StandardService [DirectJDKLog.java:173] Starting service [Tomcat]
2022-04-14 10:34:35,765 INFO [restartedMain] o.a.c.c.StandardEngine [DirectJDKLog.java:173] Starting Servlet engine: [Apache Tomcat/9.0.60]
2022-04-14 10:34:35,827 INFO [restartedMain] o.a.c.c.C.[.[.[/comunity] [DirectJDKLog.java:173] Initializing Spring embedded WebApplicationContext
2022-04-14 10:34:35,827 INFO [restartedMain] o.s.b.w.s.c.ServletWebServerApplicationContext [ServletWebServerApplicationContext.java:290] Root WebApplicationContext: initialization completed in 988 ms
2022-04-14 10:34:36,991 INFO [restartedMain] o.s.b.a.w.s.WelcomePageHandlerMapping [WelcomePageHandlerMapping.java:57] Adding welcome page template: index
2022-04-14 10:34:37,162 INFO [restartedMain] o.s.b.d.a.OptionalLiveReloadServer [OptionalLiveReloadServer.java:58] LiveReload server is running on port 35729
2022-04-14 10:34:37,178 INFO [restartedMain] o.a.c.h.Http11NioProtocol [DirectJDKLog.java:173] Starting ProtocolHandler ["http-nio-8080"]
2022-04-14 10:34:37,228 INFO [restartedMain] o.s.b.w.e.t.TomcatWebServer [TomcatWebServer.java:220] Tomcat started on port(s): 8080 (http) with context path '/comunity'
2022-04-14 10:34:37,244 INFO [restartedMain] c.z.c.ComunityApplication [StartupInfoLogger.java:61] Started ComunityApplication in 3.13 seconds (JVM running for 4.449)
2022-04-14 10:34:45,272 INFO [http-nio-8080-exec-1] o.a.c.c.C.[.[.[/comunity] [DirectJDKLog.java:173] Initializing Spring DispatcherServlet 'dispatcherServlet'
2022-04-14 10:34:45,273 INFO [http-nio-8080-exec-1] o.s.w.s.DispatcherServlet [FrameworkServlet.java:525] Initializing Servlet 'dispatcherServlet'
2022-04-14 10:34:45,274 INFO [http-nio-8080-exec-1] o.s.w.s.DispatcherServlet [FrameworkServlet.java:547] Completed initialization in 1 ms
2022-04-14 10:34:45,366 INFO [http-nio-8080-exec-1] c.z.h.HikariDataSource [HikariDataSource.java:110] HikariPool-1 - Starting...
2022-04-14 10:34:45,539 INFO [http-nio-8080-exec-1] c.z.h.HikariDataSource [HikariDataSource.java:123] HikariPool-1 - Start completed.
2022-04-14 10:36:33,607 INFO [SpringApplicationShutdownHook] c.z.h.HikariDataSource [HikariDataSource.java:350] HikariPool-1 - Shutdown initiated...
2022-04-14 10:36:33,607 INFO [SpringApplicationShutdownHook] c.z.h.HikariDataSource [HikariDataSource.java:352] HikariPool-1 - Shutdown completed.
2022-04-14 10:36:37,262 INFO [restartedMain] c.z.c.ComunityApplication [StartupInfoLogger.java:55] Starting ComunityApplication using Java 11.0.13 on SK-20220116LREU with PID 10916 (C:\work\workspace\comunity\target\classes started by Administrator in C:\work\workspace\comunity)
2022-04-14 10:36:37,275 INFO [restartedMain] c.z.c.ComunityApplication [SpringApplication.java:640] No active profile set, falling back to 1 default profile: "default"
2022-04-14 10:36:37,324 INFO [restartedMain] o.s.b.d.e.DevToolsPropertyDefaultsPostProcessor [DeferredLog.java:255] Devtools property defaults active! Set 'spring.devtools.add-properties' to 'false' to disable
2022-04-14 10:36:37,324 INFO [restartedMain] o.s.b.d.e.DevToolsPropertyDefaultsPostProcessor [DeferredLog.java:255] For additional web related logging consider setting the 'logging.level.web' property to 'DEBUG'
2022-04-14 10:36:38,268 INFO [restartedMain] o.s.b.w.e.t.TomcatWebServer [TomcatWebServer.java:108] Tomcat initialized with port(s): 8080 (http)
2022-04-14 10:36:38,284 INFO [restartedMain] o.a.c.h.Http11NioProtocol [DirectJDKLog.java:173] Initializing ProtocolHandler ["http-nio-8080"]
2022-04-14 10:36:38,284 INFO [restartedMain] o.a.c.c.StandardService [DirectJDKLog.java:173] Starting service [Tomcat]
2022-04-14 10:36:38,284 INFO [restartedMain] o.a.c.c.StandardEngine [DirectJDKLog.java:173] Starting Servlet engine: [Apache Tomcat/9.0.60]
2022-04-14 10:36:38,331 INFO [restartedMain] o.a.c.c.C.[.[.[/comunity] [DirectJDKLog.java:173] Initializing Spring embedded WebApplicationContext
2022-04-14 10:36:38,331 INFO [restartedMain] o.s.b.w.s.c.ServletWebServerApplicationContext [ServletWebServerApplicationContext.java:290] Root WebApplicationContext: initialization completed in 1007 ms
2022-04-14 10:36:39,345 INFO [restartedMain] o.s.b.a.w.s.WelcomePageHandlerMapping [WelcomePageHandlerMapping.java:57] Adding welcome page template: index
2022-04-14 10:36:39,505 INFO [restartedMain] o.s.b.d.a.OptionalLiveReloadServer [OptionalLiveReloadServer.java:58] LiveReload server is running on port 35729
2022-04-14 10:36:39,536 INFO [restartedMain] o.a.c.h.Http11NioProtocol [DirectJDKLog.java:173] Starting ProtocolHandler ["http-nio-8080"]
2022-04-14 10:36:39,569 INFO [restartedMain] o.s.b.w.e.t.TomcatWebServer [TomcatWebServer.java:220] Tomcat started on port(s): 8080 (http) with context path '/comunity'
2022-04-14 10:36:39,585 INFO [restartedMain] c.z.c.ComunityApplication [StartupInfoLogger.java:61] Started ComunityApplication in 3.003 seconds (JVM running for 4.202)
2022-04-14 10:36:42,719 INFO [http-nio-8080-exec-1] o.a.c.c.C.[.[.[/comunity] [DirectJDKLog.java:173] Initializing Spring DispatcherServlet 'dispatcherServlet'
2022-04-14 10:36:42,720 INFO [http-nio-8080-exec-1] o.s.w.s.DispatcherServlet [FrameworkServlet.java:525] Initializing Servlet 'dispatcherServlet'
2022-04-14 10:36:42,720 INFO [http-nio-8080-exec-1] o.s.w.s.DispatcherServlet [FrameworkServlet.java:547] Completed initialization in 0 ms
2022-04-14 10:36:42,811 INFO [http-nio-8080-exec-1] c.z.h.HikariDataSource [HikariDataSource.java:110] HikariPool-1 - Starting...
2022-04-14 10:36:43,031 INFO [http-nio-8080-exec-1] c.z.h.HikariDataSource [HikariDataSource.java:123] HikariPool-1 - Start completed.
2022-04-14 10:38:09,815 INFO [SpringApplicationShutdownHook] c.z.h.HikariDataSource [HikariDataSource.java:350] HikariPool-1 - Shutdown initiated...
2022-04-14 10:38:09,817 INFO [SpringApplicationShutdownHook] c.z.h.HikariDataSource [HikariDataSource.java:352] HikariPool-1 - Shutdown completed.
2022-04-14 10:41:40,743 INFO [restartedMain] c.z.c.ComunityApplication [StartupInfoLogger.java:55] Starting ComunityApplication using Java 11.0.13 on SK-20220116LREU with PID 6336 (C:\work\workspace\comunity\target\classes started by Administrator in C:\work\workspace\comunity)
2022-04-14 10:41:40,759 INFO [restartedMain] c.z.c.ComunityApplication [SpringApplication.java:640] No active profile set, falling back to 1 default profile: "default"
2022-04-14 10:41:40,807 INFO [restartedMain] o.s.b.d.e.DevToolsPropertyDefaultsPostProcessor [DeferredLog.java:255] Devtools property defaults active! Set 'spring.devtools.add-properties' to 'false' to disable
2022-04-14 10:41:40,807 INFO [restartedMain] o.s.b.d.e.DevToolsPropertyDefaultsPostProcessor [DeferredLog.java:255] For additional web related logging consider setting the 'logging.level.web' property to 'DEBUG'
2022-04-14 10:41:41,791 INFO [restartedMain] o.s.b.w.e.t.TomcatWebServer [TomcatWebServer.java:108] Tomcat initialized with port(s): 8080 (http)
2022-04-14 10:41:41,799 INFO [restartedMain] o.a.c.h.Http11NioProtocol [DirectJDKLog.java:173] Initializing ProtocolHandler ["http-nio-8080"]
2022-04-14 10:41:41,799 INFO [restartedMain] o.a.c.c.StandardService [DirectJDKLog.java:173] Starting service [Tomcat]
2022-04-14 10:41:41,799 INFO [restartedMain] o.a.c.c.StandardEngine [DirectJDKLog.java:173] Starting Servlet engine: [Apache Tomcat/9.0.60]
2022-04-14 10:41:41,847 INFO [restartedMain] o.a.c.c.C.[.[.[/comunity] [DirectJDKLog.java:173] Initializing Spring embedded WebApplicationContext
2022-04-14 10:41:41,847 INFO [restartedMain] o.s.b.w.s.c.ServletWebServerApplicationContext [ServletWebServerApplicationContext.java:290] Root WebApplicationContext: initialization completed in 1040 ms
2022-04-14 10:41:42,920 INFO [restartedMain] o.s.b.a.w.s.WelcomePageHandlerMapping [WelcomePageHandlerMapping.java:57] Adding welcome page template: index
2022-04-14 10:41:43,092 INFO [restartedMain] o.s.b.d.a.OptionalLiveReloadServer [OptionalLiveReloadServer.java:58] LiveReload server is running on port 35729
2022-04-14 10:41:43,108 INFO [restartedMain] o.a.c.h.Http11NioProtocol [DirectJDKLog.java:173] Starting ProtocolHandler ["http-nio-8080"]
2022-04-14 10:41:43,160 INFO [restartedMain] o.s.b.w.e.t.TomcatWebServer [TomcatWebServer.java:220] Tomcat started on port(s): 8080 (http) with context path '/comunity'
2022-04-14 10:41:43,176 INFO [restartedMain] c.z.c.ComunityApplication [StartupInfoLogger.java:61] Started ComunityApplication in 3.078 seconds (JVM running for 4.301)
2022-04-14 10:42:08,459 INFO [http-nio-8080-exec-3] o.a.c.c.C.[.[.[/comunity] [DirectJDKLog.java:173] Initializing Spring DispatcherServlet 'dispatcherServlet'
2022-04-14 10:42:08,459 INFO [http-nio-8080-exec-3] o.s.w.s.DispatcherServlet [FrameworkServlet.java:525] Initializing Servlet 'dispatcherServlet'
2022-04-14 10:42:08,459 INFO [http-nio-8080-exec-3] o.s.w.s.DispatcherServlet [FrameworkServlet.java:547] Completed initialization in 0 ms
2022-04-14 10:42:08,596 INFO [http-nio-8080-exec-3] c.z.h.HikariDataSource [HikariDataSource.java:110] HikariPool-1 - Starting...
2022-04-14 10:42:08,812 INFO [http-nio-8080-exec-3] c.z.h.HikariDataSource [HikariDataSource.java:123] HikariPool-1 - Start completed.
2022-04-14 10:42:56,480 INFO [SpringApplicationShutdownHook] c.z.h.HikariDataSource [HikariDataSource.java:350] HikariPool-1 - Shutdown initiated...
2022-04-14 10:42:56,480 INFO [SpringApplicationShutdownHook] c.z.h.HikariDataSource [HikariDataSource.java:352] HikariPool-1 - Shutdown completed.
2022-04-14 10:43:07,327 INFO [restartedMain] c.z.c.ComunityApplication [StartupInfoLogger.java:55] Starting ComunityApplication using Java 11.0.13 on SK-20220116LREU with PID 1520 (C:\work\workspace\comunity\target\classes started by Administrator in C:\work\workspace\comunity)
2022-04-14 10:43:07,345 INFO [restartedMain] c.z.c.ComunityApplication [SpringApplication.java:640] No active profile set, falling back to 1 default profile: "default"
2022-04-14 10:43:07,431 INFO [restartedMain] o.s.b.d.e.DevToolsPropertyDefaultsPostProcessor [DeferredLog.java:255] Devtools property defaults active! Set 'spring.devtools.add-properties' to 'false' to disable
2022-04-14 10:43:07,432 INFO [restartedMain] o.s.b.d.e.DevToolsPropertyDefaultsPostProcessor [DeferredLog.java:255] For additional web related logging consider setting the 'logging.level.web' property to 'DEBUG'
2022-04-14 10:43:08,396 INFO [restartedMain] o.s.b.w.e.t.TomcatWebServer [TomcatWebServer.java:108] Tomcat initialized with port(s): 8080 (http)
2022-04-14 10:43:08,412 INFO [restartedMain] o.a.c.h.Http11NioProtocol [DirectJDKLog.java:173] Initializing ProtocolHandler ["http-nio-8080"]
2022-04-14 10:43:08,412 INFO [restartedMain] o.a.c.c.StandardService [DirectJDKLog.java:173] Starting service [Tomcat]
2022-04-14 10:43:08,412 INFO [restartedMain] o.a.c.c.StandardEngine [DirectJDKLog.java:173] Starting Servlet engine: [Apache Tomcat/9.0.60]
2022-04-14 10:43:08,452 INFO [restartedMain] o.a.c.c.C.[.[.[/comunity] [DirectJDKLog.java:173] Initializing Spring embedded WebApplicationContext
2022-04-14 10:43:08,452 INFO [restartedMain] o.s.b.w.s.c.ServletWebServerApplicationContext [ServletWebServerApplicationContext.java:290] Root WebApplicationContext: initialization completed in 1019 ms
2022-04-14 10:43:08,813 INFO [restartedMain] o.s.b.a.w.s.WelcomePageHandlerMapping [WelcomePageHandlerMapping.java:57] Adding welcome page template: index
2022-04-14 10:43:08,908 INFO [restartedMain] o.s.b.d.a.OptionalLiveReloadServer [OptionalLiveReloadServer.java:58] LiveReload server is running on port 35729
2022-04-14 10:43:08,923 INFO [restartedMain] o.a.c.h.Http11NioProtocol [DirectJDKLog.java:173] Starting ProtocolHandler ["http-nio-8080"]
2022-04-14 10:43:08,939 INFO [restartedMain] o.s.b.w.e.t.TomcatWebServer [TomcatWebServer.java:220] Tomcat started on port(s): 8080 (http) with context path '/comunity'
2022-04-14 10:43:08,939 INFO [restartedMain] c.z.c.ComunityApplication [StartupInfoLogger.java:61] Started ComunityApplication in 2.252 seconds (JVM running for 3.196)
2022-04-14 10:43:34,494 INFO [http-nio-8080-exec-1] o.a.c.c.C.[.[.[/comunity] [DirectJDKLog.java:173] Initializing Spring DispatcherServlet 'dispatcherServlet'
2022-04-14 10:43:34,495 INFO [http-nio-8080-exec-1] o.s.w.s.DispatcherServlet [FrameworkServlet.java:525] Initializing Servlet 'dispatcherServlet'
2022-04-14 10:43:34,495 INFO [http-nio-8080-exec-1] o.s.w.s.DispatcherServlet [FrameworkServlet.java:547] Completed initialization in 0 ms
2022-04-14 10:43:34,539 INFO [http-nio-8080-exec-1] c.z.h.HikariDataSource [HikariDataSource.java:110] HikariPool-1 - Starting...
2022-04-14 10:43:34,626 INFO [http-nio-8080-exec-1] c.z.h.HikariDataSource [HikariDataSource.java:123] HikariPool-1 - Start completed.
2022-04-14 10:46:20,105 INFO [restartedMain] c.z.c.ComunityApplication [StartupInfoLogger.java:55] Starting ComunityApplication using Java 11.0.13 on SK-20220116LREU with PID 3280 (C:\work\workspace\comunity\target\classes started by Administrator in C:\work\workspace\comunity)
2022-04-14 10:46:20,105 INFO [restartedMain] c.z.c.ComunityApplication [SpringApplication.java:640] No active profile set, falling back to 1 default profile: "default"
2022-04-14 10:46:20,152 INFO [restartedMain] o.s.b.d.e.DevToolsPropertyDefaultsPostProcessor [DeferredLog.java:255] Devtools property defaults active! Set 'spring.devtools.add-properties' to 'false' to disable
2022-04-14 10:46:20,152 INFO [restartedMain] o.s.b.d.e.DevToolsPropertyDefaultsPostProcessor [DeferredLog.java:255] For additional web related logging consider setting the 'logging.level.web' property to 'DEBUG'
2022-04-14 10:46:21,042 INFO [restartedMain] o.s.b.w.e.t.TomcatWebServer [TomcatWebServer.java:108] Tomcat initialized with port(s): 8080 (http)
2022-04-14 10:46:21,042 INFO [restartedMain] o.a.c.h.Http11NioProtocol [DirectJDKLog.java:173] Initializing ProtocolHandler ["http-nio-8080"]
2022-04-14 10:46:21,042 INFO [restartedMain] o.a.c.c.StandardService [DirectJDKLog.java:173] Starting service [Tomcat]
2022-04-14 10:46:21,042 INFO [restartedMain] o.a.c.c.StandardEngine [DirectJDKLog.java:173] Starting Servlet engine: [Apache Tomcat/9.0.60]
2022-04-14 10:46:21,089 INFO [restartedMain] o.a.c.c.C.[.[.[/comunity] [DirectJDKLog.java:173] Initializing Spring embedded WebApplicationContext
2022-04-14 10:46:21,089 INFO [restartedMain] o.s.b.w.s.c.ServletWebServerApplicationContext [ServletWebServerApplicationContext.java:290] Root WebApplicationContext: initialization completed in 937 ms
2022-04-14 10:46:21,466 INFO [restartedMain] o.s.b.a.w.s.WelcomePageHandlerMapping [WelcomePageHandlerMapping.java:57] Adding welcome page template: index
2022-04-14 10:46:21,544 INFO [restartedMain] o.s.b.d.a.OptionalLiveReloadServer [OptionalLiveReloadServer.java:58] LiveReload server is running on port 35729
2022-04-14 10:46:21,560 INFO [restartedMain] o.a.c.h.Http11NioProtocol [DirectJDKLog.java:173] Starting ProtocolHandler ["http-nio-8080"]
2022-04-14 10:46:21,575 INFO [restartedMain] o.s.b.w.e.t.TomcatWebServer [TomcatWebServer.java:220] Tomcat started on port(s): 8080 (http) with context path '/comunity'
2022-04-14 10:46:21,586 INFO [restartedMain] c.z.c.ComunityApplication [StartupInfoLogger.java:61] Started ComunityApplication in 2.09 seconds (JVM running for 3.04)
2022-04-14 10:46:28,789 INFO [http-nio-8080-exec-1] o.a.c.c.C.[.[.[/comunity] [DirectJDKLog.java:173] Initializing Spring DispatcherServlet 'dispatcherServlet'
2022-04-14 10:46:28,791 INFO [http-nio-8080-exec-1] o.s.w.s.DispatcherServlet [FrameworkServlet.java:525] Initializing Servlet 'dispatcherServlet'
2022-04-14 10:46:28,791 INFO [http-nio-8080-exec-1] o.s.w.s.DispatcherServlet [FrameworkServlet.java:547] Completed initialization in 0 ms
2022-04-14 10:46:28,826 INFO [http-nio-8080-exec-1] c.z.h.HikariDataSource [HikariDataSource.java:110] HikariPool-1 - Starting...
2022-04-14 10:46:28,915 INFO [http-nio-8080-exec-1] c.z.h.HikariDataSource [HikariDataSource.java:123] HikariPool-1 - Start completed.
2022-04-14 10:51:15,988 INFO [restartedMain] c.z.c.ComunityApplication [StartupInfoLogger.java:55] Starting ComunityApplication using Java 11.0.13 on SK-20220116LREU with PID 7452 (C:\work\workspace\comunity\target\classes started by Administrator in C:\work\workspace\comunity)
2022-04-14 10:51:15,988 INFO [restartedMain] c.z.c.ComunityApplication [SpringApplication.java:640] No active profile set, falling back to 1 default profile: "default"
2022-04-14 10:51:16,039 INFO [restartedMain] o.s.b.d.e.DevToolsPropertyDefaultsPostProcessor [DeferredLog.java:255] Devtools property defaults active! Set 'spring.devtools.add-properties' to 'false' to disable
2022-04-14 10:51:16,039 INFO [restartedMain] o.s.b.d.e.DevToolsPropertyDefaultsPostProcessor [DeferredLog.java:255] For additional web related logging consider setting the 'logging.level.web' property to 'DEBUG'
2022-04-14 10:51:17,022 INFO [restartedMain] o.s.b.w.e.t.TomcatWebServer [TomcatWebServer.java:108] Tomcat initialized with port(s): 8080 (http)
2022-04-14 10:51:17,038 INFO [restartedMain] o.a.c.h.Http11NioProtocol [DirectJDKLog.java:173] Initializing ProtocolHandler ["http-nio-8080"]
2022-04-14 10:51:17,038 INFO [restartedMain] o.a.c.c.StandardService [DirectJDKLog.java:173] Starting service [Tomcat]
2022-04-14 10:51:17,038 INFO [restartedMain] o.a.c.c.StandardEngine [DirectJDKLog.java:173] Starting Servlet engine: [Apache Tomcat/9.0.60]
2022-04-14 10:51:17,085 INFO [restartedMain] o.a.c.c.C.[.[.[/comunity] [DirectJDKLog.java:173] Initializing Spring embedded WebApplicationContext
2022-04-14 10:51:17,085 INFO [restartedMain] o.s.b.w.s.c.ServletWebServerApplicationContext [ServletWebServerApplicationContext.java:290] Root WebApplicationContext: initialization completed in 1046 ms
2022-04-14 10:51:17,462 INFO [restartedMain] o.s.b.a.w.s.WelcomePageHandlerMapping [WelcomePageHandlerMapping.java:57] Adding welcome page template: index
2022-04-14 10:51:17,555 INFO [restartedMain] o.s.b.d.a.OptionalLiveReloadServer [OptionalLiveReloadServer.java:58] LiveReload server is running on port 35729
2022-04-14 10:51:17,555 INFO [restartedMain] o.a.c.h.Http11NioProtocol [DirectJDKLog.java:173] Starting ProtocolHandler ["http-nio-8080"]
2022-04-14 10:51:17,571 INFO [restartedMain] o.s.b.w.e.t.TomcatWebServer [TomcatWebServer.java:220] Tomcat started on port(s): 8080 (http) with context path '/comunity'
2022-04-14 10:51:17,587 INFO [restartedMain] c.z.c.ComunityApplication [StartupInfoLogger.java:61] Started ComunityApplication in 2.158 seconds (JVM running for 3.275)
2022-04-14 10:51:26,885 INFO [http-nio-8080-exec-2] o.a.c.c.C.[.[.[/comunity] [DirectJDKLog.java:173] Initializing Spring DispatcherServlet 'dispatcherServlet'
2022-04-14 10:51:26,886 INFO [http-nio-8080-exec-2] o.s.w.s.DispatcherServlet [FrameworkServlet.java:525] Initializing Servlet 'dispatcherServlet'
2022-04-14 10:51:26,887 INFO [http-nio-8080-exec-2] o.s.w.s.DispatcherServlet [FrameworkServlet.java:547] Completed initialization in 1 ms
2022-04-14 10:51:26,929 INFO [http-nio-8080-exec-2] c.z.h.HikariDataSource [HikariDataSource.java:110] HikariPool-1 - Starting...
2022-04-14 10:51:27,023 INFO [http-nio-8080-exec-2] c.z.h.HikariDataSource [HikariDataSource.java:123] HikariPool-1 - Start completed.
2022-04-14 10:51:42,772 INFO [restartedMain] c.z.c.ComunityApplication [StartupInfoLogger.java:55] Starting ComunityApplication using Java 11.0.13 on SK-20220116LREU with PID 8636 (C:\work\workspace\comunity\target\classes started by Administrator in C:\work\workspace\comunity)
2022-04-14 10:51:42,772 INFO [restartedMain] c.z.c.ComunityApplication [SpringApplication.java:640] No active profile set, falling back to 1 default profile: "default"
2022-04-14 10:51:42,850 INFO [restartedMain] o.s.b.d.e.DevToolsPropertyDefaultsPostProcessor [DeferredLog.java:255] Devtools property defaults active! Set 'spring.devtools.add-properties' to 'false' to disable
2022-04-14 10:51:42,850 INFO [restartedMain] o.s.b.d.e.DevToolsPropertyDefaultsPostProcessor [DeferredLog.java:255] For additional web related logging consider setting the 'logging.level.web' property to 'DEBUG'
2022-04-14 10:51:43,785 INFO [restartedMain] o.s.b.w.e.t.TomcatWebServer [TomcatWebServer.java:108] Tomcat initialized with port(s): 8080 (http)
2022-04-14 10:51:43,785 INFO [restartedMain] o.a.c.h.Http11NioProtocol [DirectJDKLog.java:173] Initializing ProtocolHandler ["http-nio-8080"]
2022-04-14 10:51:43,785 INFO [restartedMain] o.a.c.c.StandardService [DirectJDKLog.java:173] Starting service [Tomcat]
2022-04-14 10:51:43,785 INFO [restartedMain] o.a.c.c.StandardEngine [DirectJDKLog.java:173] Starting Servlet engine: [Apache Tomcat/9.0.60]
2022-04-14 10:51:43,832 INFO [restartedMain] o.a.c.c.C.[.[.[/comunity] [DirectJDKLog.java:173] Initializing Spring embedded WebApplicationContext
2022-04-14 10:51:43,832 INFO [restartedMain] o.s.b.w.s.c.ServletWebServerApplicationContext [ServletWebServerApplicationContext.java:290] Root WebApplicationContext: initialization completed in 982 ms
2022-04-14 10:51:44,209 INFO [restartedMain] o.s.b.a.w.s.WelcomePageHandlerMapping [WelcomePageHandlerMapping.java:57] Adding welcome page template: index
2022-04-14 10:51:44,302 INFO [restartedMain] o.s.b.d.a.OptionalLiveReloadServer [OptionalLiveReloadServer.java:58] LiveReload server is running on port 35729
2022-04-14 10:51:44,302 INFO [restartedMain] o.a.c.h.Http11NioProtocol [DirectJDKLog.java:173] Starting ProtocolHandler ["http-nio-8080"]
2022-04-14 10:51:44,318 INFO [restartedMain] o.s.b.w.e.t.TomcatWebServer [TomcatWebServer.java:220] Tomcat started on port(s): 8080 (http) with context path '/comunity'
2022-04-14 10:51:44,334 INFO [restartedMain] c.z.c.ComunityApplication [StartupInfoLogger.java:61] Started ComunityApplication in 2.11 seconds (JVM running for 3.062)
2022-04-14 10:51:49,796 INFO [http-nio-8080-exec-1] o.a.c.c.C.[.[.[/comunity] [DirectJDKLog.java:173] Initializing Spring DispatcherServlet 'dispatcherServlet'
2022-04-14 10:51:49,797 INFO [http-nio-8080-exec-1] o.s.w.s.DispatcherServlet [FrameworkServlet.java:525] Initializing Servlet 'dispatcherServlet'
2022-04-14 10:51:49,797 INFO [http-nio-8080-exec-1] o.s.w.s.DispatcherServlet [FrameworkServlet.java:547] Completed initialization in 0 ms
2022-04-14 10:51:51,741 INFO [http-nio-8080-exec-2] c.z.h.HikariDataSource [HikariDataSource.java:110] HikariPool-1 - Starting...
2022-04-14 10:51:51,823 INFO [http-nio-8080-exec-2] c.z.h.HikariDataSource [HikariDataSource.java:123] HikariPool-1 - Start completed.
2022-04-14 11:28:47,780 INFO [restartedMain] c.z.c.ComunityApplication [StartupInfoLogger.java:55] Starting ComunityApplication using Java 11.0.13 on SK-20220116LREU with PID 4652 (C:\work\workspace\comunity\target\classes started by Administrator in C:\work\workspace\comunity)
2022-04-14 11:28:47,780 INFO [restartedMain] c.z.c.ComunityApplication [SpringApplication.java:640] No active profile set, falling back to 1 default profile: "default"
2022-04-14 11:28:47,843 INFO [restartedMain] o.s.b.d.e.DevToolsPropertyDefaultsPostProcessor [DeferredLog.java:255] Devtools property defaults active! Set 'spring.devtools.add-properties' to 'false' to disable
2022-04-14 11:28:47,843 INFO [restartedMain] o.s.b.d.e.DevToolsPropertyDefaultsPostProcessor [DeferredLog.java:255] For additional web related logging consider setting the 'logging.level.web' property to 'DEBUG'
2022-04-14 11:28:48,769 INFO [restartedMain] o.s.b.w.e.t.TomcatWebServer [TomcatWebServer.java:108] Tomcat initialized with port(s): 8080 (http)
2022-04-14 11:28:48,769 INFO [restartedMain] o.a.c.h.Http11NioProtocol [DirectJDKLog.java:173] Initializing ProtocolHandler ["http-nio-8080"]
2022-04-14 11:28:48,769 INFO [restartedMain] o.a.c.c.StandardService [DirectJDKLog.java:173] Starting service [Tomcat]
2022-04-14 11:28:48,769 INFO [restartedMain] o.a.c.c.StandardEngine [DirectJDKLog.java:173] Starting Servlet engine: [Apache Tomcat/9.0.60]
2022-04-14 11:28:48,816 INFO [restartedMain] o.a.c.c.C.[.[.[/comunity] [DirectJDKLog.java:173] Initializing Spring embedded WebApplicationContext
2022-04-14 11:28:48,816 INFO [restartedMain] o.s.b.w.s.c.ServletWebServerApplicationContext [ServletWebServerApplicationContext.java:290] Root WebApplicationContext: initialization completed in 973 ms
2022-04-14 11:28:49,178 INFO [restartedMain] o.s.b.a.w.s.WelcomePageHandlerMapping [WelcomePageHandlerMapping.java:57] Adding welcome page template: index
2022-04-14 11:28:49,272 INFO [restartedMain] o.s.b.d.a.OptionalLiveReloadServer [OptionalLiveReloadServer.java:58] LiveReload server is running on port 35729
2022-04-14 11:28:49,287 INFO [restartedMain] o.a.c.h.Http11NioProtocol [DirectJDKLog.java:173] Starting ProtocolHandler ["http-nio-8080"]
2022-04-14 11:28:49,303 INFO [restartedMain] o.s.b.w.e.t.TomcatWebServer [TomcatWebServer.java:220] Tomcat started on port(s): 8080 (http) with context path '/comunity'
2022-04-14 11:28:49,303 INFO [restartedMain] c.z.c.ComunityApplication [StartupInfoLogger.java:61] Started ComunityApplication in 2.076 seconds (JVM running for 2.99)
2022-04-14 11:29:15,921 INFO [http-nio-8080-exec-1] o.a.c.c.C.[.[.[/comunity] [DirectJDKLog.java:173] Initializing Spring DispatcherServlet 'dispatcherServlet'
2022-04-14 11:29:15,923 INFO [http-nio-8080-exec-1] o.s.w.s.DispatcherServlet [FrameworkServlet.java:525] Initializing Servlet 'dispatcherServlet'
2022-04-14 11:29:15,925 INFO [http-nio-8080-exec-1] o.s.w.s.DispatcherServlet [FrameworkServlet.java:547] Completed initialization in 2 ms
2022-04-14 11:29:15,980 INFO [http-nio-8080-exec-1] c.z.h.HikariDataSource [HikariDataSource.java:110] HikariPool-1 - Starting...
2022-04-14 11:29:16,079 INFO [http-nio-8080-exec-1] c.z.h.HikariDataSource [HikariDataSource.java:123] HikariPool-1 - Start completed.
2022-04-14 11:30:23,624 INFO [restartedMain] c.z.c.ComunityApplication [StartupInfoLogger.java:55] Starting ComunityApplication using Java 11.0.13 on SK-20220116LREU with PID 4620 (C:\work\workspace\comunity\target\classes started by Administrator in C:\work\workspace\comunity)
2022-04-14 11:30:23,632 INFO [restartedMain] c.z.c.ComunityApplication [SpringApplication.java:640] No active profile set, falling back to 1 default profile: "default"
2022-04-14 11:30:23,693 INFO [restartedMain] o.s.b.d.e.DevToolsPropertyDefaultsPostProcessor [DeferredLog.java:255] Devtools property defaults active! Set 'spring.devtools.add-properties' to 'false' to disable
2022-04-14 11:30:23,693 INFO [restartedMain] o.s.b.d.e.DevToolsPropertyDefaultsPostProcessor [DeferredLog.java:255] For additional web related logging consider setting the 'logging.level.web' property to 'DEBUG'
2022-04-14 11:30:25,191 INFO [restartedMain] o.s.b.w.e.t.TomcatWebServer [TomcatWebServer.java:108] Tomcat initialized with port(s): 8080 (http)
2022-04-14 11:30:25,202 INFO [restartedMain] o.a.c.h.Http11NioProtocol [DirectJDKLog.java:173] Initializing ProtocolHandler ["http-nio-8080"]
2022-04-14 11:30:25,202 INFO [restartedMain] o.a.c.c.StandardService [DirectJDKLog.java:173] Starting service [Tomcat]
2022-04-14 11:30:25,202 INFO [restartedMain] o.a.c.c.StandardEngine [DirectJDKLog.java:173] Starting Servlet engine: [Apache Tomcat/9.0.60]
2022-04-14 11:30:25,264 INFO [restartedMain] o.a.c.c.C.[.[.[/comunity] [DirectJDKLog.java:173] Initializing Spring embedded WebApplicationContext
2022-04-14 11:30:25,264 INFO [restartedMain] o.s.b.w.s.c.ServletWebServerApplicationContext [ServletWebServerApplicationContext.java:290] Root WebApplicationContext: initialization completed in 1571 ms
2022-04-14 11:30:25,862 INFO [restartedMain] o.s.b.a.w.s.WelcomePageHandlerMapping [WelcomePageHandlerMapping.java:57] Adding welcome page template: index
2022-04-14 11:30:25,987 INFO [restartedMain] o.s.b.d.a.OptionalLiveReloadServer [OptionalLiveReloadServer.java:58] LiveReload server is running on port 35729
2022-04-14 11:30:26,006 INFO [restartedMain] o.a.c.h.Http11NioProtocol [DirectJDKLog.java:173] Starting ProtocolHandler ["http-nio-8080"]
2022-04-14 11:30:26,028 INFO [restartedMain] o.s.b.w.e.t.TomcatWebServer [TomcatWebServer.java:220] Tomcat started on port(s): 8080 (http) with context path '/comunity'
2022-04-14 11:30:26,041 INFO [restartedMain] c.z.c.ComunityApplication [StartupInfoLogger.java:61] Started ComunityApplication in 2.956 seconds (JVM running for 4.325)
2022-04-14 11:31:24,836 INFO [restartedMain] c.z.c.ComunityApplication [StartupInfoLogger.java:55] Starting ComunityApplication using Java 11.0.13 on SK-20220116LREU with PID 7092 (C:\work\workspace\comunity\target\classes started by Administrator in C:\work\workspace\comunity)
2022-04-14 11:31:24,839 INFO [restartedMain] c.z.c.ComunityApplication [SpringApplication.java:640] No active profile set, falling back to 1 default profile: "default"
2022-04-14 11:31:24,918 INFO [restartedMain] o.s.b.d.e.DevToolsPropertyDefaultsPostProcessor [DeferredLog.java:255] Devtools property defaults active! Set 'spring.devtools.add-properties' to 'false' to disable
2022-04-14 11:31:24,919 INFO [restartedMain] o.s.b.d.e.DevToolsPropertyDefaultsPostProcessor [DeferredLog.java:255] For additional web related logging consider setting the 'logging.level.web' property to 'DEBUG'
2022-04-14 11:31:26,110 INFO [restartedMain] o.s.b.w.e.t.TomcatWebServer [TomcatWebServer.java:108] Tomcat initialized with port(s): 8080 (http)
2022-04-14 11:31:26,120 INFO [restartedMain] o.a.c.h.Http11NioProtocol [DirectJDKLog.java:173] Initializing ProtocolHandler ["http-nio-8080"]
2022-04-14 11:31:26,120 INFO [restartedMain] o.a.c.c.StandardService [DirectJDKLog.java:173] Starting service [Tomcat]
2022-04-14 11:31:26,120 INFO [restartedMain] o.a.c.c.StandardEngine [DirectJDKLog.java:173] Starting Servlet engine: [Apache Tomcat/9.0.60]
2022-04-14 11:31:26,188 INFO [restartedMain] o.a.c.c.C.[.[.[/comunity] [DirectJDKLog.java:173] Initializing Spring embedded WebApplicationContext
2022-04-14 11:31:26,188 INFO [restartedMain] o.s.b.w.s.c.ServletWebServerApplicationContext [ServletWebServerApplicationContext.java:290] Root WebApplicationContext: initialization completed in 1269 ms
2022-04-14 11:31:26,756 INFO [restartedMain] o.s.b.a.w.s.WelcomePageHandlerMapping [WelcomePageHandlerMapping.java:57] Adding welcome page template: index
2022-04-14 11:31:26,906 INFO [restartedMain] o.s.b.d.a.OptionalLiveReloadServer [OptionalLiveReloadServer.java:58] LiveReload server is running on port 35729
2022-04-14 11:31:26,924 INFO [restartedMain] o.a.c.h.Http11NioProtocol [DirectJDKLog.java:173] Starting ProtocolHandler ["http-nio-8080"]
2022-04-14 11:31:26,943 INFO [restartedMain] o.s.b.w.e.t.TomcatWebServer [TomcatWebServer.java:220] Tomcat started on port(s): 8080 (http) with context path '/comunity'
2022-04-14 11:31:26,958 INFO [restartedMain] c.z.c.ComunityApplication [StartupInfoLogger.java:61] Started ComunityApplication in 2.952 seconds (JVM running for 4.386)
2022-04-14 11:33:06,020 INFO [http-nio-8080-exec-1] o.a.c.c.C.[.[.[/comunity] [DirectJDKLog.java:173] Initializing Spring DispatcherServlet 'dispatcherServlet'
2022-04-14 11:33:06,021 INFO [http-nio-8080-exec-1] o.s.w.s.DispatcherServlet [FrameworkServlet.java:525] Initializing Servlet 'dispatcherServlet'
2022-04-14 11:33:06,022 INFO [http-nio-8080-exec-1] o.s.w.s.DispatcherServlet [FrameworkServlet.java:547] Completed initialization in 1 ms
2022-04-14 11:33:06,067 INFO [http-nio-8080-exec-1] c.z.h.HikariDataSource [HikariDataSource.java:110] HikariPool-1 - Starting...
2022-04-14 11:33:06,188 INFO [http-nio-8080-exec-1] c.z.h.HikariDataSource [HikariDataSource.java:123] HikariPool-1 - Start completed.
2022-04-14 11:36:29,595 INFO [SpringApplicationShutdownHook] c.z.h.HikariDataSource [HikariDataSource.java:350] HikariPool-1 - Shutdown initiated...
2022-04-14 11:36:29,605 INFO [SpringApplicationShutdownHook] c.z.h.HikariDataSource [HikariDataSource.java:352] HikariPool-1 - Shutdown completed.
2022-04-14 11:36:33,423 INFO [restartedMain] c.z.c.ComunityApplication [StartupInfoLogger.java:55] Starting ComunityApplication using Java 11.0.13 on SK-20220116LREU with PID 1632 (C:\work\workspace\comunity\target\classes started by Administrator in C:\work\workspace\comunity)
2022-04-14 11:36:33,423 INFO [restartedMain] c.z.c.ComunityApplication [SpringApplication.java:640] No active profile set, falling back to 1 default profile: "default"
2022-04-14 11:36:33,473 INFO [restartedMain] o.s.b.d.e.DevToolsPropertyDefaultsPostProcessor [DeferredLog.java:255] Devtools property defaults active! Set 'spring.devtools.add-properties' to 'false' to disable
2022-04-14 11:36:33,473 INFO [restartedMain] o.s.b.d.e.DevToolsPropertyDefaultsPostProcessor [DeferredLog.java:255] For additional web related logging consider setting the 'logging.level.web' property to 'DEBUG'
2022-04-14 11:36:34,391 INFO [restartedMain] o.s.b.w.e.t.TomcatWebServer [TomcatWebServer.java:108] Tomcat initialized with port(s): 8080 (http)
2022-04-14 11:36:34,391 INFO [restartedMain] o.a.c.h.Http11NioProtocol [DirectJDKLog.java:173] Initializing ProtocolHandler ["http-nio-8080"]
2022-04-14 11:36:34,391 INFO [restartedMain] o.a.c.c.StandardService [DirectJDKLog.java:173] Starting service [Tomcat]
2022-04-14 11:36:34,391 INFO [restartedMain] o.a.c.c.StandardEngine [DirectJDKLog.java:173] Starting Servlet engine: [Apache Tomcat/9.0.60]
2022-04-14 11:36:34,451 INFO [restartedMain] o.a.c.c.C.[.[.[/comunity] [DirectJDKLog.java:173] Initializing Spring embedded WebApplicationContext
2022-04-14 11:36:34,451 INFO [restartedMain] o.s.b.w.s.c.ServletWebServerApplicationContext [ServletWebServerApplicationContext.java:290] Root WebApplicationContext: initialization completed in 962 ms
2022-04-14 11:36:34,876 INFO [restartedMain] o.s.b.a.w.s.WelcomePageHandlerMapping [WelcomePageHandlerMapping.java:57] Adding welcome page template: index
2022-04-14 11:36:34,987 INFO [restartedMain] o.s.b.d.a.OptionalLiveReloadServer [OptionalLiveReloadServer.java:58] LiveReload server is running on port 35729
2022-04-14 11:36:35,003 INFO [restartedMain] o.a.c.h.Http11NioProtocol [DirectJDKLog.java:173] Starting ProtocolHandler ["http-nio-8080"]
2022-04-14 11:36:35,022 INFO [restartedMain] o.s.b.w.e.t.TomcatWebServer [TomcatWebServer.java:220] Tomcat started on port(s): 8080 (http) with context path '/comunity'
2022-04-14 11:36:35,022 INFO [restartedMain] c.z.c.ComunityApplication [StartupInfoLogger.java:61] Started ComunityApplication in 2.289 seconds (JVM running for 3.47)
2022-04-14 11:36:47,394 INFO [http-nio-8080-exec-1] o.a.c.c.C.[.[.[/comunity] [DirectJDKLog.java:173] Initializing Spring DispatcherServlet 'dispatcherServlet'
2022-04-14 11:36:47,395 INFO [http-nio-8080-exec-1] o.s.w.s.DispatcherServlet [FrameworkServlet.java:525] Initializing Servlet 'dispatcherServlet'
2022-04-14 11:36:47,395 INFO [http-nio-8080-exec-1] o.s.w.s.DispatcherServlet [FrameworkServlet.java:547] Completed initialization in 0 ms
2022-04-14 11:36:47,434 INFO [http-nio-8080-exec-1] c.z.h.HikariDataSource [HikariDataSource.java:110] HikariPool-1 - Starting...
2022-04-14 11:36:47,533 INFO [http-nio-8080-exec-1] c.z.h.HikariDataSource [HikariDataSource.java:123] HikariPool-1 - Start completed.
2022-04-14 11:37:43,781 INFO [SpringApplicationShutdownHook] c.z.h.HikariDataSource [HikariDataSource.java:350] HikariPool-1 - Shutdown initiated...
2022-04-14 11:37:43,781 INFO [SpringApplicationShutdownHook] c.z.h.HikariDataSource [HikariDataSource.java:352] HikariPool-1 - Shutdown completed.
2022-04-14 11:37:47,835 INFO [restartedMain] c.z.c.ComunityApplication [StartupInfoLogger.java:55] Starting ComunityApplication using Java 11.0.13 on SK-20220116LREU with PID 4156 (C:\work\workspace\comunity\target\classes started by Administrator in C:\work\workspace\comunity)
2022-04-14 11:37:47,851 INFO [restartedMain] c.z.c.ComunityApplication [SpringApplication.java:640] No active profile set, falling back to 1 default profile: "default"
2022-04-14 11:37:47,904 INFO [restartedMain] o.s.b.d.e.DevToolsPropertyDefaultsPostProcessor [DeferredLog.java:255] Devtools property defaults active! Set 'spring.devtools.add-properties' to 'false' to disable
2022-04-14 11:37:47,904 INFO [restartedMain] o.s.b.d.e.DevToolsPropertyDefaultsPostProcessor [DeferredLog.java:255] For additional web related logging consider setting the 'logging.level.web' property to 'DEBUG'
2022-04-14 11:37:48,833 INFO [restartedMain] o.s.b.w.e.t.TomcatWebServer [TomcatWebServer.java:108] Tomcat initialized with port(s): 8080 (http)
2022-04-14 11:37:48,833 INFO [restartedMain] o.a.c.h.Http11NioProtocol [DirectJDKLog.java:173] Initializing ProtocolHandler ["http-nio-8080"]
2022-04-14 11:37:48,833 INFO [restartedMain] o.a.c.c.StandardService [DirectJDKLog.java:173] Starting service [Tomcat]
2022-04-14 11:37:48,833 INFO [restartedMain] o.a.c.c.StandardEngine [DirectJDKLog.java:173] Starting Servlet engine: [Apache Tomcat/9.0.60]
2022-04-14 11:37:48,895 INFO [restartedMain] o.a.c.c.C.[.[.[/comunity] [DirectJDKLog.java:173] Initializing Spring embedded WebApplicationContext
2022-04-14 11:37:48,895 INFO [restartedMain] o.s.b.w.s.c.ServletWebServerApplicationContext [ServletWebServerApplicationContext.java:290] Root WebApplicationContext: initialization completed in 991 ms
2022-04-14 11:37:49,326 INFO [restartedMain] o.s.b.a.w.s.WelcomePageHandlerMapping [WelcomePageHandlerMapping.java:57] Adding welcome page template: index
2022-04-14 11:37:49,421 INFO [restartedMain] o.s.b.d.a.OptionalLiveReloadServer [OptionalLiveReloadServer.java:58] LiveReload server is running on port 35729
2022-04-14 11:37:49,437 INFO [restartedMain] o.a.c.h.Http11NioProtocol [DirectJDKLog.java:173] Starting ProtocolHandler ["http-nio-8080"]
2022-04-14 11:37:49,458 INFO [restartedMain] o.s.b.w.e.t.TomcatWebServer [TomcatWebServer.java:220] Tomcat started on port(s): 8080 (http) with context path '/comunity'
2022-04-14 11:37:49,458 INFO [restartedMain] c.z.c.ComunityApplication [StartupInfoLogger.java:61] Started ComunityApplication in 2.331 seconds (JVM running for 3.532)
2022-04-14 11:37:53,341 INFO [http-nio-8080-exec-1] o.a.c.c.C.[.[.[/comunity] [DirectJDKLog.java:173] Initializing Spring DispatcherServlet 'dispatcherServlet'
2022-04-14 11:37:53,342 INFO [http-nio-8080-exec-1] o.s.w.s.DispatcherServlet [FrameworkServlet.java:525] Initializing Servlet 'dispatcherServlet'
2022-04-14 11:37:53,342 INFO [http-nio-8080-exec-1] o.s.w.s.DispatcherServlet [FrameworkServlet.java:547] Completed initialization in 0 ms
2022-04-14 11:37:53,382 INFO [http-nio-8080-exec-1] c.z.h.HikariDataSource [HikariDataSource.java:110] HikariPool-1 - Starting...
2022-04-14 11:37:53,485 INFO [http-nio-8080-exec-1] c.z.h.HikariDataSource [HikariDataSource.java:123] HikariPool-1 - Start completed.
2022-04-14 11:38:45,700 INFO [SpringApplicationShutdownHook] c.z.h.HikariDataSource [HikariDataSource.java:350] HikariPool-1 - Shutdown initiated...
2022-04-14 11:38:45,700 INFO [SpringApplicationShutdownHook] c.z.h.HikariDataSource [HikariDataSource.java:352] HikariPool-1 - Shutdown completed.
2022-04-14 11:38:49,594 INFO [restartedMain] c.z.c.ComunityApplication [StartupInfoLogger.java:55] Starting ComunityApplication using Java 11.0.13 on SK-20220116LREU with PID 1144 (C:\work\workspace\comunity\target\classes started by Administrator in C:\work\workspace\comunity)
2022-04-14 11:38:49,611 INFO [restartedMain] c.z.c.ComunityApplication [SpringApplication.java:640] No active profile set, falling back to 1 default profile: "default"
2022-04-14 11:38:49,672 INFO [restartedMain] o.s.b.d.e.DevToolsPropertyDefaultsPostProcessor [DeferredLog.java:255] Devtools property defaults active! Set 'spring.devtools.add-properties' to 'false' to disable
2022-04-14 11:38:49,672 INFO [restartedMain] o.s.b.d.e.DevToolsPropertyDefaultsPostProcessor [DeferredLog.java:255] For additional web related logging consider setting the 'logging.level.web' property to 'DEBUG'
2022-04-14 11:38:50,587 INFO [restartedMain] o.s.b.w.e.t.TomcatWebServer [TomcatWebServer.java:108] Tomcat initialized with port(s): 8080 (http)
2022-04-14 11:38:50,603 INFO [restartedMain] o.a.c.h.Http11NioProtocol [DirectJDKLog.java:173] Initializing ProtocolHandler ["http-nio-8080"]
2022-04-14 11:38:50,603 INFO [restartedMain] o.a.c.c.StandardService [DirectJDKLog.java:173] Starting service [Tomcat]
2022-04-14 11:38:50,603 INFO [restartedMain] o.a.c.c.StandardEngine [DirectJDKLog.java:173] Starting Servlet engine: [Apache Tomcat/9.0.60]
2022-04-14 11:38:50,650 INFO [restartedMain] o.a.c.c.C.[.[.[/comunity] [DirectJDKLog.java:173] Initializing Spring embedded WebApplicationContext
2022-04-14 11:38:50,650 INFO [restartedMain] o.s.b.w.s.c.ServletWebServerApplicationContext [ServletWebServerApplicationContext.java:290] Root WebApplicationContext: initialization completed in 978 ms
2022-04-14 11:38:51,083 INFO [restartedMain] o.s.b.a.w.s.WelcomePageHandlerMapping [WelcomePageHandlerMapping.java:57] Adding welcome page template: index
2022-04-14 11:38:51,192 INFO [restartedMain] o.s.b.d.a.OptionalLiveReloadServer [OptionalLiveReloadServer.java:58] LiveReload server is running on port 35729
2022-04-14 11:38:51,208 INFO [restartedMain] o.a.c.h.Http11NioProtocol [DirectJDKLog.java:173] Starting ProtocolHandler ["http-nio-8080"]
2022-04-14 11:38:51,223 INFO [restartedMain] o.s.b.w.e.t.TomcatWebServer [TomcatWebServer.java:220] Tomcat started on port(s): 8080 (http) with context path '/comunity'
2022-04-14 11:38:51,239 INFO [restartedMain] c.z.c.ComunityApplication [StartupInfoLogger.java:61] Started ComunityApplication in 2.347 seconds (JVM running for 3.531)
2022-04-14 11:39:02,061 INFO [http-nio-8080-exec-1] o.a.c.c.C.[.[.[/comunity] [DirectJDKLog.java:173] Initializing Spring DispatcherServlet 'dispatcherServlet'
2022-04-14 11:39:02,063 INFO [http-nio-8080-exec-1] o.s.w.s.DispatcherServlet [FrameworkServlet.java:525] Initializing Servlet 'dispatcherServlet'
2022-04-14 11:39:02,064 INFO [http-nio-8080-exec-1] o.s.w.s.DispatcherServlet [FrameworkServlet.java:547] Completed initialization in 1 ms
2022-04-14 11:39:02,103 INFO [http-nio-8080-exec-1] c.z.h.HikariDataSource [HikariDataSource.java:110] HikariPool-1 - Starting...
2022-04-14 11:39:02,225 INFO [http-nio-8080-exec-1] c.z.h.HikariDataSource [HikariDataSource.java:123] HikariPool-1 - Start completed.
2022-04-14 11:42:24,917 INFO [SpringApplicationShutdownHook] c.z.h.HikariDataSource [HikariDataSource.java:350] HikariPool-1 - Shutdown initiated...
2022-04-14 11:42:24,917 INFO [SpringApplicationShutdownHook] c.z.h.HikariDataSource [HikariDataSource.java:352] HikariPool-1 - Shutdown completed.
2022-04-14 11:42:28,696 INFO [restartedMain] c.z.c.ComunityApplication [StartupInfoLogger.java:55] Starting ComunityApplication using Java 11.0.13 on SK-20220116LREU with PID 8004 (C:\work\workspace\comunity\target\classes started by Administrator in C:\work\workspace\comunity)
2022-04-14 11:42:28,696 INFO [restartedMain] c.z.c.ComunityApplication [SpringApplication.java:640] No active profile set, falling back to 1 default profile: "default"
2022-04-14 11:42:28,762 INFO [restartedMain] o.s.b.d.e.DevToolsPropertyDefaultsPostProcessor [DeferredLog.java:255] Devtools property defaults active! Set 'spring.devtools.add-properties' to 'false' to disable
2022-04-14 11:42:28,762 INFO [restartedMain] o.s.b.d.e.DevToolsPropertyDefaultsPostProcessor [DeferredLog.java:255] For additional web related logging consider setting the 'logging.level.web' property to 'DEBUG'
2022-04-14 11:42:29,783 INFO [restartedMain] o.s.b.w.e.t.TomcatWebServer [TomcatWebServer.java:108] Tomcat initialized with port(s): 8080 (http)
2022-04-14 11:42:29,783 INFO [restartedMain] o.a.c.h.Http11NioProtocol [DirectJDKLog.java:173] Initializing ProtocolHandler ["http-nio-8080"]
2022-04-14 11:42:29,783 INFO [restartedMain] o.a.c.c.StandardService [DirectJDKLog.java:173] Starting service [Tomcat]
2022-04-14 11:42:29,783 INFO [restartedMain] o.a.c.c.StandardEngine [DirectJDKLog.java:173] Starting Servlet engine: [Apache Tomcat/9.0.60]
2022-04-14 11:42:29,830 INFO [restartedMain] o.a.c.c.C.[.[.[/comunity] [DirectJDKLog.java:173] Initializing Spring embedded WebApplicationContext
2022-04-14 11:42:29,830 INFO [restartedMain] o.s.b.w.s.c.ServletWebServerApplicationContext [ServletWebServerApplicationContext.java:290] Root WebApplicationContext: initialization completed in 1068 ms
2022-04-14 11:42:30,268 INFO [restartedMain] o.s.b.a.w.s.WelcomePageHandlerMapping [WelcomePageHandlerMapping.java:57] Adding welcome page template: index
2022-04-14 11:42:30,363 INFO [restartedMain] o.s.b.d.a.OptionalLiveReloadServer [OptionalLiveReloadServer.java:58] LiveReload server is running on port 35729
2022-04-14 11:42:30,379 INFO [restartedMain] o.a.c.h.Http11NioProtocol [DirectJDKLog.java:173] Starting ProtocolHandler ["http-nio-8080"]
2022-04-14 11:42:30,403 INFO [restartedMain] o.s.b.w.e.t.TomcatWebServer [TomcatWebServer.java:220] Tomcat started on port(s): 8080 (http) with context path '/comunity'
2022-04-14 11:42:30,403 INFO [restartedMain] c.z.c.ComunityApplication [StartupInfoLogger.java:61] Started ComunityApplication in 2.402 seconds (JVM running for 3.614)
2022-04-14 11:42:36,457 INFO [http-nio-8080-exec-1] o.a.c.c.C.[.[.[/comunity] [DirectJDKLog.java:173] Initializing Spring DispatcherServlet 'dispatcherServlet'
2022-04-14 11:42:36,458 INFO [http-nio-8080-exec-1] o.s.w.s.DispatcherServlet [FrameworkServlet.java:525] Initializing Servlet 'dispatcherServlet'
2022-04-14 11:42:36,458 INFO [http-nio-8080-exec-1] o.s.w.s.DispatcherServlet [FrameworkServlet.java:547] Completed initialization in 0 ms
2022-04-14 11:42:36,502 INFO [http-nio-8080-exec-1] c.z.h.HikariDataSource [HikariDataSource.java:110] HikariPool-1 - Starting...
2022-04-14 11:42:36,602 INFO [http-nio-8080-exec-1] c.z.h.HikariDataSource [HikariDataSource.java:123] HikariPool-1 - Start completed.
2022-04-14 12:12:00,386 INFO [SpringApplicationShutdownHook] c.z.h.HikariDataSource [HikariDataSource.java:350] HikariPool-1 - Shutdown initiated...
2022-04-14 12:12:00,393 INFO [SpringApplicationShutdownHook] c.z.h.HikariDataSource [HikariDataSource.java:352] HikariPool-1 - Shutdown completed.
2022-04-14 16:50:01,939 INFO [restartedMain] c.z.c.ComunityApplication [StartupInfoLogger.java:55] Starting ComunityApplication using Java 11.0.13 on SK-20220116LREU with PID 1576 (C:\work\workspace\comunity\target\classes started by Administrator in C:\work\workspace\comunity)
2022-04-14 16:50:01,942 INFO [restartedMain] c.z.c.ComunityApplication [SpringApplication.java:640] No active profile set, falling back to 1 default profile: "default"
2022-04-14 16:50:02,000 INFO [restartedMain] o.s.b.d.e.DevToolsPropertyDefaultsPostProcessor [DeferredLog.java:255] Devtools property defaults active! Set 'spring.devtools.add-properties' to 'false' to disable
2022-04-14 16:50:02,001 INFO [restartedMain] o.s.b.d.e.DevToolsPropertyDefaultsPostProcessor [DeferredLog.java:255] For additional web related logging consider setting the 'logging.level.web' property to 'DEBUG'
2022-04-14 16:50:02,951 INFO [restartedMain] o.s.b.w.e.t.TomcatWebServer [TomcatWebServer.java:108] Tomcat initialized with port(s): 8080 (http)
2022-04-14 16:50:02,959 INFO [restartedMain] o.a.c.h.Http11NioProtocol [DirectJDKLog.java:173] Initializing ProtocolHandler ["http-nio-8080"]
2022-04-14 16:50:02,959 INFO [restartedMain] o.a.c.c.StandardService [DirectJDKLog.java:173] Starting service [Tomcat]
2022-04-14 16:50:02,959 INFO [restartedMain] o.a.c.c.StandardEngine [DirectJDKLog.java:173] Starting Servlet engine: [Apache Tomcat/9.0.60]
2022-04-14 16:50:03,009 INFO [restartedMain] o.a.c.c.C.[.[.[/comunity] [DirectJDKLog.java:173] Initializing Spring embedded WebApplicationContext
2022-04-14 16:50:03,010 INFO [restartedMain] o.s.b.w.s.c.ServletWebServerApplicationContext [ServletWebServerApplicationContext.java:290] Root WebApplicationContext: initialization completed in 1008 ms
2022-04-14 16:50:03,424 INFO [restartedMain] o.s.b.a.w.s.WelcomePageHandlerMapping [WelcomePageHandlerMapping.java:57] Adding welcome page template: index
2022-04-14 16:50:03,520 INFO [restartedMain] o.s.b.d.a.OptionalLiveReloadServer [OptionalLiveReloadServer.java:58] LiveReload server is running on port 35729
2022-04-14 16:50:03,533 INFO [restartedMain] o.a.c.h.Http11NioProtocol [DirectJDKLog.java:173] Starting ProtocolHandler ["http-nio-8080"]
2022-04-14 16:50:03,547 INFO [restartedMain] o.s.b.w.e.t.TomcatWebServer [TomcatWebServer.java:220] Tomcat started on port(s): 8080 (http) with context path '/comunity'
2022-04-14 16:50:03,556 INFO [restartedMain] c.z.c.ComunityApplication [StartupInfoLogger.java:61] Started ComunityApplication in 2.277 seconds (JVM running for 3.423)
2022-04-14 16:50:31,162 INFO [http-nio-8080-exec-1] o.a.c.c.C.[.[.[/comunity] [DirectJDKLog.java:173] Initializing Spring DispatcherServlet 'dispatcherServlet'
2022-04-14 16:50:31,164 INFO [http-nio-8080-exec-1] o.s.w.s.DispatcherServlet [FrameworkServlet.java:525] Initializing Servlet 'dispatcherServlet'
2022-04-14 16:50:31,164 INFO [http-nio-8080-exec-1] o.s.w.s.DispatcherServlet [FrameworkServlet.java:547] Completed initialization in 0 ms
2022-04-14 16:50:31,215 INFO [http-nio-8080-exec-1] c.z.h.HikariDataSource [HikariDataSource.java:110] HikariPool-1 - Starting...
2022-04-14 16:53:05,843 INFO [restartedMain] c.z.c.ComunityApplication [StartupInfoLogger.java:55] Starting ComunityApplication using Java 11.0.13 on SK-20220116LREU with PID 8792 (C:\work\workspace\comunity\target\classes started by Administrator in C:\work\workspace\comunity)
2022-04-14 16:53:05,846 INFO [restartedMain] c.z.c.ComunityApplication [SpringApplication.java:640] No active profile set, falling back to 1 default profile: "default"
2022-04-14 16:53:05,911 INFO [restartedMain] o.s.b.d.e.DevToolsPropertyDefaultsPostProcessor [DeferredLog.java:255] Devtools property defaults active! Set 'spring.devtools.add-properties' to 'false' to disable
2022-04-14 16:53:05,911 INFO [restartedMain] o.s.b.d.e.DevToolsPropertyDefaultsPostProcessor [DeferredLog.java:255] For additional web related logging consider setting the 'logging.level.web' property to 'DEBUG'
2022-04-14 16:53:06,864 INFO [restartedMain] o.s.b.w.e.t.TomcatWebServer [TomcatWebServer.java:108] Tomcat initialized with port(s): 8080 (http)
2022-04-14 16:53:06,872 INFO [restartedMain] o.a.c.h.Http11NioProtocol [DirectJDKLog.java:173] Initializing ProtocolHandler ["http-nio-8080"]
2022-04-14 16:53:06,872 INFO [restartedMain] o.a.c.c.StandardService [DirectJDKLog.java:173] Starting service [Tomcat]
2022-04-14 16:53:06,873 INFO [restartedMain] o.a.c.c.StandardEngine [DirectJDKLog.java:173] Starting Servlet engine: [Apache Tomcat/9.0.60]
2022-04-14 16:53:06,925 INFO [restartedMain] o.a.c.c.C.[.[.[/comunity] [DirectJDKLog.java:173] Initializing Spring embedded WebApplicationContext
2022-04-14 16:53:06,925 INFO [restartedMain] o.s.b.w.s.c.ServletWebServerApplicationContext [ServletWebServerApplicationContext.java:290] Root WebApplicationContext: initialization completed in 1013 ms
2022-04-14 16:53:07,301 INFO [restartedMain] o.s.b.a.w.s.WelcomePageHandlerMapping [WelcomePageHandlerMapping.java:57] Adding welcome page template: index
2022-04-14 16:53:07,389 INFO [restartedMain] o.s.b.d.a.OptionalLiveReloadServer [OptionalLiveReloadServer.java:58] LiveReload server is running on port 35729
2022-04-14 16:53:07,402 INFO [restartedMain] o.a.c.h.Http11NioProtocol [DirectJDKLog.java:173] Starting ProtocolHandler ["http-nio-8080"]
2022-04-14 16:53:07,416 INFO [restartedMain] o.s.b.w.e.t.TomcatWebServer [TomcatWebServer.java:220] Tomcat started on port(s): 8080 (http) with context path '/comunity'
2022-04-14 16:53:07,426 INFO [restartedMain] c.z.c.ComunityApplication [StartupInfoLogger.java:61] Started ComunityApplication in 2.243 seconds (JVM running for 3.296)
2022-04-14 16:53:28,164 INFO [http-nio-8080-exec-1] o.a.c.c.C.[.[.[/comunity] [DirectJDKLog.java:173] Initializing Spring DispatcherServlet 'dispatcherServlet'
2022-04-14 16:53:28,165 INFO [http-nio-8080-exec-1] o.s.w.s.DispatcherServlet [FrameworkServlet.java:525] Initializing Servlet 'dispatcherServlet'
2022-04-14 16:53:28,166 INFO [http-nio-8080-exec-1] o.s.w.s.DispatcherServlet [FrameworkServlet.java:547] Completed initialization in 1 ms
2022-04-14 16:53:28,209 INFO [http-nio-8080-exec-1] c.z.h.HikariDataSource [HikariDataSource.java:110] HikariPool-1 - Starting...
2022-04-14 16:53:28,310 INFO [http-nio-8080-exec-1] c.z.h.HikariDataSource [HikariDataSource.java:123] HikariPool-1 - Start completed.
2022-04-14 17:08:25,698 INFO [restartedMain] c.z.c.ComunityApplication [StartupInfoLogger.java:55] Starting ComunityApplication using Java 11.0.13 on SK-20220116LREU with PID 10192 (C:\work\workspace\comunity\target\classes started by Administrator in C:\work\workspace\comunity)
2022-04-14 17:08:25,700 INFO [restartedMain] c.z.c.ComunityApplication [SpringApplication.java:640] No active profile set, falling back to 1 default profile: "default"
2022-04-14 17:08:25,755 INFO [restartedMain] o.s.b.d.e.DevToolsPropertyDefaultsPostProcessor [DeferredLog.java:255] Devtools property defaults active! Set 'spring.devtools.add-properties' to 'false' to disable
2022-04-14 17:08:25,755 INFO [restartedMain] o.s.b.d.e.DevToolsPropertyDefaultsPostProcessor [DeferredLog.java:255] For additional web related logging consider setting the 'logging.level.web' property to 'DEBUG'
2022-04-14 17:08:26,668 INFO [restartedMain] o.s.b.w.e.t.TomcatWebServer [TomcatWebServer.java:108] Tomcat initialized with port(s): 8080 (http)
2022-04-14 17:08:26,675 INFO [restartedMain] o.a.c.h.Http11NioProtocol [DirectJDKLog.java:173] Initializing ProtocolHandler ["http-nio-8080"]
2022-04-14 17:08:26,675 INFO [restartedMain] o.a.c.c.StandardService [DirectJDKLog.java:173] Starting service [Tomcat]
2022-04-14 17:08:26,675 INFO [restartedMain] o.a.c.c.StandardEngine [DirectJDKLog.java:173] Starting Servlet engine: [Apache Tomcat/9.0.60]
2022-04-14 17:08:26,727 INFO [restartedMain] o.a.c.c.C.[.[.[/comunity] [DirectJDKLog.java:173] Initializing Spring embedded WebApplicationContext
2022-04-14 17:08:26,727 INFO [restartedMain] o.s.b.w.s.c.ServletWebServerApplicationContext [ServletWebServerApplicationContext.java:290] Root WebApplicationContext: initialization completed in 971 ms
2022-04-14 17:08:27,111 INFO [restartedMain] o.s.b.a.w.s.WelcomePageHandlerMapping [WelcomePageHandlerMapping.java:57] Adding welcome page template: index
2022-04-14 17:08:27,200 INFO [restartedMain] o.s.b.d.a.OptionalLiveReloadServer [OptionalLiveReloadServer.java:58] LiveReload server is running on port 35729
2022-04-14 17:08:27,213 INFO [restartedMain] o.a.c.h.Http11NioProtocol [DirectJDKLog.java:173] Starting ProtocolHandler ["http-nio-8080"]
2022-04-14 17:08:27,226 INFO [restartedMain] o.s.b.w.e.t.TomcatWebServer [TomcatWebServer.java:220] Tomcat started on port(s): 8080 (http) with context path '/comunity'
2022-04-14 17:08:27,234 INFO [restartedMain] c.z.c.ComunityApplication [StartupInfoLogger.java:61] Started ComunityApplication in 2.135 seconds (JVM running for 3.127)
2022-04-14 17:08:51,313 INFO [http-nio-8080-exec-1] o.a.c.c.C.[.[.[/comunity] [DirectJDKLog.java:173] Initializing Spring DispatcherServlet 'dispatcherServlet'
2022-04-14 17:08:51,315 INFO [http-nio-8080-exec-1] o.s.w.s.DispatcherServlet [FrameworkServlet.java:525] Initializing Servlet 'dispatcherServlet'
2022-04-14 17:08:51,316 INFO [http-nio-8080-exec-1] o.s.w.s.DispatcherServlet [FrameworkServlet.java:547] Completed initialization in 0 ms
2022-04-14 17:08:51,364 INFO [http-nio-8080-exec-1] c.z.h.HikariDataSource [HikariDataSource.java:110] HikariPool-1 - Starting...
2022-04-14 17:08:51,461 INFO [http-nio-8080-exec-1] c.z.h.HikariDataSource [HikariDataSource.java:123] HikariPool-1 - Start completed.
2022-04-14 17:12:12,059 INFO [restartedMain] c.z.c.ComunityApplication [StartupInfoLogger.java:55] Starting ComunityApplication using Java 11.0.13 on SK-20220116LREU with PID 9832 (C:\work\workspace\comunity\target\classes started by Administrator in C:\work\workspace\comunity)
2022-04-14 17:12:12,061 INFO [restartedMain] c.z.c.ComunityApplication [SpringApplication.java:640] No active profile set, falling back to 1 default profile: "default"
2022-04-14 17:12:12,113 INFO [restartedMain] o.s.b.d.e.DevToolsPropertyDefaultsPostProcessor [DeferredLog.java:255] Devtools property defaults active! Set 'spring.devtools.add-properties' to 'false' to disable
2022-04-14 17:12:12,113 INFO [restartedMain] o.s.b.d.e.DevToolsPropertyDefaultsPostProcessor [DeferredLog.java:255] For additional web related logging consider setting the 'logging.level.web' property to 'DEBUG'
2022-04-14 17:12:13,095 INFO [restartedMain] o.s.b.w.e.t.TomcatWebServer [TomcatWebServer.java:108] Tomcat initialized with port(s): 8080 (http)
2022-04-14 17:12:13,102 INFO [restartedMain] o.a.c.h.Http11NioProtocol [DirectJDKLog.java:173] Initializing ProtocolHandler ["http-nio-8080"]
2022-04-14 17:12:13,103 INFO [restartedMain] o.a.c.c.StandardService [DirectJDKLog.java:173] Starting service [Tomcat]
2022-04-14 17:12:13,103 INFO [restartedMain] o.a.c.c.StandardEngine [DirectJDKLog.java:173] Starting Servlet engine: [Apache Tomcat/9.0.60]
2022-04-14 17:12:13,156 INFO [restartedMain] o.a.c.c.C.[.[.[/comunity] [DirectJDKLog.java:173] Initializing Spring embedded WebApplicationContext
2022-04-14 17:12:13,156 INFO [restartedMain] o.s.b.w.s.c.ServletWebServerApplicationContext [ServletWebServerApplicationContext.java:290] Root WebApplicationContext: initialization completed in 1042 ms
2022-04-14 17:12:13,559 INFO [restartedMain] o.s.b.a.w.s.WelcomePageHandlerMapping [WelcomePageHandlerMapping.java:57] Adding welcome page template: index
2022-04-14 17:12:13,658 INFO [restartedMain] o.s.b.d.a.OptionalLiveReloadServer [OptionalLiveReloadServer.java:58] LiveReload server is running on port 35729
2022-04-14 17:12:13,671 INFO [restartedMain] o.a.c.h.Http11NioProtocol [DirectJDKLog.java:173] Starting ProtocolHandler ["http-nio-8080"]
2022-04-14 17:12:13,685 INFO [restartedMain] o.s.b.w.e.t.TomcatWebServer [TomcatWebServer.java:220] Tomcat started on port(s): 8080 (http) with context path '/comunity'
2022-04-14 17:12:13,695 INFO [restartedMain] c.z.c.ComunityApplication [StartupInfoLogger.java:61] Started ComunityApplication in 2.225 seconds (JVM running for 3.212)
2022-04-14 17:12:13,797 INFO [http-nio-8080-exec-1] o.a.c.c.C.[.[.[/comunity] [DirectJDKLog.java:173] Initializing Spring DispatcherServlet 'dispatcherServlet'
2022-04-14 17:12:13,798 INFO [http-nio-8080-exec-1] o.s.w.s.DispatcherServlet [FrameworkServlet.java:525] Initializing Servlet 'dispatcherServlet'
2022-04-14 17:12:13,798 INFO [http-nio-8080-exec-1] o.s.w.s.DispatcherServlet [FrameworkServlet.java:547] Completed initialization in 0 ms
2022-04-14 17:13:06,170 INFO [restartedMain] c.z.c.ComunityApplication [StartupInfoLogger.java:55] Starting ComunityApplication using Java 11.0.13 on SK-20220116LREU with PID 8072 (C:\work\workspace\comunity\target\classes started by Administrator in C:\work\workspace\comunity)
2022-04-14 17:13:06,173 INFO [restartedMain] c.z.c.ComunityApplication [SpringApplication.java:640] No active profile set, falling back to 1 default profile: "default"
2022-04-14 17:13:06,224 INFO [restartedMain] o.s.b.d.e.DevToolsPropertyDefaultsPostProcessor [DeferredLog.java:255] Devtools property defaults active! Set 'spring.devtools.add-properties' to 'false' to disable
2022-04-14 17:13:06,225 INFO [restartedMain] o.s.b.d.e.DevToolsPropertyDefaultsPostProcessor [DeferredLog.java:255] For additional web related logging consider setting the 'logging.level.web' property to 'DEBUG'
2022-04-14 17:13:07,114 INFO [restartedMain] o.s.b.w.e.t.TomcatWebServer [TomcatWebServer.java:108] Tomcat initialized with port(s): 8080 (http)
2022-04-14 17:13:07,121 INFO [restartedMain] o.a.c.h.Http11NioProtocol [DirectJDKLog.java:173] Initializing ProtocolHandler ["http-nio-8080"]
2022-04-14 17:13:07,121 INFO [restartedMain] o.a.c.c.StandardService [DirectJDKLog.java:173] Starting service [Tomcat]
2022-04-14 17:13:07,121 INFO [restartedMain] o.a.c.c.StandardEngine [DirectJDKLog.java:173] Starting Servlet engine: [Apache Tomcat/9.0.60]
2022-04-14 17:13:07,169 INFO [restartedMain] o.a.c.c.C.[.[.[/comunity] [DirectJDKLog.java:173] Initializing Spring embedded WebApplicationContext
2022-04-14 17:13:07,170 INFO [restartedMain] o.s.b.w.s.c.ServletWebServerApplicationContext [ServletWebServerApplicationContext.java:290] Root WebApplicationContext: initialization completed in 944 ms
2022-04-14 17:13:07,535 INFO [restartedMain] o.s.b.a.w.s.WelcomePageHandlerMapping [WelcomePageHandlerMapping.java:57] Adding welcome page template: index
2022-04-14 17:13:07,624 INFO [restartedMain] o.s.b.d.a.OptionalLiveReloadServer [OptionalLiveReloadServer.java:58] LiveReload server is running on port 35729
2022-04-14 17:13:07,637 INFO [restartedMain] o.a.c.h.Http11NioProtocol [DirectJDKLog.java:173] Starting ProtocolHandler ["http-nio-8080"]
2022-04-14 17:13:07,650 INFO [restartedMain] o.s.b.w.e.t.TomcatWebServer [TomcatWebServer.java:220] Tomcat started on port(s): 8080 (http) with context path '/comunity'
2022-04-14 17:13:07,659 INFO [restartedMain] c.z.c.ComunityApplication [StartupInfoLogger.java:61] Started ComunityApplication in 2.134 seconds (JVM running for 3.285)
2022-04-14 17:18:06,829 INFO [http-nio-8080-exec-1] o.a.c.c.C.[.[.[/comunity] [DirectJDKLog.java:173] Initializing Spring DispatcherServlet 'dispatcherServlet'
2022-04-14 17:18:06,831 INFO [http-nio-8080-exec-1] o.s.w.s.DispatcherServlet [FrameworkServlet.java:525] Initializing Servlet 'dispatcherServlet'
2022-04-14 17:18:06,831 INFO [http-nio-8080-exec-1] o.s.w.s.DispatcherServlet [FrameworkServlet.java:547] Completed initialization in 0 ms
2022-04-14 17:18:06,871 INFO [http-nio-8080-exec-1] c.z.h.HikariDataSource [HikariDataSource.java:110] HikariPool-1 - Starting...
2022-04-14 17:18:06,968 INFO [http-nio-8080-exec-1] c.z.h.HikariDataSource [HikariDataSource.java:123] HikariPool-1 - Start completed.
2022-04-14 22:04:19,677 INFO [restartedMain] c.z.c.ComunityApplication [StartupInfoLogger.java:55] Starting ComunityApplication using Java 11.0.13 on SK-20220116LREU with PID 3848 (C:\work\workspace\comunity\target\classes started by Administrator in C:\work\workspace\comunity)
2022-04-14 22:04:19,680 INFO [restartedMain] c.z.c.ComunityApplication [SpringApplication.java:640] No active profile set, falling back to 1 default profile: "default"
2022-04-14 22:04:19,731 INFO [restartedMain] o.s.b.d.e.DevToolsPropertyDefaultsPostProcessor [DeferredLog.java:255] Devtools property defaults active! Set 'spring.devtools.add-properties' to 'false' to disable
2022-04-14 22:04:19,732 INFO [restartedMain] o.s.b.d.e.DevToolsPropertyDefaultsPostProcessor [DeferredLog.java:255] For additional web related logging consider setting the 'logging.level.web' property to 'DEBUG'
2022-04-14 22:04:20,632 INFO [restartedMain] o.s.b.w.e.t.TomcatWebServer [TomcatWebServer.java:108] Tomcat initialized with port(s): 8080 (http)
2022-04-14 22:04:20,639 INFO [restartedMain] o.a.c.h.Http11NioProtocol [DirectJDKLog.java:173] Initializing ProtocolHandler ["http-nio-8080"]
2022-04-14 22:04:20,639 INFO [restartedMain] o.a.c.c.StandardService [DirectJDKLog.java:173] Starting service [Tomcat]
2022-04-14 22:04:20,639 INFO [restartedMain] o.a.c.c.StandardEngine [DirectJDKLog.java:173] Starting Servlet engine: [Apache Tomcat/9.0.60]
2022-04-14 22:04:20,689 INFO [restartedMain] o.a.c.c.C.[.[.[/comunity] [DirectJDKLog.java:173] Initializing Spring embedded WebApplicationContext
2022-04-14 22:04:20,689 INFO [restartedMain] o.s.b.w.s.c.ServletWebServerApplicationContext [ServletWebServerApplicationContext.java:290] Root WebApplicationContext: initialization completed in 956 ms
2022-04-14 22:04:21,073 INFO [restartedMain] o.s.b.a.w.s.WelcomePageHandlerMapping [WelcomePageHandlerMapping.java:57] Adding welcome page template: index
2022-04-14 22:04:21,165 INFO [restartedMain] o.s.b.d.a.OptionalLiveReloadServer [OptionalLiveReloadServer.java:58] LiveReload server is running on port 35729
2022-04-14 22:04:21,179 INFO [restartedMain] o.a.c.h.Http11NioProtocol [DirectJDKLog.java:173] Starting ProtocolHandler ["http-nio-8080"]
2022-04-14 22:04:21,192 INFO [restartedMain] o.s.b.w.e.t.TomcatWebServer [TomcatWebServer.java:220] Tomcat started on port(s): 8080 (http) with context path '/comunity'
2022-04-14 22:04:21,203 INFO [restartedMain] c.z.c.ComunityApplication [StartupInfoLogger.java:61] Started ComunityApplication in 2.111 seconds (JVM running for 3.225)
2022-04-14 22:04:47,034 INFO [http-nio-8080-exec-1] o.a.c.c.C.[.[.[/comunity] [DirectJDKLog.java:173] Initializing Spring DispatcherServlet 'dispatcherServlet'
2022-04-14 22:04:47,036 INFO [http-nio-8080-exec-1] o.s.w.s.DispatcherServlet [FrameworkServlet.java:525] Initializing Servlet 'dispatcherServlet'
2022-04-14 22:04:47,037 INFO [http-nio-8080-exec-1] o.s.w.s.DispatcherServlet [FrameworkServlet.java:547] Completed initialization in 1 ms
2022-04-14 22:04:47,085 INFO [http-nio-8080-exec-1] c.z.h.HikariDataSource [HikariDataSource.java:110] HikariPool-1 - Starting...
2022-04-14 22:04:47,175 INFO [http-nio-8080-exec-1] c.z.h.HikariDataSource [HikariDataSource.java:123] HikariPool-1 - Start completed.
2022-04-14 22:09:39,233 INFO [restartedMain] c.z.c.ComunityApplication [StartupInfoLogger.java:55] Starting ComunityApplication using Java 11.0.13 on SK-20220116LREU with PID 3048 (C:\work\workspace\comunity\target\classes started by Administrator in C:\work\workspace\comunity)
2022-04-14 22:09:39,235 INFO [restartedMain] c.z.c.ComunityApplication [SpringApplication.java:640] No active profile set, falling back to 1 default profile: "default"
2022-04-14 22:09:39,300 INFO [restartedMain] o.s.b.d.e.DevToolsPropertyDefaultsPostProcessor [DeferredLog.java:255] Devtools property defaults active! Set 'spring.devtools.add-properties' to 'false' to disable
2022-04-14 22:09:39,301 INFO [restartedMain] o.s.b.d.e.DevToolsPropertyDefaultsPostProcessor [DeferredLog.java:255] For additional web related logging consider setting the 'logging.level.web' property to 'DEBUG'
2022-04-14 22:09:40,247 INFO [restartedMain] o.s.b.w.e.t.TomcatWebServer [TomcatWebServer.java:108] Tomcat initialized with port(s): 8080 (http)
2022-04-14 22:09:40,254 INFO [restartedMain] o.a.c.h.Http11NioProtocol [DirectJDKLog.java:173] Initializing ProtocolHandler ["http-nio-8080"]
2022-04-14 22:09:40,254 INFO [restartedMain] o.a.c.c.StandardService [DirectJDKLog.java:173] Starting service [Tomcat]
2022-04-14 22:09:40,254 INFO [restartedMain] o.a.c.c.StandardEngine [DirectJDKLog.java:173] Starting Servlet engine: [Apache Tomcat/9.0.60]
2022-04-14 22:09:40,302 INFO [restartedMain] o.a.c.c.C.[.[.[/comunity] [DirectJDKLog.java:173] Initializing Spring embedded WebApplicationContext
2022-04-14 22:09:40,303 INFO [restartedMain] o.s.b.w.s.c.ServletWebServerApplicationContext [ServletWebServerApplicationContext.java:290] Root WebApplicationContext: initialization completed in 1000 ms
2022-04-14 22:09:40,698 INFO [restartedMain] o.s.b.a.w.s.WelcomePageHandlerMapping [WelcomePageHandlerMapping.java:57] Adding welcome page template: index
2022-04-14 22:09:40,793 INFO [restartedMain] o.s.b.d.a.OptionalLiveReloadServer [OptionalLiveReloadServer.java:58] LiveReload server is running on port 35729
2022-04-14 22:09:40,807 INFO [restartedMain] o.a.c.h.Http11NioProtocol [DirectJDKLog.java:173] Starting ProtocolHandler ["http-nio-8080"]
2022-04-14 22:09:40,820 INFO [restartedMain] o.s.b.w.e.t.TomcatWebServer [TomcatWebServer.java:220] Tomcat started on port(s): 8080 (http) with context path '/comunity'
2022-04-14 22:09:40,830 INFO [restartedMain] c.z.c.ComunityApplication [StartupInfoLogger.java:61] Started ComunityApplication in 2.213 seconds (JVM running for 3.152)
2022-04-14 22:09:45,623 INFO [http-nio-8080-exec-1] o.a.c.c.C.[.[.[/comunity] [DirectJDKLog.java:173] Initializing Spring DispatcherServlet 'dispatcherServlet'
2022-04-14 22:09:45,624 INFO [http-nio-8080-exec-1] o.s.w.s.DispatcherServlet [FrameworkServlet.java:525] Initializing Servlet 'dispatcherServlet'
2022-04-14 22:09:45,625 INFO [http-nio-8080-exec-1] o.s.w.s.DispatcherServlet [FrameworkServlet.java:547] Completed initialization in 1 ms
2022-04-14 22:10:39,879 INFO [restartedMain] c.z.c.ComunityApplication [StartupInfoLogger.java:55] Starting ComunityApplication using Java 11.0.13 on SK-20220116LREU with PID 11788 (C:\work\workspace\comunity\target\classes started by Administrator in C:\work\workspace\comunity)
2022-04-14 22:10:39,882 INFO [restartedMain] c.z.c.ComunityApplication [SpringApplication.java:640] No active profile set, falling back to 1 default profile: "default"
2022-04-14 22:10:39,941 INFO [restartedMain] o.s.b.d.e.DevToolsPropertyDefaultsPostProcessor [DeferredLog.java:255] Devtools property defaults active! Set 'spring.devtools.add-properties' to 'false' to disable
2022-04-14 22:10:39,942 INFO [restartedMain] o.s.b.d.e.DevToolsPropertyDefaultsPostProcessor [DeferredLog.java:255] For additional web related logging consider setting the 'logging.level.web' property to 'DEBUG'
2022-04-14 22:10:40,851 INFO [restartedMain] o.s.b.w.e.t.TomcatWebServer [TomcatWebServer.java:108] Tomcat initialized with port(s): 8080 (http)
2022-04-14 22:10:40,857 INFO [restartedMain] o.a.c.h.Http11NioProtocol [DirectJDKLog.java:173] Initializing ProtocolHandler ["http-nio-8080"]
2022-04-14 22:10:40,858 INFO [restartedMain] o.a.c.c.StandardService [DirectJDKLog.java:173] Starting service [Tomcat]
2022-04-14 22:10:40,858 INFO [restartedMain] o.a.c.c.StandardEngine [DirectJDKLog.java:173] Starting Servlet engine: [Apache Tomcat/9.0.60]
2022-04-14 22:10:40,911 INFO [restartedMain] o.a.c.c.C.[.[.[/comunity] [DirectJDKLog.java:173] Initializing Spring embedded WebApplicationContext
2022-04-14 22:10:40,911 INFO [restartedMain] o.s.b.w.s.c.ServletWebServerApplicationContext [ServletWebServerApplicationContext.java:290] Root WebApplicationContext: initialization completed in 968 ms
2022-04-14 22:10:41,396 INFO [restartedMain] o.s.b.a.w.s.WelcomePageHandlerMapping [WelcomePageHandlerMapping.java:57] Adding welcome page template: index
2022-04-14 22:10:41,532 INFO [restartedMain] o.s.b.d.a.OptionalLiveReloadServer [OptionalLiveReloadServer.java:58] LiveReload server is running on port 35729
2022-04-14 22:10:41,548 INFO [restartedMain] o.a.c.h.Http11NioProtocol [DirectJDKLog.java:173] Starting ProtocolHandler ["http-nio-8080"]
2022-04-14 22:10:41,562 INFO [restartedMain] o.s.b.w.e.t.TomcatWebServer [TomcatWebServer.java:220] Tomcat started on port(s): 8080 (http) with context path '/comunity'
2022-04-14 22:10:41,572 INFO [restartedMain] c.z.c.ComunityApplication [StartupInfoLogger.java:61] Started ComunityApplication in 2.295 seconds (JVM running for 3.247)
2022-04-14 22:10:45,838 INFO [http-nio-8080-exec-1] o.a.c.c.C.[.[.[/comunity] [DirectJDKLog.java:173] Initializing Spring DispatcherServlet 'dispatcherServlet'
2022-04-14 22:10:45,839 INFO [http-nio-8080-exec-1] o.s.w.s.DispatcherServlet [FrameworkServlet.java:525] Initializing Servlet 'dispatcherServlet'
2022-04-14 22:10:45,840 INFO [http-nio-8080-exec-1] o.s.w.s.DispatcherServlet [FrameworkServlet.java:547] Completed initialization in 0 ms
2022-04-14 22:10:45,881 INFO [http-nio-8080-exec-1] c.z.h.HikariDataSource [HikariDataSource.java:110] HikariPool-1 - Starting...
2022-04-14 22:10:45,966 INFO [http-nio-8080-exec-1] c.z.h.HikariDataSource [HikariDataSource.java:123] HikariPool-1 - Start completed.
2022-04-14 22:11:28,119 INFO [restartedMain] c.z.c.ComunityApplication [StartupInfoLogger.java:55] Starting ComunityApplication using Java 11.0.13 on SK-20220116LREU with PID 2248 (C:\work\workspace\comunity\target\classes started by Administrator in C:\work\workspace\comunity)
2022-04-14 22:11:28,121 INFO [restartedMain] c.z.c.ComunityApplication [SpringApplication.java:640] No active profile set, falling back to 1 default profile: "default"
2022-04-14 22:11:28,173 INFO [restartedMain] o.s.b.d.e.DevToolsPropertyDefaultsPostProcessor [DeferredLog.java:255] Devtools property defaults active! Set 'spring.devtools.add-properties' to 'false' to disable
2022-04-14 22:11:28,173 INFO [restartedMain] o.s.b.d.e.DevToolsPropertyDefaultsPostProcessor [DeferredLog.java:255] For additional web related logging consider setting the 'logging.level.web' property to 'DEBUG'
2022-04-14 22:11:29,056 INFO [restartedMain] o.s.b.w.e.t.TomcatWebServer [TomcatWebServer.java:108] Tomcat initialized with port(s): 8080 (http)
2022-04-14 22:11:29,062 INFO [restartedMain] o.a.c.h.Http11NioProtocol [DirectJDKLog.java:173] Initializing ProtocolHandler ["http-nio-8080"]
2022-04-14 22:11:29,063 INFO [restartedMain] o.a.c.c.StandardService [DirectJDKLog.java:173] Starting service [Tomcat]
2022-04-14 22:11:29,063 INFO [restartedMain] o.a.c.c.StandardEngine [DirectJDKLog.java:173] Starting Servlet engine: [Apache Tomcat/9.0.60]
2022-04-14 22:11:29,118 INFO [restartedMain] o.a.c.c.C.[.[.[/comunity] [DirectJDKLog.java:173] Initializing Spring embedded WebApplicationContext
2022-04-14 22:11:29,118 INFO [restartedMain] o.s.b.w.s.c.ServletWebServerApplicationContext [ServletWebServerApplicationContext.java:290] Root WebApplicationContext: initialization completed in 944 ms
2022-04-14 22:11:29,500 INFO [restartedMain] o.s.b.a.w.s.WelcomePageHandlerMapping [WelcomePageHandlerMapping.java:57] Adding welcome page template: index
2022-04-14 22:11:29,593 INFO [restartedMain] o.s.b.d.a.OptionalLiveReloadServer [OptionalLiveReloadServer.java:58] LiveReload server is running on port 35729
2022-04-14 22:11:29,606 INFO [restartedMain] o.a.c.h.Http11NioProtocol [DirectJDKLog.java:173] Starting ProtocolHandler ["http-nio-8080"]
2022-04-14 22:11:29,621 INFO [restartedMain] o.s.b.w.e.t.TomcatWebServer [TomcatWebServer.java:220] Tomcat started on port(s): 8080 (http) with context path '/comunity'
2022-04-14 22:11:29,631 INFO [restartedMain] c.z.c.ComunityApplication [StartupInfoLogger.java:61] Started ComunityApplication in 2.111 seconds (JVM running for 3.065)
2022-04-14 22:11:34,261 INFO [http-nio-8080-exec-1] o.a.c.c.C.[.[.[/comunity] [DirectJDKLog.java:173] Initializing Spring DispatcherServlet 'dispatcherServlet'
2022-04-14 22:11:34,262 INFO [http-nio-8080-exec-1] o.s.w.s.DispatcherServlet [FrameworkServlet.java:525] Initializing Servlet 'dispatcherServlet'
2022-04-14 22:11:34,263 INFO [http-nio-8080-exec-1] o.s.w.s.DispatcherServlet [FrameworkServlet.java:547] Completed initialization in 1 ms
2022-04-14 22:12:02,012 INFO [restartedMain] c.z.c.ComunityApplication [StartupInfoLogger.java:55] Starting ComunityApplication using Java 11.0.13 on SK-20220116LREU with PID 13680 (C:\work\workspace\comunity\target\classes started by Administrator in C:\work\workspace\comunity)
2022-04-14 22:12:02,015 INFO [restartedMain] c.z.c.ComunityApplication [SpringApplication.java:640] No active profile set, falling back to 1 default profile: "default"
2022-04-14 22:12:02,079 INFO [restartedMain] o.s.b.d.e.DevToolsPropertyDefaultsPostProcessor [DeferredLog.java:255] Devtools property defaults active! Set 'spring.devtools.add-properties' to 'false' to disable
2022-04-14 22:12:02,080 INFO [restartedMain] o.s.b.d.e.DevToolsPropertyDefaultsPostProcessor [DeferredLog.java:255] For additional web related logging consider setting the 'logging.level.web' property to 'DEBUG'
2022-04-14 22:12:02,997 INFO [restartedMain] o.s.b.w.e.t.TomcatWebServer [TomcatWebServer.java:108] Tomcat initialized with port(s): 8080 (http)
2022-04-14 22:12:03,004 INFO [restartedMain] o.a.c.h.Http11NioProtocol [DirectJDKLog.java:173] Initializing ProtocolHandler ["http-nio-8080"]
2022-04-14 22:12:03,004 INFO [restartedMain] o.a.c.c.StandardService [DirectJDKLog.java:173] Starting service [Tomcat]
2022-04-14 22:12:03,004 INFO [restartedMain] o.a.c.c.StandardEngine [DirectJDKLog.java:173] Starting Servlet engine: [Apache Tomcat/9.0.60]
2022-04-14 22:12:03,054 INFO [restartedMain] o.a.c.c.C.[.[.[/comunity] [DirectJDKLog.java:173] Initializing Spring embedded WebApplicationContext
2022-04-14 22:12:03,055 INFO [restartedMain] o.s.b.w.s.c.ServletWebServerApplicationContext [ServletWebServerApplicationContext.java:290] Root WebApplicationContext: initialization completed in 974 ms
2022-04-14 22:12:03,453 INFO [restartedMain] o.s.b.a.w.s.WelcomePageHandlerMapping [WelcomePageHandlerMapping.java:57] Adding welcome page template: index
2022-04-14 22:12:03,556 INFO [restartedMain] o.s.b.d.a.OptionalLiveReloadServer [OptionalLiveReloadServer.java:58] LiveReload server is running on port 35729
2022-04-14 22:12:03,571 INFO [restartedMain] o.a.c.h.Http11NioProtocol [DirectJDKLog.java:173] Starting ProtocolHandler ["http-nio-8080"]
2022-04-14 22:12:03,585 INFO [restartedMain] o.s.b.w.e.t.TomcatWebServer [TomcatWebServer.java:220] Tomcat started on port(s): 8080 (http) with context path '/comunity'
2022-04-14 22:12:03,595 INFO [restartedMain] c.z.c.ComunityApplication [StartupInfoLogger.java:61] Started ComunityApplication in 2.157 seconds (JVM running for 3.067)
2022-04-14 22:12:07,208 INFO [http-nio-8080-exec-1] o.a.c.c.C.[.[.[/comunity] [DirectJDKLog.java:173] Initializing Spring DispatcherServlet 'dispatcherServlet'
2022-04-14 22:12:07,210 INFO [http-nio-8080-exec-1] o.s.w.s.DispatcherServlet [FrameworkServlet.java:525] Initializing Servlet 'dispatcherServlet'
2022-04-14 22:12:07,211 INFO [http-nio-8080-exec-1] o.s.w.s.DispatcherServlet [FrameworkServlet.java:547] Completed initialization in 1 ms
2022-04-14 22:13:05,483 INFO [restartedMain] c.z.c.ComunityApplication [StartupInfoLogger.java:55] Starting ComunityApplication using Java 11.0.13 on SK-20220116LREU with PID 8188 (C:\work\workspace\comunity\target\classes started by Administrator in C:\work\workspace\comunity)
2022-04-14 22:13:05,487 INFO [restartedMain] c.z.c.ComunityApplication [SpringApplication.java:640] No active profile set, falling back to 1 default profile: "default"
2022-04-14 22:13:05,552 INFO [restartedMain] o.s.b.d.e.DevToolsPropertyDefaultsPostProcessor [DeferredLog.java:255] Devtools property defaults active! Set 'spring.devtools.add-properties' to 'false' to disable
2022-04-14 22:13:05,553 INFO [restartedMain] o.s.b.d.e.DevToolsPropertyDefaultsPostProcessor [DeferredLog.java:255] For additional web related logging consider setting the 'logging.level.web' property to 'DEBUG'
2022-04-14 22:13:06,478 INFO [restartedMain] o.s.b.w.e.t.TomcatWebServer [TomcatWebServer.java:108] Tomcat initialized with port(s): 8080 (http)
2022-04-14 22:13:06,485 INFO [restartedMain] o.a.c.h.Http11NioProtocol [DirectJDKLog.java:173] Initializing ProtocolHandler ["http-nio-8080"]
2022-04-14 22:13:06,485 INFO [restartedMain] o.a.c.c.StandardService [DirectJDKLog.java:173] Starting service [Tomcat]
2022-04-14 22:13:06,485 INFO [restartedMain] o.a.c.c.StandardEngine [DirectJDKLog.java:173] Starting Servlet engine: [Apache Tomcat/9.0.60]
2022-04-14 22:13:06,531 INFO [restartedMain] o.a.c.c.C.[.[.[/comunity] [DirectJDKLog.java:173] Initializing Spring embedded WebApplicationContext
2022-04-14 22:13:06,531 INFO [restartedMain] o.s.b.w.s.c.ServletWebServerApplicationContext [ServletWebServerApplicationContext.java:290] Root WebApplicationContext: initialization completed in 977 ms
2022-04-14 22:13:06,915 INFO [restartedMain] o.s.b.a.w.s.WelcomePageHandlerMapping [WelcomePageHandlerMapping.java:57] Adding welcome page template: index
2022-04-14 22:13:07,004 INFO [restartedMain] o.s.b.d.a.OptionalLiveReloadServer [OptionalLiveReloadServer.java:58] LiveReload server is running on port 35729
2022-04-14 22:13:07,017 INFO [restartedMain] o.a.c.h.Http11NioProtocol [DirectJDKLog.java:173] Starting ProtocolHandler ["http-nio-8080"]
2022-04-14 22:13:07,030 INFO [restartedMain] o.s.b.w.e.t.TomcatWebServer [TomcatWebServer.java:220] Tomcat started on port(s): 8080 (http) with context path '/comunity'
2022-04-14 22:13:07,039 INFO [restartedMain] c.z.c.ComunityApplication [StartupInfoLogger.java:61] Started ComunityApplication in 2.13 seconds (JVM running for 3.12)
2022-04-14 22:13:12,923 INFO [http-nio-8080-exec-1] o.a.c.c.C.[.[.[/comunity] [DirectJDKLog.java:173] Initializing Spring DispatcherServlet 'dispatcherServlet'
2022-04-14 22:13:12,925 INFO [http-nio-8080-exec-1] o.s.w.s.DispatcherServlet [FrameworkServlet.java:525] Initializing Servlet 'dispatcherServlet'
2022-04-14 22:13:12,926 INFO [http-nio-8080-exec-1] o.s.w.s.DispatcherServlet [FrameworkServlet.java:547] Completed initialization in 1 ms
