2022-04-21 18:06:08,604 INFO [restartedMain] c.z.c.ComunityApplication [StartupInfoLogger.java:55] Starting ComunityApplication using Java 11.0.13 on SK-20220116LREU with PID 10072 (C:\work\workspace\comunity\target\classes started by Administrator in C:\work\workspace\comunity)
2022-04-21 18:06:08,606 INFO [restartedMain] c.z.c.ComunityApplication [SpringApplication.java:640] No active profile set, falling back to 1 default profile: "default"
2022-04-21 18:06:08,666 INFO [restartedMain] o.s.b.d.e.DevToolsPropertyDefaultsPostProcessor [DeferredLog.java:255] Devtools property defaults active! Set 'spring.devtools.add-properties' to 'false' to disable
2022-04-21 18:06:08,667 INFO [restartedMain] o.s.b.d.e.DevToolsPropertyDefaultsPostProcessor [DeferredLog.java:255] For additional web related logging consider setting the 'logging.level.web' property to 'DEBUG'
2022-04-21 18:06:09,482 INFO [restartedMain] o.s.d.r.c.RepositoryConfigurationDelegate [RepositoryConfigurationDelegate.java:262] Multiple Spring Data modules found, entering strict repository configuration mode!
2022-04-21 18:06:09,485 INFO [restartedMain] o.s.d.r.c.RepositoryConfigurationDelegate [RepositoryConfigurationDelegate.java:132] Bootstrapping Spring Data Redis repositories in DEFAULT mode.
2022-04-21 18:06:09,509 INFO [restartedMain] o.s.d.r.c.RepositoryConfigurationDelegate [RepositoryConfigurationDelegate.java:201] Finished Spring Data repository scanning in 8 ms. Found 0 Redis repository interfaces.
2022-04-21 18:06:10,206 INFO [restartedMain] o.s.b.w.e.t.TomcatWebServer [TomcatWebServer.java:108] Tomcat initialized with port(s): 8080 (http)
2022-04-21 18:06:10,214 INFO [restartedMain] o.a.c.h.Http11NioProtocol [DirectJDKLog.java:173] Initializing ProtocolHandler ["http-nio-8080"]
2022-04-21 18:06:10,214 INFO [restartedMain] o.a.c.c.StandardService [DirectJDKLog.java:173] Starting service [Tomcat]
2022-04-21 18:06:10,214 INFO [restartedMain] o.a.c.c.StandardEngine [DirectJDKLog.java:173] Starting Servlet engine: [Apache Tomcat/9.0.60]
2022-04-21 18:06:10,275 INFO [restartedMain] o.a.c.c.C.[.[.[/comunity] [DirectJDKLog.java:173] Initializing Spring embedded WebApplicationContext
2022-04-21 18:06:10,275 INFO [restartedMain] o.s.b.w.s.c.ServletWebServerApplicationContext [ServletWebServerApplicationContext.java:290] Root WebApplicationContext: initialization completed in 1607 ms
2022-04-21 18:06:11,201 INFO [restartedMain] o.s.b.a.w.s.WelcomePageHandlerMapping [WelcomePageHandlerMapping.java:57] Adding welcome page template: index
2022-04-21 18:06:11,474 INFO [restartedMain] o.s.b.d.a.OptionalLiveReloadServer [OptionalLiveReloadServer.java:58] LiveReload server is running on port 35729
2022-04-21 18:06:11,492 INFO [restartedMain] o.a.c.h.Http11NioProtocol [DirectJDKLog.java:173] Starting ProtocolHandler ["http-nio-8080"]
2022-04-21 18:06:11,507 INFO [restartedMain] o.s.b.w.e.t.TomcatWebServer [TomcatWebServer.java:220] Tomcat started on port(s): 8080 (http) with context path '/comunity'
2022-04-21 18:06:11,519 INFO [restartedMain] c.z.c.ComunityApplication [StartupInfoLogger.java:61] Started ComunityApplication in 3.791 seconds (JVM running for 5.385)
2022-04-21 18:07:27,757 INFO [http-nio-8080-exec-1] o.a.c.c.C.[.[.[/comunity] [DirectJDKLog.java:173] Initializing Spring DispatcherServlet 'dispatcherServlet'
2022-04-21 18:07:27,759 INFO [http-nio-8080-exec-1] o.s.w.s.DispatcherServlet [FrameworkServlet.java:525] Initializing Servlet 'dispatcherServlet'
2022-04-21 18:07:27,761 INFO [http-nio-8080-exec-1] o.s.w.s.DispatcherServlet [FrameworkServlet.java:547] Completed initialization in 2 ms
2022-04-21 18:07:27,771 INFO [http-nio-8080-exec-1] c.z.h.HikariDataSource [HikariDataSource.java:110] HikariPool-1 - Starting...
2022-04-21 18:07:28,893 INFO [http-nio-8080-exec-3] c.z.h.HikariDataSource [HikariDataSource.java:110] HikariPool-1 - Starting...
2022-04-21 18:07:29,909 INFO [http-nio-8080-exec-4] c.z.h.HikariDataSource [HikariDataSource.java:110] HikariPool-1 - Starting...
2022-04-21 18:07:30,934 INFO [http-nio-8080-exec-2] c.z.h.HikariDataSource [HikariDataSource.java:110] HikariPool-1 - Starting...
2022-04-21 18:07:31,952 INFO [http-nio-8080-exec-7] c.z.h.HikariDataSource [HikariDataSource.java:110] HikariPool-1 - Starting...
2022-04-21 18:07:32,967 INFO [http-nio-8080-exec-6] c.z.h.HikariDataSource [HikariDataSource.java:110] HikariPool-1 - Starting...
2022-04-21 18:07:33,978 INFO [http-nio-8080-exec-8] c.z.h.HikariDataSource [HikariDataSource.java:110] HikariPool-1 - Starting...
2022-04-21 18:07:35,002 INFO [http-nio-8080-exec-5] c.z.h.HikariDataSource [HikariDataSource.java:110] HikariPool-1 - Starting...
2022-04-21 18:07:36,026 INFO [http-nio-8080-exec-9] c.z.h.HikariDataSource [HikariDataSource.java:110] HikariPool-1 - Starting...
2022-04-21 18:07:37,038 INFO [http-nio-8080-exec-10] c.z.h.HikariDataSource [HikariDataSource.java:110] HikariPool-1 - Starting...
2022-04-21 18:08:37,610 INFO [http-nio-8080-exec-3] c.z.h.HikariDataSource [HikariDataSource.java:110] HikariPool-1 - Starting...
2022-04-21 18:08:37,639 INFO [http-nio-8080-exec-3] c.z.h.HikariDataSource [HikariDataSource.java:123] HikariPool-1 - Start completed.
2022-04-21 18:11:12,249 INFO [restartedMain] c.z.c.ComunityApplication [StartupInfoLogger.java:55] Starting ComunityApplication using Java 11.0.13 on SK-20220116LREU with PID 356 (C:\work\workspace\comunity\target\classes started by Administrator in C:\work\workspace\comunity)
2022-04-21 18:11:12,249 INFO [restartedMain] c.z.c.ComunityApplication [SpringApplication.java:640] No active profile set, falling back to 1 default profile: "default"
2022-04-21 18:11:12,301 INFO [restartedMain] o.s.b.d.e.DevToolsPropertyDefaultsPostProcessor [DeferredLog.java:255] Devtools property defaults active! Set 'spring.devtools.add-properties' to 'false' to disable
2022-04-21 18:11:12,301 INFO [restartedMain] o.s.b.d.e.DevToolsPropertyDefaultsPostProcessor [DeferredLog.java:255] For additional web related logging consider setting the 'logging.level.web' property to 'DEBUG'
2022-04-21 18:11:12,880 INFO [restartedMain] o.s.d.r.c.RepositoryConfigurationDelegate [RepositoryConfigurationDelegate.java:262] Multiple Spring Data modules found, entering strict repository configuration mode!
2022-04-21 18:11:12,880 INFO [restartedMain] o.s.d.r.c.RepositoryConfigurationDelegate [RepositoryConfigurationDelegate.java:132] Bootstrapping Spring Data Redis repositories in DEFAULT mode.
2022-04-21 18:11:12,896 INFO [restartedMain] o.s.d.r.c.RepositoryConfigurationDelegate [RepositoryConfigurationDelegate.java:201] Finished Spring Data repository scanning in 7 ms. Found 0 Redis repository interfaces.
2022-04-21 18:11:13,413 INFO [restartedMain] o.s.b.w.e.t.TomcatWebServer [TomcatWebServer.java:108] Tomcat initialized with port(s): 8080 (http)
2022-04-21 18:11:13,428 INFO [restartedMain] o.a.c.h.Http11NioProtocol [DirectJDKLog.java:173] Initializing ProtocolHandler ["http-nio-8080"]
2022-04-21 18:11:13,428 INFO [restartedMain] o.a.c.c.StandardService [DirectJDKLog.java:173] Starting service [Tomcat]
2022-04-21 18:11:13,428 INFO [restartedMain] o.a.c.c.StandardEngine [DirectJDKLog.java:173] Starting Servlet engine: [Apache Tomcat/9.0.60]
2022-04-21 18:11:13,475 INFO [restartedMain] o.a.c.c.C.[.[.[/comunity] [DirectJDKLog.java:173] Initializing Spring embedded WebApplicationContext
2022-04-21 18:11:13,475 INFO [restartedMain] o.s.b.w.s.c.ServletWebServerApplicationContext [ServletWebServerApplicationContext.java:290] Root WebApplicationContext: initialization completed in 1174 ms
2022-04-21 18:11:14,160 INFO [restartedMain] o.s.b.a.w.s.WelcomePageHandlerMapping [WelcomePageHandlerMapping.java:57] Adding welcome page template: index
2022-04-21 18:11:14,365 INFO [restartedMain] o.s.b.d.a.OptionalLiveReloadServer [OptionalLiveReloadServer.java:58] LiveReload server is running on port 35729
2022-04-21 18:11:14,380 INFO [restartedMain] o.a.c.h.Http11NioProtocol [DirectJDKLog.java:173] Starting ProtocolHandler ["http-nio-8080"]
2022-04-21 18:11:14,396 INFO [restartedMain] o.s.b.w.e.t.TomcatWebServer [TomcatWebServer.java:220] Tomcat started on port(s): 8080 (http) with context path '/comunity'
2022-04-21 18:11:14,412 INFO [restartedMain] c.z.c.ComunityApplication [StartupInfoLogger.java:61] Started ComunityApplication in 2.687 seconds (JVM running for 4.446)
2022-04-21 18:11:17,469 INFO [http-nio-8080-exec-1] o.a.c.c.C.[.[.[/comunity] [DirectJDKLog.java:173] Initializing Spring DispatcherServlet 'dispatcherServlet'
2022-04-21 18:11:17,471 INFO [http-nio-8080-exec-1] o.s.w.s.DispatcherServlet [FrameworkServlet.java:525] Initializing Servlet 'dispatcherServlet'
2022-04-21 18:11:17,472 INFO [http-nio-8080-exec-1] o.s.w.s.DispatcherServlet [FrameworkServlet.java:547] Completed initialization in 1 ms
2022-04-21 18:11:17,495 INFO [http-nio-8080-exec-1] c.z.h.HikariDataSource [HikariDataSource.java:110] HikariPool-1 - Starting...
2022-04-21 18:11:17,580 INFO [http-nio-8080-exec-1] c.z.h.HikariDataSource [HikariDataSource.java:123] HikariPool-1 - Start completed.
2022-04-21 18:13:43,646 INFO [restartedMain] c.z.c.ComunityApplication [StartupInfoLogger.java:55] Starting ComunityApplication using Java 11.0.13 on SK-20220116LREU with PID 6032 (C:\work\workspace\comunity\target\classes started by Administrator in C:\work\workspace\comunity)
2022-04-21 18:13:43,646 INFO [restartedMain] c.z.c.ComunityApplication [SpringApplication.java:640] No active profile set, falling back to 1 default profile: "default"
2022-04-21 18:13:43,706 INFO [restartedMain] o.s.b.d.e.DevToolsPropertyDefaultsPostProcessor [DeferredLog.java:255] Devtools property defaults active! Set 'spring.devtools.add-properties' to 'false' to disable
2022-04-21 18:13:43,706 INFO [restartedMain] o.s.b.d.e.DevToolsPropertyDefaultsPostProcessor [DeferredLog.java:255] For additional web related logging consider setting the 'logging.level.web' property to 'DEBUG'
2022-04-21 18:13:44,346 INFO [restartedMain] o.s.d.r.c.RepositoryConfigurationDelegate [RepositoryConfigurationDelegate.java:262] Multiple Spring Data modules found, entering strict repository configuration mode!
2022-04-21 18:13:44,346 INFO [restartedMain] o.s.d.r.c.RepositoryConfigurationDelegate [RepositoryConfigurationDelegate.java:132] Bootstrapping Spring Data Redis repositories in DEFAULT mode.
2022-04-21 18:13:44,366 INFO [restartedMain] o.s.d.r.c.RepositoryConfigurationDelegate [RepositoryConfigurationDelegate.java:201] Finished Spring Data repository scanning in 9 ms. Found 0 Redis repository interfaces.
2022-04-21 18:13:44,986 INFO [restartedMain] o.s.b.w.e.t.TomcatWebServer [TomcatWebServer.java:108] Tomcat initialized with port(s): 8080 (http)
2022-04-21 18:13:44,997 INFO [restartedMain] o.a.c.h.Http11NioProtocol [DirectJDKLog.java:173] Initializing ProtocolHandler ["http-nio-8080"]
2022-04-21 18:13:44,997 INFO [restartedMain] o.a.c.c.StandardService [DirectJDKLog.java:173] Starting service [Tomcat]
2022-04-21 18:13:44,997 INFO [restartedMain] o.a.c.c.StandardEngine [DirectJDKLog.java:173] Starting Servlet engine: [Apache Tomcat/9.0.60]
2022-04-21 18:13:45,066 INFO [restartedMain] o.a.c.c.C.[.[.[/comunity] [DirectJDKLog.java:173] Initializing Spring embedded WebApplicationContext
2022-04-21 18:13:45,066 INFO [restartedMain] o.s.b.w.s.c.ServletWebServerApplicationContext [ServletWebServerApplicationContext.java:290] Root WebApplicationContext: initialization completed in 1360 ms
2022-04-21 18:13:45,795 INFO [restartedMain] o.s.b.a.w.s.WelcomePageHandlerMapping [WelcomePageHandlerMapping.java:57] Adding welcome page template: index
2022-04-21 18:13:46,048 INFO [restartedMain] o.s.b.d.a.OptionalLiveReloadServer [OptionalLiveReloadServer.java:58] LiveReload server is running on port 35729
2022-04-21 18:13:46,066 INFO [restartedMain] o.a.c.h.Http11NioProtocol [DirectJDKLog.java:173] Starting ProtocolHandler ["http-nio-8080"]
2022-04-21 18:13:46,076 INFO [restartedMain] o.s.b.w.e.t.TomcatWebServer [TomcatWebServer.java:220] Tomcat started on port(s): 8080 (http) with context path '/comunity'
2022-04-21 18:13:46,086 INFO [restartedMain] c.z.c.ComunityApplication [StartupInfoLogger.java:61] Started ComunityApplication in 3.081 seconds (JVM running for 4.165)
2022-04-21 18:14:07,101 INFO [http-nio-8080-exec-1] o.a.c.c.C.[.[.[/comunity] [DirectJDKLog.java:173] Initializing Spring DispatcherServlet 'dispatcherServlet'
2022-04-21 18:14:07,103 INFO [http-nio-8080-exec-1] o.s.w.s.DispatcherServlet [FrameworkServlet.java:525] Initializing Servlet 'dispatcherServlet'
2022-04-21 18:14:07,104 INFO [http-nio-8080-exec-1] o.s.w.s.DispatcherServlet [FrameworkServlet.java:547] Completed initialization in 1 ms
2022-04-21 18:14:07,126 INFO [http-nio-8080-exec-1] c.z.h.HikariDataSource [HikariDataSource.java:110] HikariPool-1 - Starting...
2022-04-21 18:14:07,219 INFO [http-nio-8080-exec-1] c.z.h.HikariDataSource [HikariDataSource.java:123] HikariPool-1 - Start completed.
2022-04-21 18:24:14,626 INFO [restartedMain] c.z.c.ComunityApplication [StartupInfoLogger.java:55] Starting ComunityApplication using Java 11.0.13 on SK-20220116LREU with PID 9908 (C:\work\workspace\comunity\target\classes started by Administrator in C:\work\workspace\comunity)
2022-04-21 18:24:14,626 INFO [restartedMain] c.z.c.ComunityApplication [SpringApplication.java:640] No active profile set, falling back to 1 default profile: "default"
2022-04-21 18:24:14,673 INFO [restartedMain] o.s.b.d.e.DevToolsPropertyDefaultsPostProcessor [DeferredLog.java:255] Devtools property defaults active! Set 'spring.devtools.add-properties' to 'false' to disable
2022-04-21 18:24:14,673 INFO [restartedMain] o.s.b.d.e.DevToolsPropertyDefaultsPostProcessor [DeferredLog.java:255] For additional web related logging consider setting the 'logging.level.web' property to 'DEBUG'
2022-04-21 18:24:15,286 INFO [restartedMain] o.s.d.r.c.RepositoryConfigurationDelegate [RepositoryConfigurationDelegate.java:262] Multiple Spring Data modules found, entering strict repository configuration mode!
2022-04-21 18:24:15,286 INFO [restartedMain] o.s.d.r.c.RepositoryConfigurationDelegate [RepositoryConfigurationDelegate.java:132] Bootstrapping Spring Data Redis repositories in DEFAULT mode.
2022-04-21 18:24:15,318 INFO [restartedMain] o.s.d.r.c.RepositoryConfigurationDelegate [RepositoryConfigurationDelegate.java:201] Finished Spring Data repository scanning in 7 ms. Found 0 Redis repository interfaces.
2022-04-21 18:24:15,834 INFO [restartedMain] o.s.b.w.e.t.TomcatWebServer [TomcatWebServer.java:108] Tomcat initialized with port(s): 8080 (http)
2022-04-21 18:24:15,850 INFO [restartedMain] o.a.c.h.Http11NioProtocol [DirectJDKLog.java:173] Initializing ProtocolHandler ["http-nio-8080"]
2022-04-21 18:24:15,850 INFO [restartedMain] o.a.c.c.StandardService [DirectJDKLog.java:173] Starting service [Tomcat]
2022-04-21 18:24:15,850 INFO [restartedMain] o.a.c.c.StandardEngine [DirectJDKLog.java:173] Starting Servlet engine: [Apache Tomcat/9.0.60]
2022-04-21 18:24:15,897 INFO [restartedMain] o.a.c.c.C.[.[.[/comunity] [DirectJDKLog.java:173] Initializing Spring embedded WebApplicationContext
2022-04-21 18:24:15,897 INFO [restartedMain] o.s.b.w.s.c.ServletWebServerApplicationContext [ServletWebServerApplicationContext.java:290] Root WebApplicationContext: initialization completed in 1224 ms
2022-04-21 18:24:16,558 INFO [restartedMain] o.s.b.a.w.s.WelcomePageHandlerMapping [WelcomePageHandlerMapping.java:57] Adding welcome page template: index
2022-04-21 18:24:16,834 INFO [restartedMain] o.s.b.d.a.OptionalLiveReloadServer [OptionalLiveReloadServer.java:58] LiveReload server is running on port 35729
2022-04-21 18:24:16,834 INFO [restartedMain] o.a.c.h.Http11NioProtocol [DirectJDKLog.java:173] Starting ProtocolHandler ["http-nio-8080"]
2022-04-21 18:24:16,849 INFO [restartedMain] o.s.b.w.e.t.TomcatWebServer [TomcatWebServer.java:220] Tomcat started on port(s): 8080 (http) with context path '/comunity'
2022-04-21 18:24:16,865 INFO [restartedMain] c.z.c.ComunityApplication [StartupInfoLogger.java:61] Started ComunityApplication in 2.814 seconds (JVM running for 3.781)
2022-04-21 18:24:24,693 INFO [http-nio-8080-exec-1] o.a.c.c.C.[.[.[/comunity] [DirectJDKLog.java:173] Initializing Spring DispatcherServlet 'dispatcherServlet'
2022-04-21 18:24:24,694 INFO [http-nio-8080-exec-1] o.s.w.s.DispatcherServlet [FrameworkServlet.java:525] Initializing Servlet 'dispatcherServlet'
2022-04-21 18:24:24,696 INFO [http-nio-8080-exec-1] o.s.w.s.DispatcherServlet [FrameworkServlet.java:547] Completed initialization in 1 ms
2022-04-21 18:24:24,721 INFO [http-nio-8080-exec-1] c.z.h.HikariDataSource [HikariDataSource.java:110] HikariPool-1 - Starting...
2022-04-21 18:24:24,816 INFO [http-nio-8080-exec-1] c.z.h.HikariDataSource [HikariDataSource.java:123] HikariPool-1 - Start completed.
2022-04-21 18:26:23,714 INFO [restartedMain] c.z.c.ComunityApplication [StartupInfoLogger.java:55] Starting ComunityApplication using Java 11.0.13 on SK-20220116LREU with PID 8556 (C:\work\workspace\comunity\target\classes started by Administrator in C:\work\workspace\comunity)
2022-04-21 18:26:23,714 INFO [restartedMain] c.z.c.ComunityApplication [SpringApplication.java:640] No active profile set, falling back to 1 default profile: "default"
2022-04-21 18:26:23,777 INFO [restartedMain] o.s.b.d.e.DevToolsPropertyDefaultsPostProcessor [DeferredLog.java:255] Devtools property defaults active! Set 'spring.devtools.add-properties' to 'false' to disable
2022-04-21 18:26:23,777 INFO [restartedMain] o.s.b.d.e.DevToolsPropertyDefaultsPostProcessor [DeferredLog.java:255] For additional web related logging consider setting the 'logging.level.web' property to 'DEBUG'
2022-04-21 18:26:24,375 INFO [restartedMain] o.s.d.r.c.RepositoryConfigurationDelegate [RepositoryConfigurationDelegate.java:262] Multiple Spring Data modules found, entering strict repository configuration mode!
2022-04-21 18:26:24,375 INFO [restartedMain] o.s.d.r.c.RepositoryConfigurationDelegate [RepositoryConfigurationDelegate.java:132] Bootstrapping Spring Data Redis repositories in DEFAULT mode.
2022-04-21 18:26:24,390 INFO [restartedMain] o.s.d.r.c.RepositoryConfigurationDelegate [RepositoryConfigurationDelegate.java:201] Finished Spring Data repository scanning in 7 ms. Found 0 Redis repository interfaces.
2022-04-21 18:26:24,907 INFO [restartedMain] o.s.b.w.e.t.TomcatWebServer [TomcatWebServer.java:108] Tomcat initialized with port(s): 8080 (http)
2022-04-21 18:26:24,923 INFO [restartedMain] o.a.c.h.Http11NioProtocol [DirectJDKLog.java:173] Initializing ProtocolHandler ["http-nio-8080"]
2022-04-21 18:26:24,923 INFO [restartedMain] o.a.c.c.StandardService [DirectJDKLog.java:173] Starting service [Tomcat]
2022-04-21 18:26:24,923 INFO [restartedMain] o.a.c.c.StandardEngine [DirectJDKLog.java:173] Starting Servlet engine: [Apache Tomcat/9.0.60]
2022-04-21 18:26:24,970 INFO [restartedMain] o.a.c.c.C.[.[.[/comunity] [DirectJDKLog.java:173] Initializing Spring embedded WebApplicationContext
2022-04-21 18:26:24,970 INFO [restartedMain] o.s.b.w.s.c.ServletWebServerApplicationContext [ServletWebServerApplicationContext.java:290] Root WebApplicationContext: initialization completed in 1193 ms
2022-04-21 18:26:25,632 INFO [restartedMain] o.s.b.a.w.s.WelcomePageHandlerMapping [WelcomePageHandlerMapping.java:57] Adding welcome page template: index
2022-04-21 18:26:25,837 INFO [restartedMain] o.s.b.d.a.OptionalLiveReloadServer [OptionalLiveReloadServer.java:58] LiveReload server is running on port 35729
2022-04-21 18:26:25,853 INFO [restartedMain] o.a.c.h.Http11NioProtocol [DirectJDKLog.java:173] Starting ProtocolHandler ["http-nio-8080"]
2022-04-21 18:26:25,868 INFO [restartedMain] o.s.b.w.e.t.TomcatWebServer [TomcatWebServer.java:220] Tomcat started on port(s): 8080 (http) with context path '/comunity'
2022-04-21 18:26:25,868 INFO [restartedMain] c.z.c.ComunityApplication [StartupInfoLogger.java:61] Started ComunityApplication in 2.745 seconds (JVM running for 3.723)
2022-04-21 18:26:56,805 INFO [http-nio-8080-exec-1] o.a.c.c.C.[.[.[/comunity] [DirectJDKLog.java:173] Initializing Spring DispatcherServlet 'dispatcherServlet'
2022-04-21 18:26:56,807 INFO [http-nio-8080-exec-1] o.s.w.s.DispatcherServlet [FrameworkServlet.java:525] Initializing Servlet 'dispatcherServlet'
2022-04-21 18:26:56,808 INFO [http-nio-8080-exec-1] o.s.w.s.DispatcherServlet [FrameworkServlet.java:547] Completed initialization in 1 ms
2022-04-21 18:26:56,831 INFO [http-nio-8080-exec-1] c.z.h.HikariDataSource [HikariDataSource.java:110] HikariPool-1 - Starting...
2022-04-21 18:26:56,919 INFO [http-nio-8080-exec-1] c.z.h.HikariDataSource [HikariDataSource.java:123] HikariPool-1 - Start completed.
2022-04-21 21:11:03,577 INFO [restartedMain] c.z.c.ComunityApplication [StartupInfoLogger.java:55] Starting ComunityApplication using Java 11.0.13 on SK-20220116LREU with PID 11816 (C:\work\workspace\comunity\target\classes started by Administrator in C:\work\workspace\comunity)
2022-04-21 21:11:03,577 INFO [restartedMain] c.z.c.ComunityApplication [SpringApplication.java:640] No active profile set, falling back to 1 default profile: "default"
2022-04-21 21:11:03,640 INFO [restartedMain] o.s.b.d.e.DevToolsPropertyDefaultsPostProcessor [DeferredLog.java:255] Devtools property defaults active! Set 'spring.devtools.add-properties' to 'false' to disable
2022-04-21 21:11:03,640 INFO [restartedMain] o.s.b.d.e.DevToolsPropertyDefaultsPostProcessor [DeferredLog.java:255] For additional web related logging consider setting the 'logging.level.web' property to 'DEBUG'
2022-04-21 21:11:04,342 INFO [restartedMain] o.s.d.r.c.RepositoryConfigurationDelegate [RepositoryConfigurationDelegate.java:262] Multiple Spring Data modules found, entering strict repository configuration mode!
2022-04-21 21:11:04,348 INFO [restartedMain] o.s.d.r.c.RepositoryConfigurationDelegate [RepositoryConfigurationDelegate.java:132] Bootstrapping Spring Data Redis repositories in DEFAULT mode.
2022-04-21 21:11:04,364 INFO [restartedMain] o.s.d.r.c.RepositoryConfigurationDelegate [RepositoryConfigurationDelegate.java:201] Finished Spring Data repository scanning in 7 ms. Found 0 Redis repository interfaces.
2022-04-21 21:11:04,949 INFO [restartedMain] o.s.b.w.e.t.TomcatWebServer [TomcatWebServer.java:108] Tomcat initialized with port(s): 8080 (http)
2022-04-21 21:11:04,965 INFO [restartedMain] o.a.c.h.Http11NioProtocol [DirectJDKLog.java:173] Initializing ProtocolHandler ["http-nio-8080"]
2022-04-21 21:11:04,965 INFO [restartedMain] o.a.c.c.StandardService [DirectJDKLog.java:173] Starting service [Tomcat]
2022-04-21 21:11:04,965 INFO [restartedMain] o.a.c.c.StandardEngine [DirectJDKLog.java:173] Starting Servlet engine: [Apache Tomcat/9.0.60]
2022-04-21 21:11:05,027 INFO [restartedMain] o.a.c.c.C.[.[.[/comunity] [DirectJDKLog.java:173] Initializing Spring embedded WebApplicationContext
2022-04-21 21:11:05,027 INFO [restartedMain] o.s.b.w.s.c.ServletWebServerApplicationContext [ServletWebServerApplicationContext.java:290] Root WebApplicationContext: initialization completed in 1381 ms
2022-04-21 21:11:05,703 INFO [restartedMain] o.s.b.a.w.s.WelcomePageHandlerMapping [WelcomePageHandlerMapping.java:57] Adding welcome page template: index
2022-04-21 21:11:05,997 INFO [restartedMain] o.s.b.d.a.OptionalLiveReloadServer [OptionalLiveReloadServer.java:58] LiveReload server is running on port 35729
2022-04-21 21:11:06,013 INFO [restartedMain] o.a.c.h.Http11NioProtocol [DirectJDKLog.java:173] Starting ProtocolHandler ["http-nio-8080"]
2022-04-21 21:11:06,029 INFO [restartedMain] o.s.b.w.e.t.TomcatWebServer [TomcatWebServer.java:220] Tomcat started on port(s): 8080 (http) with context path '/comunity'
2022-04-21 21:11:06,029 INFO [restartedMain] c.z.c.ComunityApplication [StartupInfoLogger.java:61] Started ComunityApplication in 3.07 seconds (JVM running for 4.097)
2022-04-21 21:11:40,337 INFO [http-nio-8080-exec-1] o.a.c.c.C.[.[.[/comunity] [DirectJDKLog.java:173] Initializing Spring DispatcherServlet 'dispatcherServlet'
2022-04-21 21:11:40,339 INFO [http-nio-8080-exec-1] o.s.w.s.DispatcherServlet [FrameworkServlet.java:525] Initializing Servlet 'dispatcherServlet'
2022-04-21 21:11:40,340 INFO [http-nio-8080-exec-1] o.s.w.s.DispatcherServlet [FrameworkServlet.java:547] Completed initialization in 1 ms
2022-04-21 21:11:40,362 INFO [http-nio-8080-exec-1] c.z.h.HikariDataSource [HikariDataSource.java:110] HikariPool-1 - Starting...
2022-04-21 21:11:40,450 INFO [http-nio-8080-exec-1] c.z.h.HikariDataSource [HikariDataSource.java:123] HikariPool-1 - Start completed.
2022-04-21 21:57:20,567 INFO [restartedMain] c.z.c.ComunityApplication [StartupInfoLogger.java:55] Starting ComunityApplication using Java 11.0.13 on SK-20220116LREU with PID 10436 (C:\work\workspace\comunity\target\classes started by Administrator in C:\work\workspace\comunity)
2022-04-21 21:57:20,569 INFO [restartedMain] c.z.c.ComunityApplication [SpringApplication.java:640] No active profile set, falling back to 1 default profile: "default"
2022-04-21 21:57:20,636 INFO [restartedMain] o.s.b.d.e.DevToolsPropertyDefaultsPostProcessor [DeferredLog.java:255] Devtools property defaults active! Set 'spring.devtools.add-properties' to 'false' to disable
2022-04-21 21:57:20,636 INFO [restartedMain] o.s.b.d.e.DevToolsPropertyDefaultsPostProcessor [DeferredLog.java:255] For additional web related logging consider setting the 'logging.level.web' property to 'DEBUG'
2022-04-21 21:57:21,276 INFO [restartedMain] o.s.d.r.c.RepositoryConfigurationDelegate [RepositoryConfigurationDelegate.java:262] Multiple Spring Data modules found, entering strict repository configuration mode!
2022-04-21 21:57:21,276 INFO [restartedMain] o.s.d.r.c.RepositoryConfigurationDelegate [RepositoryConfigurationDelegate.java:132] Bootstrapping Spring Data Redis repositories in DEFAULT mode.
2022-04-21 21:57:21,292 INFO [restartedMain] o.s.d.r.c.RepositoryConfigurationDelegate [RepositoryConfigurationDelegate.java:201] Finished Spring Data repository scanning in 7 ms. Found 0 Redis repository interfaces.
2022-04-21 21:57:21,842 INFO [restartedMain] o.s.b.w.e.t.TomcatWebServer [TomcatWebServer.java:108] Tomcat initialized with port(s): 8080 (http)
2022-04-21 21:57:21,842 INFO [restartedMain] o.a.c.h.Http11NioProtocol [DirectJDKLog.java:173] Initializing ProtocolHandler ["http-nio-8080"]
2022-04-21 21:57:21,842 INFO [restartedMain] o.a.c.c.StandardService [DirectJDKLog.java:173] Starting service [Tomcat]
2022-04-21 21:57:21,842 INFO [restartedMain] o.a.c.c.StandardEngine [DirectJDKLog.java:173] Starting Servlet engine: [Apache Tomcat/9.0.60]
2022-04-21 21:57:21,893 INFO [restartedMain] o.a.c.c.C.[.[.[/comunity] [DirectJDKLog.java:173] Initializing Spring embedded WebApplicationContext
2022-04-21 21:57:21,893 INFO [restartedMain] o.s.b.w.s.c.ServletWebServerApplicationContext [ServletWebServerApplicationContext.java:290] Root WebApplicationContext: initialization completed in 1256 ms
2022-04-21 21:57:22,603 INFO [restartedMain] o.s.b.a.w.s.WelcomePageHandlerMapping [WelcomePageHandlerMapping.java:57] Adding welcome page template: index
2022-04-21 21:57:22,833 INFO [restartedMain] o.s.b.d.a.OptionalLiveReloadServer [OptionalLiveReloadServer.java:58] LiveReload server is running on port 35729
2022-04-21 21:57:22,842 INFO [restartedMain] o.a.c.h.Http11NioProtocol [DirectJDKLog.java:173] Starting ProtocolHandler ["http-nio-8080"]
2022-04-21 21:57:22,861 INFO [restartedMain] o.s.b.w.e.t.TomcatWebServer [TomcatWebServer.java:220] Tomcat started on port(s): 8080 (http) with context path '/comunity'
2022-04-21 21:57:22,872 INFO [restartedMain] c.z.c.ComunityApplication [StartupInfoLogger.java:61] Started ComunityApplication in 3.024 seconds (JVM running for 4.123)
2022-04-21 21:58:13,437 INFO [http-nio-8080-exec-1] o.a.c.c.C.[.[.[/comunity] [DirectJDKLog.java:173] Initializing Spring DispatcherServlet 'dispatcherServlet'
2022-04-21 21:58:13,437 INFO [http-nio-8080-exec-1] o.s.w.s.DispatcherServlet [FrameworkServlet.java:525] Initializing Servlet 'dispatcherServlet'
2022-04-21 21:58:13,437 INFO [http-nio-8080-exec-1] o.s.w.s.DispatcherServlet [FrameworkServlet.java:547] Completed initialization in 0 ms
2022-04-21 21:58:13,462 INFO [http-nio-8080-exec-1] c.z.h.HikariDataSource [HikariDataSource.java:110] HikariPool-1 - Starting...
2022-04-21 21:58:13,542 INFO [http-nio-8080-exec-1] c.z.h.HikariDataSource [HikariDataSource.java:123] HikariPool-1 - Start completed.
2022-04-21 22:08:27,431 INFO [restartedMain] c.z.c.ComunityApplication [StartupInfoLogger.java:55] Starting ComunityApplication using Java 11.0.13 on SK-20220116LREU with PID 11220 (C:\work\workspace\comunity\target\classes started by Administrator in C:\work\workspace\comunity)
2022-04-21 22:08:27,431 INFO [restartedMain] c.z.c.ComunityApplication [SpringApplication.java:640] No active profile set, falling back to 1 default profile: "default"
2022-04-21 22:08:27,478 INFO [restartedMain] o.s.b.d.e.DevToolsPropertyDefaultsPostProcessor [DeferredLog.java:255] Devtools property defaults active! Set 'spring.devtools.add-properties' to 'false' to disable
2022-04-21 22:08:27,478 INFO [restartedMain] o.s.b.d.e.DevToolsPropertyDefaultsPostProcessor [DeferredLog.java:255] For additional web related logging consider setting the 'logging.level.web' property to 'DEBUG'
2022-04-21 22:08:28,117 INFO [restartedMain] o.s.d.r.c.RepositoryConfigurationDelegate [RepositoryConfigurationDelegate.java:262] Multiple Spring Data modules found, entering strict repository configuration mode!
2022-04-21 22:08:28,117 INFO [restartedMain] o.s.d.r.c.RepositoryConfigurationDelegate [RepositoryConfigurationDelegate.java:132] Bootstrapping Spring Data Redis repositories in DEFAULT mode.
2022-04-21 22:08:28,133 INFO [restartedMain] o.s.d.r.c.RepositoryConfigurationDelegate [RepositoryConfigurationDelegate.java:201] Finished Spring Data repository scanning in 8 ms. Found 0 Redis repository interfaces.
2022-04-21 22:08:28,803 INFO [restartedMain] o.s.b.w.e.t.TomcatWebServer [TomcatWebServer.java:108] Tomcat initialized with port(s): 8080 (http)
2022-04-21 22:08:28,803 INFO [restartedMain] o.a.c.h.Http11NioProtocol [DirectJDKLog.java:173] Initializing ProtocolHandler ["http-nio-8080"]
2022-04-21 22:08:28,803 INFO [restartedMain] o.a.c.c.StandardService [DirectJDKLog.java:173] Starting service [Tomcat]
2022-04-21 22:08:28,803 INFO [restartedMain] o.a.c.c.StandardEngine [DirectJDKLog.java:173] Starting Servlet engine: [Apache Tomcat/9.0.60]
2022-04-21 22:08:28,866 INFO [restartedMain] o.a.c.c.C.[.[.[/comunity] [DirectJDKLog.java:173] Initializing Spring embedded WebApplicationContext
2022-04-21 22:08:28,866 INFO [restartedMain] o.s.b.w.s.c.ServletWebServerApplicationContext [ServletWebServerApplicationContext.java:290] Root WebApplicationContext: initialization completed in 1388 ms
2022-04-21 22:08:29,767 INFO [restartedMain] o.s.b.a.w.s.WelcomePageHandlerMapping [WelcomePageHandlerMapping.java:57] Adding welcome page template: index
2022-04-21 22:08:30,022 INFO [restartedMain] o.s.b.d.a.OptionalLiveReloadServer [OptionalLiveReloadServer.java:58] LiveReload server is running on port 35729
2022-04-21 22:08:30,054 INFO [restartedMain] o.a.c.h.Http11NioProtocol [DirectJDKLog.java:173] Starting ProtocolHandler ["http-nio-8080"]
2022-04-21 22:08:30,069 INFO [restartedMain] o.s.b.w.e.t.TomcatWebServer [TomcatWebServer.java:220] Tomcat started on port(s): 8080 (http) with context path '/comunity'
2022-04-21 22:08:30,085 INFO [restartedMain] c.z.c.ComunityApplication [StartupInfoLogger.java:61] Started ComunityApplication in 3.079 seconds (JVM running for 5.023)
2022-04-21 22:08:34,457 INFO [http-nio-8080-exec-1] o.a.c.c.C.[.[.[/comunity] [DirectJDKLog.java:173] Initializing Spring DispatcherServlet 'dispatcherServlet'
2022-04-21 22:08:34,459 INFO [http-nio-8080-exec-1] o.s.w.s.DispatcherServlet [FrameworkServlet.java:525] Initializing Servlet 'dispatcherServlet'
2022-04-21 22:08:34,460 INFO [http-nio-8080-exec-1] o.s.w.s.DispatcherServlet [FrameworkServlet.java:547] Completed initialization in 1 ms
2022-04-21 22:08:34,491 INFO [http-nio-8080-exec-1] c.z.h.HikariDataSource [HikariDataSource.java:110] HikariPool-1 - Starting...
2022-04-21 22:08:34,617 INFO [http-nio-8080-exec-1] c.z.h.HikariDataSource [HikariDataSource.java:123] HikariPool-1 - Start completed.
2022-04-21 22:09:24,028 INFO [SpringApplicationShutdownHook] c.z.h.HikariDataSource [HikariDataSource.java:350] HikariPool-1 - Shutdown initiated...
2022-04-21 22:09:24,038 INFO [SpringApplicationShutdownHook] c.z.h.HikariDataSource [HikariDataSource.java:352] HikariPool-1 - Shutdown completed.
2022-04-21 22:09:27,776 INFO [restartedMain] c.z.c.ComunityApplication [StartupInfoLogger.java:55] Starting ComunityApplication using Java 11.0.13 on SK-20220116LREU with PID 8804 (C:\work\workspace\comunity\target\classes started by Administrator in C:\work\workspace\comunity)
2022-04-21 22:09:27,776 INFO [restartedMain] c.z.c.ComunityApplication [SpringApplication.java:640] No active profile set, falling back to 1 default profile: "default"
2022-04-21 22:09:27,838 INFO [restartedMain] o.s.b.d.e.DevToolsPropertyDefaultsPostProcessor [DeferredLog.java:255] Devtools property defaults active! Set 'spring.devtools.add-properties' to 'false' to disable
2022-04-21 22:09:27,838 INFO [restartedMain] o.s.b.d.e.DevToolsPropertyDefaultsPostProcessor [DeferredLog.java:255] For additional web related logging consider setting the 'logging.level.web' property to 'DEBUG'
2022-04-21 22:09:28,456 INFO [restartedMain] o.s.d.r.c.RepositoryConfigurationDelegate [RepositoryConfigurationDelegate.java:262] Multiple Spring Data modules found, entering strict repository configuration mode!
2022-04-21 22:09:28,458 INFO [restartedMain] o.s.d.r.c.RepositoryConfigurationDelegate [RepositoryConfigurationDelegate.java:132] Bootstrapping Spring Data Redis repositories in DEFAULT mode.
2022-04-21 22:09:28,476 INFO [restartedMain] o.s.d.r.c.RepositoryConfigurationDelegate [RepositoryConfigurationDelegate.java:201] Finished Spring Data repository scanning in 7 ms. Found 0 Redis repository interfaces.
2022-04-21 22:09:29,001 INFO [restartedMain] o.s.b.w.e.t.TomcatWebServer [TomcatWebServer.java:108] Tomcat initialized with port(s): 8080 (http)
2022-04-21 22:09:29,001 INFO [restartedMain] o.a.c.h.Http11NioProtocol [DirectJDKLog.java:173] Initializing ProtocolHandler ["http-nio-8080"]
2022-04-21 22:09:29,001 INFO [restartedMain] o.a.c.c.StandardService [DirectJDKLog.java:173] Starting service [Tomcat]
2022-04-21 22:09:29,001 INFO [restartedMain] o.a.c.c.StandardEngine [DirectJDKLog.java:173] Starting Servlet engine: [Apache Tomcat/9.0.60]
2022-04-21 22:09:29,063 INFO [restartedMain] o.a.c.c.C.[.[.[/comunity] [DirectJDKLog.java:173] Initializing Spring embedded WebApplicationContext
2022-04-21 22:09:29,063 INFO [restartedMain] o.s.b.w.s.c.ServletWebServerApplicationContext [ServletWebServerApplicationContext.java:290] Root WebApplicationContext: initialization completed in 1225 ms
2022-04-21 22:09:29,818 INFO [restartedMain] o.s.b.a.w.s.WelcomePageHandlerMapping [WelcomePageHandlerMapping.java:57] Adding welcome page template: index
2022-04-21 22:09:30,072 INFO [restartedMain] o.s.b.d.a.OptionalLiveReloadServer [OptionalLiveReloadServer.java:58] LiveReload server is running on port 35729
2022-04-21 22:09:30,091 INFO [restartedMain] o.a.c.h.Http11NioProtocol [DirectJDKLog.java:173] Starting ProtocolHandler ["http-nio-8080"]
2022-04-21 22:09:30,105 INFO [restartedMain] o.s.b.w.e.t.TomcatWebServer [TomcatWebServer.java:220] Tomcat started on port(s): 8080 (http) with context path '/comunity'
2022-04-21 22:09:30,114 INFO [restartedMain] c.z.c.ComunityApplication [StartupInfoLogger.java:61] Started ComunityApplication in 2.882 seconds (JVM running for 3.967)
2022-04-21 22:09:31,984 INFO [http-nio-8080-exec-1] o.a.c.c.C.[.[.[/comunity] [DirectJDKLog.java:173] Initializing Spring DispatcherServlet 'dispatcherServlet'
2022-04-21 22:09:31,986 INFO [http-nio-8080-exec-1] o.s.w.s.DispatcherServlet [FrameworkServlet.java:525] Initializing Servlet 'dispatcherServlet'
2022-04-21 22:09:31,987 INFO [http-nio-8080-exec-1] o.s.w.s.DispatcherServlet [FrameworkServlet.java:547] Completed initialization in 1 ms
2022-04-21 22:09:32,010 INFO [http-nio-8080-exec-1] c.z.h.HikariDataSource [HikariDataSource.java:110] HikariPool-1 - Starting...
2022-04-21 22:09:32,108 INFO [http-nio-8080-exec-1] c.z.h.HikariDataSource [HikariDataSource.java:123] HikariPool-1 - Start completed.
2022-04-21 22:18:01,576 INFO [restartedMain] c.z.c.ComunityApplication [StartupInfoLogger.java:55] Starting ComunityApplication using Java 11.0.13 on SK-20220116LREU with PID 10900 (C:\work\workspace\comunity\target\classes started by Administrator in C:\work\workspace\comunity)
2022-04-21 22:18:01,576 INFO [restartedMain] c.z.c.ComunityApplication [SpringApplication.java:640] No active profile set, falling back to 1 default profile: "default"
2022-04-21 22:18:01,661 INFO [restartedMain] o.s.b.d.e.DevToolsPropertyDefaultsPostProcessor [DeferredLog.java:255] Devtools property defaults active! Set 'spring.devtools.add-properties' to 'false' to disable
2022-04-21 22:18:01,661 INFO [restartedMain] o.s.b.d.e.DevToolsPropertyDefaultsPostProcessor [DeferredLog.java:255] For additional web related logging consider setting the 'logging.level.web' property to 'DEBUG'
2022-04-21 22:18:02,632 INFO [restartedMain] o.s.d.r.c.RepositoryConfigurationDelegate [RepositoryConfigurationDelegate.java:262] Multiple Spring Data modules found, entering strict repository configuration mode!
2022-04-21 22:18:02,632 INFO [restartedMain] o.s.d.r.c.RepositoryConfigurationDelegate [RepositoryConfigurationDelegate.java:132] Bootstrapping Spring Data Redis repositories in DEFAULT mode.
2022-04-21 22:18:02,647 INFO [restartedMain] o.s.d.r.c.RepositoryConfigurationDelegate [RepositoryConfigurationDelegate.java:201] Finished Spring Data repository scanning in 8 ms. Found 0 Redis repository interfaces.
2022-04-21 22:18:03,312 INFO [restartedMain] o.s.b.w.e.t.TomcatWebServer [TomcatWebServer.java:108] Tomcat initialized with port(s): 8080 (http)
2022-04-21 22:18:03,327 INFO [restartedMain] o.a.c.h.Http11NioProtocol [DirectJDKLog.java:173] Initializing ProtocolHandler ["http-nio-8080"]
2022-04-21 22:18:03,327 INFO [restartedMain] o.a.c.c.StandardService [DirectJDKLog.java:173] Starting service [Tomcat]
2022-04-21 22:18:03,327 INFO [restartedMain] o.a.c.c.StandardEngine [DirectJDKLog.java:173] Starting Servlet engine: [Apache Tomcat/9.0.60]
2022-04-21 22:18:03,381 INFO [restartedMain] o.a.c.c.C.[.[.[/comunity] [DirectJDKLog.java:173] Initializing Spring embedded WebApplicationContext
2022-04-21 22:18:03,381 INFO [restartedMain] o.s.b.w.s.c.ServletWebServerApplicationContext [ServletWebServerApplicationContext.java:290] Root WebApplicationContext: initialization completed in 1720 ms
2022-04-21 22:18:04,098 INFO [restartedMain] o.s.b.a.w.s.WelcomePageHandlerMapping [WelcomePageHandlerMapping.java:57] Adding welcome page template: index
2022-04-21 22:18:04,367 INFO [restartedMain] o.s.b.d.a.OptionalLiveReloadServer [OptionalLiveReloadServer.java:58] LiveReload server is running on port 35729
2022-04-21 22:18:04,383 INFO [restartedMain] o.a.c.h.Http11NioProtocol [DirectJDKLog.java:173] Starting ProtocolHandler ["http-nio-8080"]
2022-04-21 22:18:04,399 INFO [restartedMain] o.s.b.w.e.t.TomcatWebServer [TomcatWebServer.java:220] Tomcat started on port(s): 8080 (http) with context path '/comunity'
2022-04-21 22:18:04,399 INFO [restartedMain] c.z.c.ComunityApplication [StartupInfoLogger.java:61] Started ComunityApplication in 3.498 seconds (JVM running for 4.566)
2022-04-21 22:18:18,315 INFO [http-nio-8080-exec-1] o.a.c.c.C.[.[.[/comunity] [DirectJDKLog.java:173] Initializing Spring DispatcherServlet 'dispatcherServlet'
2022-04-21 22:18:18,315 INFO [http-nio-8080-exec-1] o.s.w.s.DispatcherServlet [FrameworkServlet.java:525] Initializing Servlet 'dispatcherServlet'
2022-04-21 22:18:18,315 INFO [http-nio-8080-exec-1] o.s.w.s.DispatcherServlet [FrameworkServlet.java:547] Completed initialization in 0 ms
2022-04-21 22:18:18,368 INFO [http-nio-8080-exec-1] c.z.h.HikariDataSource [HikariDataSource.java:110] HikariPool-1 - Starting...
2022-04-21 22:18:18,462 INFO [http-nio-8080-exec-1] c.z.h.HikariDataSource [HikariDataSource.java:123] HikariPool-1 - Start completed.
